#
# A fatal error has been detected by the Java Runtime Environment:
#
#  SIGSEGV (0xb) at pc=0x000000011835d12f, pid=40966, tid=0x0000000000012013
#
# JRE version: Java(TM) SE Runtime Environment (8.0_151-b12) (build 1.8.0_151-b12)
# Java VM: Java HotSpot(TM) 64-Bit Server VM (25.151-b12 mixed mode bsd-amd64 compressed oops)
# Problematic frame:
# C  [librxtxSerial.jnilib+0x312f]  Java_gnu_io_RXTXPort_interruptEventLoop+0x6b
#
# Failed to write core dump. Core dumps have been disabled. To enable core dumping, try "ulimit -c unlimited" before starting Java again
#
# If you would like to submit a bug report, please visit:
#   http://bugreport.java.com/bugreport/crash.jsp
# The crash happened outside the Java Virtual Machine in native code.
# See problematic frame for where to report the bug.
#

---------------  T H R E A D  ---------------

Current thread (0x00007f8fce1e3800):  JavaThread "AWT-EventQueue-0" [_thread_in_native, id=73747, stack(0x00007000033c1000,0x00007000034c1000)]

siginfo: si_signo: 11 (SIGSEGV), si_code: 1 (SEGV_MAPERR), si_addr: 0x00007000035c3888

Registers:
RAX=0x0000000000000000, RBX=0x00007000035c3720, RCX=0x00007000034c10ac, RDX=0xffffffffffffffff
RSP=0x00007000034be990, RBP=0x00007000034be9a0, RSI=0x0000000000000000, RDI=0x000000000000003c
R8 =0x0000000000000000, R9 =0x0000000002faf080, R10=0x0000000000000001, R11=0x0000000000000247
R12=0x000000000000000d, R13=0x000000011165b768, R14=0x00007000034bea18, R15=0x00007f8fce1e3800
RIP=0x000000011835d12f, EFLAGS=0x0000000000010202, ERR=0x0000000000000004
  TRAPNO=0x000000000000000e

Top of Stack: (sp=0x00007000034be990)
0x00007000034be990:   000000011165b768 0000000000000000
0x00007000034be9a0:   00007000034be9f8 00000001186129f4
0x00007000034be9b0:   0000000118612742 00007000034be9b8
0x00007000034be9c0:   000000011165b768 00007000034bea18
0x00007000034be9d0:   0000000111667230 0000000000000000
0x00007000034be9e0:   000000011165b768 0000000000000000
0x00007000034be9f0:   00007000034bea18 00007000034bea60
0x00007000034bea00:   00000001186032bd 0000000000000000
0x00007000034bea10:   000000011860c538 0000000795ce58f8
0x00007000034bea20:   00007000034bea20 000000011165bc0f
0x00007000034bea30:   00007000034bea78 0000000111667230
0x00007000034bea40:   0000000000000000 000000011165bc78
0x00007000034bea50:   00007000034bea18 00007000034bea78
0x00007000034bea60:   00007000034bead0 00000001186032bd
0x00007000034bea70:   0000000000000000 0000000795ce58f8
0x00007000034bea80:   0000000000000001 0000000795c6d750
0x00007000034bea90:   00007000034bea80 0000000111611283
0x00007000034beaa0:   00007000034beae8 0000000111651428
0x00007000034beab0:   0000000000000000 00000001116112e8
0x00007000034beac0:   00007000034bea78 00007000034beae8
0x00007000034bead0:   00007000034beb30 00000001186032bd
0x00007000034beae0:   0000000000000000 0000000795c6d750
0x00007000034beaf0:   00007000034beaf0 000000011141441a
0x00007000034beb00:   00007000034beb48 0000000111414808
0x00007000034beb10:   0000000000000000 0000000111414450
0x00007000034beb20:   00007000034beae8 00007000034beb40
0x00007000034beb30:   00007000034beb90 00000001186032bd
0x00007000034beb40:   0000000795cf0c58 00000007955f81e8
0x00007000034beb50:   00007000034beb50 000000011149d745
0x00007000034beb60:   00007000034beba8 000000011149d828
0x00007000034beb70:   0000000000000000 000000011149d758
0x00007000034beb80:   00007000034beb40 00007000034beba0 

Instructions: (pc=0x000000011835d12f)
0x000000011835d10f:   00 01 00 00 00 48 8b bb 78 01 00 00 be 06 00 00
0x000000011835d11f:   00 e8 4d 27 00 00 bf 50 c3 00 00 e8 c7 27 00 00
0x000000011835d12f:   83 bb 68 01 00 00 01 74 16 48 8b bb 78 01 00 00
0x000000011835d13f:   e8 16 27 00 00 c7 83 68 01 00 00 01 00 00 00 5b 

Register to memory mapping:

RAX=0x0000000000000000 is an unknown value
RBX=0x00007000035c3720 is an unknown value
RCX=0x00007000034c10ac is an unknown value
RDX=0xffffffffffffffff is an unknown value
RSP=0x00007000034be990 is pointing into the stack for thread: 0x00007f8fce1e3800
RBP=0x00007000034be9a0 is pointing into the stack for thread: 0x00007f8fce1e3800
RSI=0x0000000000000000 is an unknown value
RDI=0x000000000000003c is an unknown value
R8 =0x0000000000000000 is an unknown value
R9 =0x0000000002faf080 is an unknown value
R10=0x0000000000000001 is an unknown value
R11=0x0000000000000247 is an unknown value
R12=0x000000000000000d is an unknown value
R13={method} {0x000000011165b768} 'interruptEventLoop' '()V' in 'gnu/io/RXTXPort'
R14=0x00007000034bea18 is pointing into the stack for thread: 0x00007f8fce1e3800
R15=0x00007f8fce1e3800 is a thread


Stack: [0x00007000033c1000,0x00007000034c1000],  sp=0x00007000034be990,  free space=1014k
Native frames: (J=compiled Java code, j=interpreted, Vv=VM code, C=native code)
C  [librxtxSerial.jnilib+0x312f]  Java_gnu_io_RXTXPort_interruptEventLoop+0x6b
j  gnu.io.RXTXPort.interruptEventLoop()V+0
j  gnu.io.RXTXPort.removeEventListener()V+55
j  com.ngu_software.ca.controller.ArduinoResolver.close()V+11
j  com.ngu_software.ca.ui.CAMenu.lambda$0(Ljava/awt/event/ActionEvent;)V+114
j  com.ngu_software.ca.ui.CAMenu$$Lambda$4.actionPerformed(Ljava/awt/event/ActionEvent;)V+5
j  java.awt.MenuItem.processActionEvent(Ljava/awt/event/ActionEvent;)V+11
j  java.awt.MenuItem.processEvent(Ljava/awt/AWTEvent;)V+12
j  java.awt.MenuComponent.dispatchEventImpl(Ljava/awt/AWTEvent;)V+58
j  java.awt.MenuComponent.dispatchEvent(Ljava/awt/AWTEvent;)V+2
j  java.awt.EventQueue.dispatchEventImpl(Ljava/awt/AWTEvent;Ljava/lang/Object;)V+63
j  java.awt.EventQueue.access$500(Ljava/awt/EventQueue;Ljava/awt/AWTEvent;Ljava/lang/Object;)V+3
j  java.awt.EventQueue$3.run()Ljava/lang/Void;+32
j  java.awt.EventQueue$3.run()Ljava/lang/Object;+1
v  ~StubRoutines::call_stub
V  [libjvm.dylib+0x2ee9aa]  JavaCalls::call_helper(JavaValue*, methodHandle*, JavaCallArguments*, Thread*)+0x6ae
V  [libjvm.dylib+0x34f108]  JVM_DoPrivileged+0x4b8
J 229  java.security.AccessController.doPrivileged(Ljava/security/PrivilegedAction;Ljava/security/AccessControlContext;)Ljava/lang/Object; (0 bytes) @ 0x0000000118774ad5 [0x0000000118774a00+0xd5]
j  java.security.ProtectionDomain$JavaSecurityAccessImpl.doIntersectionPrivilege(Ljava/security/PrivilegedAction;Ljava/security/AccessControlContext;Ljava/security/AccessControlContext;)Ljava/lang/Object;+18
j  java.security.ProtectionDomain$JavaSecurityAccessImpl.doIntersectionPrivilege(Ljava/security/PrivilegedAction;Ljava/security/AccessControlContext;)Ljava/lang/Object;+6
j  java.awt.EventQueue$4.run()Ljava/lang/Void;+11
j  java.awt.EventQueue$4.run()Ljava/lang/Object;+1
v  ~StubRoutines::call_stub
V  [libjvm.dylib+0x2ee9aa]  JavaCalls::call_helper(JavaValue*, methodHandle*, JavaCallArguments*, Thread*)+0x6ae
V  [libjvm.dylib+0x34f108]  JVM_DoPrivileged+0x4b8
J 229  java.security.AccessController.doPrivileged(Ljava/security/PrivilegedAction;Ljava/security/AccessControlContext;)Ljava/lang/Object; (0 bytes) @ 0x0000000118774ad5 [0x0000000118774a00+0xd5]
j  java.security.ProtectionDomain$JavaSecurityAccessImpl.doIntersectionPrivilege(Ljava/security/PrivilegedAction;Ljava/security/AccessControlContext;Ljava/security/AccessControlContext;)Ljava/lang/Object;+18
j  java.awt.EventQueue.dispatchEvent(Ljava/awt/AWTEvent;)V+73
j  java.awt.EventDispatchThread.pumpOneEventForFilters(I)V+245
j  java.awt.EventDispatchThread.pumpEventsForFilter(ILjava/awt/Conditional;Ljava/awt/EventFilter;)V+35
j  java.awt.EventDispatchThread.pumpEventsForHierarchy(ILjava/awt/Conditional;Ljava/awt/Component;)V+11
j  java.awt.EventDispatchThread.pumpEvents(ILjava/awt/Conditional;)V+4
j  java.awt.EventDispatchThread.pumpEvents(Ljava/awt/Conditional;)V+3
j  java.awt.EventDispatchThread.run()V+9
v  ~StubRoutines::call_stub
V  [libjvm.dylib+0x2ee9aa]  JavaCalls::call_helper(JavaValue*, methodHandle*, JavaCallArguments*, Thread*)+0x6ae
V  [libjvm.dylib+0x2ef14e]  JavaCalls::call_virtual(JavaValue*, KlassHandle, Symbol*, Symbol*, JavaCallArguments*, Thread*)+0x164
V  [libjvm.dylib+0x2ef2fa]  JavaCalls::call_virtual(JavaValue*, Handle, KlassHandle, Symbol*, Symbol*, Thread*)+0x4a
V  [libjvm.dylib+0x349a51]  thread_entry(JavaThread*, Thread*)+0x7c
V  [libjvm.dylib+0x56c173]  JavaThread::thread_main_inner()+0x9b
V  [libjvm.dylib+0x56d860]  JavaThread::run()+0x1c2
V  [libjvm.dylib+0x48bbb2]  java_start(Thread*)+0xf6
C  [libsystem_pthread.dylib+0x32eb]  _pthread_body+0x7e
C  [libsystem_pthread.dylib+0x6249]  _pthread_start+0x42
C  [libsystem_pthread.dylib+0x240d]  thread_start+0xd
C  0x0000000000000000

Java frames: (J=compiled Java code, j=interpreted, Vv=VM code)
j  gnu.io.RXTXPort.interruptEventLoop()V+0
j  gnu.io.RXTXPort.removeEventListener()V+55
j  com.ngu_software.ca.controller.ArduinoResolver.close()V+11
j  com.ngu_software.ca.ui.CAMenu.lambda$0(Ljava/awt/event/ActionEvent;)V+114
j  com.ngu_software.ca.ui.CAMenu$$Lambda$4.actionPerformed(Ljava/awt/event/ActionEvent;)V+5
j  java.awt.MenuItem.processActionEvent(Ljava/awt/event/ActionEvent;)V+11
j  java.awt.MenuItem.processEvent(Ljava/awt/AWTEvent;)V+12
j  java.awt.MenuComponent.dispatchEventImpl(Ljava/awt/AWTEvent;)V+58
j  java.awt.MenuComponent.dispatchEvent(Ljava/awt/AWTEvent;)V+2
j  java.awt.EventQueue.dispatchEventImpl(Ljava/awt/AWTEvent;Ljava/lang/Object;)V+63
j  java.awt.EventQueue.access$500(Ljava/awt/EventQueue;Ljava/awt/AWTEvent;Ljava/lang/Object;)V+3
j  java.awt.EventQueue$3.run()Ljava/lang/Void;+32
j  java.awt.EventQueue$3.run()Ljava/lang/Object;+1
v  ~StubRoutines::call_stub
J 229  java.security.AccessController.doPrivileged(Ljava/security/PrivilegedAction;Ljava/security/AccessControlContext;)Ljava/lang/Object; (0 bytes) @ 0x0000000118774a63 [0x0000000118774a00+0x63]
j  java.security.ProtectionDomain$JavaSecurityAccessImpl.doIntersectionPrivilege(Ljava/security/PrivilegedAction;Ljava/security/AccessControlContext;Ljava/security/AccessControlContext;)Ljava/lang/Object;+18
j  java.security.ProtectionDomain$JavaSecurityAccessImpl.doIntersectionPrivilege(Ljava/security/PrivilegedAction;Ljava/security/AccessControlContext;)Ljava/lang/Object;+6
j  java.awt.EventQueue$4.run()Ljava/lang/Void;+11
j  java.awt.EventQueue$4.run()Ljava/lang/Object;+1
v  ~StubRoutines::call_stub
J 229  java.security.AccessController.doPrivileged(Ljava/security/PrivilegedAction;Ljava/security/AccessControlContext;)Ljava/lang/Object; (0 bytes) @ 0x0000000118774a63 [0x0000000118774a00+0x63]
j  java.security.ProtectionDomain$JavaSecurityAccessImpl.doIntersectionPrivilege(Ljava/security/PrivilegedAction;Ljava/security/AccessControlContext;Ljava/security/AccessControlContext;)Ljava/lang/Object;+18
j  java.awt.EventQueue.dispatchEvent(Ljava/awt/AWTEvent;)V+73
j  java.awt.EventDispatchThread.pumpOneEventForFilters(I)V+245
j  java.awt.EventDispatchThread.pumpEventsForFilter(ILjava/awt/Conditional;Ljava/awt/EventFilter;)V+35
j  java.awt.EventDispatchThread.pumpEventsForHierarchy(ILjava/awt/Conditional;Ljava/awt/Component;)V+11
j  java.awt.EventDispatchThread.pumpEvents(ILjava/awt/Conditional;)V+4
j  java.awt.EventDispatchThread.pumpEvents(Ljava/awt/Conditional;)V+3
j  java.awt.EventDispatchThread.run()V+9
v  ~StubRoutines::call_stub

---------------  P R O C E S S  ---------------

Java Threads: ( => current thread )
=>0x00007f8fce1e3800 JavaThread "AWT-EventQueue-0" [_thread_in_native, id=73747, stack(0x00007000033c1000,0x00007000034c1000)]
  0x00007f8fce8cf800 JavaThread "DestroyJavaVM" [_thread_blocked, id=9987, stack(0x0000700001d73000,0x0000700001e73000)]
  0x00007f8fce8c3800 JavaThread "Java2D Disposer" daemon [_thread_blocked, id=49943, stack(0x00007000032be000,0x00007000033be000)]
  0x00007f8fce184000 JavaThread "Java2D Queue Flusher" daemon [_thread_blocked, id=78351, stack(0x00007000031bb000,0x00007000032bb000)]
  0x00007f8fce0de000 JavaThread "AWT-Shutdown" [_thread_blocked, id=25643, stack(0x0000700002c20000,0x0000700002d20000)]
  0x00007f8fce0db800 JavaThread "AppKit Thread" daemon [_thread_in_native, id=775, stack(0x00007ffee4bd1000,0x00007ffee53d1000)]
  0x00007f8fcd801000 JavaThread "Service Thread" daemon [_thread_blocked, id=14851, stack(0x0000700002997000,0x0000700002a97000)]
  0x00007f8fce056000 JavaThread "C1 CompilerThread2" daemon [_thread_blocked, id=18691, stack(0x0000700002894000,0x0000700002994000)]
  0x00007f8fce055800 JavaThread "C2 CompilerThread1" daemon [_thread_blocked, id=19203, stack(0x0000700002791000,0x0000700002891000)]
  0x00007f8fce054000 JavaThread "C2 CompilerThread0" daemon [_thread_blocked, id=14595, stack(0x000070000268e000,0x000070000278e000)]
  0x00007f8fce045000 JavaThread "Signal Dispatcher" daemon [_thread_blocked, id=19715, stack(0x000070000258b000,0x000070000268b000)]
  0x00007f8fce034000 JavaThread "Finalizer" daemon [_thread_blocked, id=12291, stack(0x0000700002488000,0x0000700002588000)]
  0x00007f8fcd001800 JavaThread "Reference Handler" daemon [_thread_blocked, id=11779, stack(0x0000700002385000,0x0000700002485000)]

Other Threads:
  0x00007f8fce02f800 VMThread [stack: 0x0000700002282000,0x0000700002382000] [id=20995]
  0x00007f8fce813000 WatcherThread [stack: 0x0000700002a9a000,0x0000700002b9a000] [id=17923]

VM state:not at safepoint (normal execution)

VM Mutex/Monitor currently owned by a thread: None

Heap:
 PSYoungGen      total 38400K, used 8289K [0x0000000795580000, 0x0000000798000000, 0x00000007c0000000)
  eden space 33280K, 24% used [0x0000000795580000,0x0000000795d98518,0x0000000797600000)
  from space 5120K, 0% used [0x0000000797b00000,0x0000000797b00000,0x0000000798000000)
  to   space 5120K, 0% used [0x0000000797600000,0x0000000797600000,0x0000000797b00000)
 ParOldGen       total 87552K, used 0K [0x0000000740000000, 0x0000000745580000, 0x0000000795580000)
  object space 87552K, 0% used [0x0000000740000000,0x0000000740000000,0x0000000745580000)
 Metaspace       used 7288K, capacity 7546K, committed 7680K, reserved 1056768K
  class space    used 861K, capacity 957K, committed 1024K, reserved 1048576K

Card table byte_map: [0x000000010c567000,0x000000010c968000] byte_map_base: 0x0000000108b67000

Marking Bits: (ParMarkBitMap*) 0x000000010baf35d0
 Begin Bits: [0x000000010cc13000, 0x000000010ec13000)
 End Bits:   [0x000000010ec13000, 0x0000000110c13000)

Polling page: 0x000000010a8a7000

CodeCache: size=245760Kb used=1869Kb max_used=1869Kb free=243890Kb
 bounds [0x00000001185fb000, 0x000000011886b000, 0x00000001275fb000]
 total_blobs=783 nmethods=363 adapters=334
 compilation: enabled

Compilation events (10 events):
Event: 5.295 Thread 0x00007f8fce056000  358       3       java.nio.ByteBuffer::arrayOffset (35 bytes)
Event: 5.295 Thread 0x00007f8fce056000 nmethod 358 0x00000001187cd110 code [0x00000001187cd2a0, 0x00000001187cd578]
Event: 5.779 Thread 0x00007f8fce056000  360       3       java.nio.Buffer::position (43 bytes)
Event: 5.779 Thread 0x00007f8fce056000 nmethod 360 0x00000001187cda10 code [0x00000001187cdb80, 0x00000001187cde48]
Event: 5.779 Thread 0x00007f8fce056000  361       3       java.nio.CharBuffer::arrayOffset (35 bytes)
Event: 5.779 Thread 0x00007f8fce056000 nmethod 361 0x00000001187cdf10 code [0x00000001187ce0a0, 0x00000001187ce378]
Event: 6.487 Thread 0x00007f8fce056000  362       1       java.util.concurrent.locks.AbstractOwnableSynchronizer::getExclusiveOwnerThread (5 bytes)
Event: 6.487 Thread 0x00007f8fce056000 nmethod 362 0x00000001187ce490 code [0x00000001187ce5e0, 0x00000001187ce6f0]
Event: 6.489 Thread 0x00007f8fce056000  363       3       java.util.IdentityHashMap::isEmpty (13 bytes)
Event: 6.489 Thread 0x00007f8fce056000 nmethod 363 0x00000001187ce750 code [0x00000001187ce8c0, 0x00000001187cea70]

GC Heap History (0 events):
No events

Deoptimization events (0 events):
No events

Internal exceptions (10 events):
Event: 2.595 Thread 0x00007f8fce1e3800 Exception <a 'java/io/FileNotFoundException'> (0x0000000795cc03d0) thrown at [/Users/java_re/workspace/8-2-build-macosx-x86_64/jdk8u151/9699/hotspot/src/share/vm/prims/jni.cpp, line 709]
Event: 2.595 Thread 0x00007f8fce1e3800 Exception <a 'java/io/FileNotFoundException'> (0x0000000795cc0d20) thrown at [/Users/java_re/workspace/8-2-build-macosx-x86_64/jdk8u151/9699/hotspot/src/share/vm/prims/jni.cpp, line 709]
Event: 2.595 Thread 0x00007f8fce1e3800 Exception <a 'java/io/FileNotFoundException'> (0x0000000795cc16b0) thrown at [/Users/java_re/workspace/8-2-build-macosx-x86_64/jdk8u151/9699/hotspot/src/share/vm/prims/jni.cpp, line 709]
Event: 2.595 Thread 0x00007f8fce1e3800 Exception <a 'java/io/FileNotFoundException'> (0x0000000795cc1f30) thrown at [/Users/java_re/workspace/8-2-build-macosx-x86_64/jdk8u151/9699/hotspot/src/share/vm/prims/jni.cpp, line 709]
Event: 2.601 Thread 0x00007f8fce1e3800 Exception <a 'java/io/FileNotFoundException'> (0x0000000795cc2c28) thrown at [/Users/java_re/workspace/8-2-build-macosx-x86_64/jdk8u151/9699/hotspot/src/share/vm/prims/jni.cpp, line 709]
Event: 2.601 Thread 0x00007f8fce1e3800 Exception <a 'java/io/FileNotFoundException'> (0x0000000795cc37e8) thrown at [/Users/java_re/workspace/8-2-build-macosx-x86_64/jdk8u151/9699/hotspot/src/share/vm/prims/jni.cpp, line 709]
Event: 2.601 Thread 0x00007f8fce1e3800 Exception <a 'java/io/FileNotFoundException'> (0x0000000795cc42a8) thrown at [/Users/java_re/workspace/8-2-build-macosx-x86_64/jdk8u151/9699/hotspot/src/share/vm/prims/jni.cpp, line 709]
Event: 2.601 Thread 0x00007f8fce1e3800 Exception <a 'java/io/FileNotFoundException'> (0x0000000795cc4bf8) thrown at [/Users/java_re/workspace/8-2-build-macosx-x86_64/jdk8u151/9699/hotspot/src/share/vm/prims/jni.cpp, line 709]
Event: 2.601 Thread 0x00007f8fce1e3800 Exception <a 'java/io/FileNotFoundException'> (0x0000000795cc5588) thrown at [/Users/java_re/workspace/8-2-build-macosx-x86_64/jdk8u151/9699/hotspot/src/share/vm/prims/jni.cpp, line 709]
Event: 2.601 Thread 0x00007f8fce1e3800 Exception <a 'java/io/FileNotFoundException'> (0x0000000795cc5e08) thrown at [/Users/java_re/workspace/8-2-build-macosx-x86_64/jdk8u151/9699/hotspot/src/share/vm/prims/jni.cpp, line 709]

Events (10 events):
Event: 2.607 loading class gnu/io/UnSupportedLoggerException done
Event: 2.612 loading class gnu/io/RXTXPort$MonitorThread
Event: 2.612 loading class gnu/io/RXTXPort$MonitorThread done
Event: 2.613 Thread 0x00007f8fcd9f2000 Thread added: 0x00007f8fcd9f2000
Event: 4.215 Executing VM operation: EnableBiasedLocking
Event: 4.215 Executing VM operation: EnableBiasedLocking done
Event: 4.267 loading class gnu/io/SerialPortEvent
Event: 4.267 loading class gnu/io/SerialPortEvent done
Event: 5.690 Thread 0x00007f8fce0da800 Thread exited: 0x00007f8fce0da800
Event: 6.487 Thread 0x00007f8fcd9f2000 Thread exited: 0x00007f8fcd9f2000


Dynamic libraries:
0x00000000018d3000 	/System/Library/Frameworks/Cocoa.framework/Versions/A/Cocoa
0x00000000018d3000 	/System/Library/Frameworks/Security.framework/Versions/A/Security
0x00000000018d3000 	/System/Library/Frameworks/ApplicationServices.framework/Versions/A/ApplicationServices
0x00000000018d3000 	/usr/lib/libz.1.dylib
0x00000000018d3000 	/usr/lib/libSystem.B.dylib
0x00000000018d3000 	/usr/lib/libobjc.A.dylib
0x00000000018d3000 	/System/Library/Frameworks/CoreFoundation.framework/Versions/A/CoreFoundation
0x00000000018d3000 	/System/Library/Frameworks/Foundation.framework/Versions/C/Foundation
0x00000000018d3000 	/System/Library/Frameworks/AppKit.framework/Versions/C/AppKit
0x00000000018d3000 	/System/Library/Frameworks/CoreData.framework/Versions/A/CoreData
0x00000000018d3000 	/System/Library/PrivateFrameworks/RemoteViewServices.framework/Versions/A/RemoteViewServices
0x00000000018d3000 	/System/Library/PrivateFrameworks/UIFoundation.framework/Versions/A/UIFoundation
0x00000000018d3000 	/System/Library/PrivateFrameworks/XCTTargetBootstrap.framework/Versions/A/XCTTargetBootstrap
0x00000000018d3000 	/System/Library/Frameworks/CoreDisplay.framework/Versions/A/CoreDisplay
0x00000000018d3000 	/System/Library/PrivateFrameworks/IconServices.framework/Versions/A/IconServices
0x00000000018d3000 	/System/Library/Frameworks/Metal.framework/Versions/A/Metal
0x00000000018d3000 	/System/Library/PrivateFrameworks/DesktopServicesPriv.framework/Versions/A/DesktopServicesPriv
0x00000000018d3000 	/usr/lib/libenergytrace.dylib
0x00000000018d3000 	/System/Library/PrivateFrameworks/SkyLight.framework/Versions/A/SkyLight
0x00000000018d3000 	/System/Library/Frameworks/CoreGraphics.framework/Versions/A/CoreGraphics
0x00000000018d3000 	/System/Library/Frameworks/Accelerate.framework/Versions/A/Accelerate
0x00000000018d3000 	/System/Library/Frameworks/IOSurface.framework/Versions/A/IOSurface
0x00000000018d3000 	/System/Library/PrivateFrameworks/DFRFoundation.framework/Versions/A/DFRFoundation
0x00000000018d3000 	/System/Library/Frameworks/AudioToolbox.framework/Versions/A/AudioToolbox
0x00000000018d3000 	/System/Library/Frameworks/AudioUnit.framework/Versions/A/AudioUnit
0x00000000018d3000 	/System/Library/PrivateFrameworks/DataDetectorsCore.framework/Versions/A/DataDetectorsCore
0x00000000018d3000 	/System/Library/Frameworks/Carbon.framework/Versions/A/Frameworks/HIToolbox.framework/Versions/A/HIToolbox
0x00000000018d3000 	/usr/lib/libicucore.A.dylib
0x00000000018d3000 	/System/Library/Frameworks/QuartzCore.framework/Versions/A/QuartzCore
0x00000000018d3000 	/System/Library/Frameworks/Carbon.framework/Versions/A/Frameworks/SpeechRecognition.framework/Versions/A/SpeechRecognition
0x00000000018d3000 	/usr/lib/libauto.dylib
0x00000000018d3000 	/usr/lib/libxml2.2.dylib
0x00000000018d3000 	/System/Library/PrivateFrameworks/CoreUI.framework/Versions/A/CoreUI
0x00000000018d3000 	/System/Library/Frameworks/CoreAudio.framework/Versions/A/CoreAudio
0x00000000018d3000 	/System/Library/Frameworks/DiskArbitration.framework/Versions/A/DiskArbitration
0x00000000018d3000 	/usr/lib/liblangid.dylib
0x00000000018d3000 	/System/Library/PrivateFrameworks/MultitouchSupport.framework/Versions/A/MultitouchSupport
0x00000000018d3000 	/System/Library/Frameworks/IOKit.framework/Versions/A/IOKit
0x00000000018d3000 	/usr/lib/libDiagnosticMessagesClient.dylib
0x00000000018d3000 	/System/Library/Frameworks/CoreServices.framework/Versions/A/CoreServices
0x00000000018d3000 	/System/Library/PrivateFrameworks/PerformanceAnalysis.framework/Versions/A/PerformanceAnalysis
0x00000000018d3000 	/System/Library/Frameworks/OpenGL.framework/Versions/A/OpenGL
0x00000000018d3000 	/System/Library/Frameworks/ColorSync.framework/Versions/A/ColorSync
0x00000000018d3000 	/System/Library/Frameworks/CoreImage.framework/Versions/A/CoreImage
0x00000000018d3000 	/System/Library/Frameworks/CoreText.framework/Versions/A/CoreText
0x00000000018d3000 	/System/Library/Frameworks/ImageIO.framework/Versions/A/ImageIO
0x00000000018d3000 	/System/Library/PrivateFrameworks/Backup.framework/Versions/A/Backup
0x00000000018d3000 	/usr/lib/libarchive.2.dylib
0x00000000018d3000 	/System/Library/Frameworks/CFNetwork.framework/Versions/A/CFNetwork
0x00000000018d3000 	/System/Library/Frameworks/SystemConfiguration.framework/Versions/A/SystemConfiguration
0x00000000018d3000 	/usr/lib/libCRFSuite.dylib
0x00000000018d3000 	/usr/lib/libc++.1.dylib
0x00000000018d3000 	/usr/lib/libc++abi.dylib
0x00000000018d3000 	/usr/lib/system/libcache.dylib
0x00000000018d3000 	/usr/lib/system/libcommonCrypto.dylib
0x00000000018d3000 	/usr/lib/system/libcompiler_rt.dylib
0x00000000018d3000 	/usr/lib/system/libcopyfile.dylib
0x00000000018d3000 	/usr/lib/system/libcorecrypto.dylib
0x00000000018d3000 	/usr/lib/system/libdispatch.dylib
0x00000000018d3000 	/usr/lib/system/libdyld.dylib
0x00000000018d3000 	/usr/lib/system/libkeymgr.dylib
0x00000000018d3000 	/usr/lib/system/liblaunch.dylib
0x00000000018d3000 	/usr/lib/system/libmacho.dylib
0x00000000018d3000 	/usr/lib/system/libquarantine.dylib
0x00000000018d3000 	/usr/lib/system/libremovefile.dylib
0x00000000018d3000 	/usr/lib/system/libsystem_asl.dylib
0x00000000018d3000 	/usr/lib/system/libsystem_blocks.dylib
0x00000000018d3000 	/usr/lib/system/libsystem_c.dylib
0x00000000018d3000 	/usr/lib/system/libsystem_configuration.dylib
0x00000000018d3000 	/usr/lib/system/libsystem_coreservices.dylib
0x00000000018d3000 	/usr/lib/system/libsystem_darwin.dylib
0x00000000018d3000 	/usr/lib/system/libsystem_dnssd.dylib
0x00000000018d3000 	/usr/lib/system/libsystem_info.dylib
0x00000000018d3000 	/usr/lib/system/libsystem_m.dylib
0x00000000018d3000 	/usr/lib/system/libsystem_malloc.dylib
0x00000000018d3000 	/usr/lib/system/libsystem_networkextension.dylib
0x00000000018d3000 	/usr/lib/system/libsystem_notify.dylib
0x00000000018d3000 	/usr/lib/system/libsystem_sandbox.dylib
0x00000000018d3000 	/usr/lib/system/libsystem_secinit.dylib
0x00000000018d3000 	/usr/lib/system/libsystem_kernel.dylib
0x00000000018d3000 	/usr/lib/system/libsystem_platform.dylib
0x00000000018d3000 	/usr/lib/system/libsystem_pthread.dylib
0x00000000018d3000 	/usr/lib/system/libsystem_symptoms.dylib
0x00000000018d3000 	/usr/lib/system/libsystem_trace.dylib
0x00000000018d3000 	/usr/lib/system/libunwind.dylib
0x00000000018d3000 	/usr/lib/system/libxpc.dylib
0x00000000018d3000 	/usr/lib/libbsm.0.dylib
0x00000000018d3000 	/usr/lib/system/libkxld.dylib
0x00000000018d3000 	/System/Library/PrivateFrameworks/AppleFSCompression.framework/Versions/A/AppleFSCompression
0x00000000018d3000 	/usr/lib/libOpenScriptingUtil.dylib
0x00000000018d3000 	/usr/lib/libcoretls.dylib
0x00000000018d3000 	/usr/lib/libcoretls_cfhelpers.dylib
0x00000000018d3000 	/usr/lib/libpam.2.dylib
0x00000000018d3000 	/usr/lib/libsqlite3.dylib
0x00000000018d3000 	/usr/lib/libxar.1.dylib
0x00000000018d3000 	/usr/lib/libbz2.1.0.dylib
0x00000000018d3000 	/usr/lib/liblzma.5.dylib
0x00000000018d3000 	/usr/lib/libnetwork.dylib
0x00000000018d3000 	/usr/lib/libapple_nghttp2.dylib
0x00000000018d3000 	/usr/lib/libpcap.A.dylib
0x00000000018d3000 	/System/Library/Frameworks/CoreServices.framework/Versions/A/Frameworks/FSEvents.framework/Versions/A/FSEvents
0x00000000018d3000 	/System/Library/Frameworks/CoreServices.framework/Versions/A/Frameworks/CarbonCore.framework/Versions/A/CarbonCore
0x00000000018d3000 	/System/Library/Frameworks/CoreServices.framework/Versions/A/Frameworks/Metadata.framework/Versions/A/Metadata
0x00000000018d3000 	/System/Library/Frameworks/CoreServices.framework/Versions/A/Frameworks/OSServices.framework/Versions/A/OSServices
0x00000000018d3000 	/System/Library/Frameworks/CoreServices.framework/Versions/A/Frameworks/SearchKit.framework/Versions/A/SearchKit
0x00000000018d3000 	/System/Library/Frameworks/CoreServices.framework/Versions/A/Frameworks/AE.framework/Versions/A/AE
0x00000000018d3000 	/System/Library/Frameworks/CoreServices.framework/Versions/A/Frameworks/LaunchServices.framework/Versions/A/LaunchServices
0x00000000018d3000 	/System/Library/Frameworks/CoreServices.framework/Versions/A/Frameworks/DictionaryServices.framework/Versions/A/DictionaryServices
0x00000000018d3000 	/System/Library/Frameworks/CoreServices.framework/Versions/A/Frameworks/SharedFileList.framework/Versions/A/SharedFileList
0x00000000018d3000 	/System/Library/Frameworks/NetFS.framework/Versions/A/NetFS
0x00000000018d3000 	/System/Library/PrivateFrameworks/NetAuth.framework/Versions/A/NetAuth
0x00000000018d3000 	/System/Library/PrivateFrameworks/login.framework/Versions/A/Frameworks/loginsupport.framework/Versions/A/loginsupport
0x00000000018d3000 	/System/Library/PrivateFrameworks/TCC.framework/Versions/A/TCC
0x00000000018d3000 	/System/Library/PrivateFrameworks/CoreNLP.framework/Versions/A/CoreNLP
0x00000000018d3000 	/System/Library/PrivateFrameworks/MetadataUtilities.framework/Versions/A/MetadataUtilities
0x00000000018d3000 	/usr/lib/libmecabra.dylib
0x00000000018d3000 	/System/Library/Frameworks/ApplicationServices.framework/Versions/A/Frameworks/ATS.framework/Versions/A/ATS
0x00000000018d3000 	/System/Library/Frameworks/ApplicationServices.framework/Versions/A/Frameworks/ColorSyncLegacy.framework/Versions/A/ColorSyncLegacy
0x00000000018d3000 	/System/Library/Frameworks/ApplicationServices.framework/Versions/A/Frameworks/HIServices.framework/Versions/A/HIServices
0x00000000018d3000 	/System/Library/Frameworks/ApplicationServices.framework/Versions/A/Frameworks/LangAnalysis.framework/Versions/A/LangAnalysis
0x00000000018d3000 	/System/Library/Frameworks/ApplicationServices.framework/Versions/A/Frameworks/PrintCore.framework/Versions/A/PrintCore
0x00000000018d3000 	/System/Library/Frameworks/ApplicationServices.framework/Versions/A/Frameworks/QD.framework/Versions/A/QD
0x00000000018d3000 	/System/Library/Frameworks/ApplicationServices.framework/Versions/A/Frameworks/SpeechSynthesis.framework/Versions/A/SpeechSynthesis
0x00000000018d3000 	/usr/lib/libcompression.dylib
0x00000000018d3000 	/System/Library/Frameworks/MetalPerformanceShaders.framework/Versions/A/MetalPerformanceShaders
0x00000000018d3000 	/System/Library/Frameworks/Accelerate.framework/Versions/A/Frameworks/vImage.framework/Versions/A/vImage
0x00000000018d3000 	/System/Library/Frameworks/Accelerate.framework/Versions/A/Frameworks/vecLib.framework/Versions/A/vecLib
0x00000000018d3000 	/System/Library/Frameworks/Accelerate.framework/Versions/A/Frameworks/vecLib.framework/Versions/A/libvMisc.dylib
0x00000000018d3000 	/System/Library/Frameworks/Accelerate.framework/Versions/A/Frameworks/vecLib.framework/Versions/A/libvDSP.dylib
0x00000000018d3000 	/System/Library/Frameworks/Accelerate.framework/Versions/A/Frameworks/vecLib.framework/Versions/A/libBLAS.dylib
0x00000000018d3000 	/System/Library/Frameworks/Accelerate.framework/Versions/A/Frameworks/vecLib.framework/Versions/A/libLAPACK.dylib
0x00000000018d3000 	/System/Library/Frameworks/Accelerate.framework/Versions/A/Frameworks/vecLib.framework/Versions/A/libLinearAlgebra.dylib
0x00000000018d3000 	/System/Library/Frameworks/Accelerate.framework/Versions/A/Frameworks/vecLib.framework/Versions/A/libSparseBLAS.dylib
0x00000000018d3000 	/System/Library/Frameworks/Accelerate.framework/Versions/A/Frameworks/vecLib.framework/Versions/A/libQuadrature.dylib
0x00000000018d3000 	/System/Library/Frameworks/Accelerate.framework/Versions/A/Frameworks/vecLib.framework/Versions/A/libBNNS.dylib
0x00000000018d3000 	/System/Library/Frameworks/Accelerate.framework/Versions/A/Frameworks/vecLib.framework/Versions/A/libSparse.dylib
0x00000000018d3000 	/System/Library/PrivateFrameworks/GPUWrangler.framework/Versions/A/GPUWrangler
0x00000000018d3000 	/System/Library/PrivateFrameworks/IOAccelerator.framework/Versions/A/IOAccelerator
0x00000000018d3000 	/System/Library/PrivateFrameworks/IOPresentment.framework/Versions/A/IOPresentment
0x00000000018d3000 	/System/Library/PrivateFrameworks/DSExternalDisplay.framework/Versions/A/DSExternalDisplay
0x00000000018d3000 	/System/Library/Frameworks/OpenGL.framework/Versions/A/Libraries/libCoreFSCache.dylib
0x00000000018d3000 	/System/Library/Frameworks/MetalPerformanceShaders.framework/Frameworks/MPSCore.framework/Versions/A/MPSCore
0x00000000018d3000 	/System/Library/Frameworks/MetalPerformanceShaders.framework/Frameworks/MPSImage.framework/Versions/A/MPSImage
0x00000000018d3000 	/System/Library/Frameworks/MetalPerformanceShaders.framework/Frameworks/MPSNeuralNetwork.framework/Versions/A/MPSNeuralNetwork
0x00000000018d3000 	/System/Library/Frameworks/MetalPerformanceShaders.framework/Frameworks/MPSMatrix.framework/Versions/A/MPSMatrix
0x00000000018d3000 	/System/Library/Frameworks/MetalPerformanceShaders.framework/Frameworks/MPSRayIntersector.framework/Versions/A/MPSRayIntersector
0x00000000018d3000 	/System/Library/PrivateFrameworks/MetalTools.framework/Versions/A/MetalTools
0x00000000018d3000 	/System/Library/PrivateFrameworks/AggregateDictionary.framework/Versions/A/AggregateDictionary
0x00000000018d3000 	/usr/lib/libMobileGestalt.dylib
0x00000000018d3000 	/System/Library/Frameworks/CoreVideo.framework/Versions/A/CoreVideo
0x00000000018d3000 	/System/Library/PrivateFrameworks/GraphVisualizer.framework/Versions/A/GraphVisualizer
0x00000000018d3000 	/System/Library/PrivateFrameworks/FaceCore.framework/Versions/A/FaceCore
0x00000000018d3000 	/System/Library/Frameworks/OpenCL.framework/Versions/A/OpenCL
0x00000000018d3000 	/usr/lib/libFosl_dynamic.dylib
0x00000000018d3000 	/System/Library/PrivateFrameworks/OTSVG.framework/Versions/A/OTSVG
0x00000000018d3000 	/System/Library/Frameworks/ApplicationServices.framework/Versions/A/Frameworks/ATS.framework/Versions/A/Resources/libFontParser.dylib
0x00000000018d3000 	/System/Library/Frameworks/ApplicationServices.framework/Versions/A/Frameworks/ATS.framework/Versions/A/Resources/libFontRegistry.dylib
0x00000000018d3000 	/System/Library/Frameworks/ImageIO.framework/Versions/A/Resources/libJPEG.dylib
0x00000000018d3000 	/System/Library/Frameworks/ImageIO.framework/Versions/A/Resources/libTIFF.dylib
0x00000000018d3000 	/System/Library/Frameworks/ImageIO.framework/Versions/A/Resources/libPng.dylib
0x00000000018d3000 	/System/Library/Frameworks/ImageIO.framework/Versions/A/Resources/libGIF.dylib
0x00000000018d3000 	/System/Library/Frameworks/ImageIO.framework/Versions/A/Resources/libJP2.dylib
0x00000000018d3000 	/System/Library/Frameworks/ImageIO.framework/Versions/A/Resources/libRadiance.dylib
0x00000000018d3000 	/System/Library/PrivateFrameworks/AppleJPEG.framework/Versions/A/AppleJPEG
0x00000000018d3000 	/System/Library/Frameworks/OpenGL.framework/Versions/A/Libraries/libGFXShared.dylib
0x00000000018d3000 	/System/Library/Frameworks/OpenGL.framework/Versions/A/Libraries/libGLU.dylib
0x00000000018d3000 	/System/Library/Frameworks/OpenGL.framework/Versions/A/Libraries/libGL.dylib
0x00000000018d3000 	/System/Library/Frameworks/OpenGL.framework/Versions/A/Libraries/libGLImage.dylib
0x00000000018d3000 	/System/Library/Frameworks/OpenGL.framework/Versions/A/Libraries/libCVMSPluginSupport.dylib
0x00000000018d3000 	/System/Library/Frameworks/OpenGL.framework/Versions/A/Libraries/libCoreVMClient.dylib
0x00000000018d3000 	/usr/lib/libcups.2.dylib
0x00000000018d3000 	/System/Library/Frameworks/Kerberos.framework/Versions/A/Kerberos
0x00000000018d3000 	/System/Library/Frameworks/GSS.framework/Versions/A/GSS
0x00000000018d3000 	/usr/lib/libresolv.9.dylib
0x00000000018d3000 	/usr/lib/libiconv.2.dylib
0x00000000018d3000 	/System/Library/PrivateFrameworks/Heimdal.framework/Versions/A/Heimdal
0x00000000018d3000 	/usr/lib/libheimdal-asn1.dylib
0x00000000018d3000 	/System/Library/Frameworks/OpenDirectory.framework/Versions/A/OpenDirectory
0x00000000018d3000 	/System/Library/PrivateFrameworks/CommonAuth.framework/Versions/A/CommonAuth
0x00000000018d3000 	/System/Library/Frameworks/OpenDirectory.framework/Versions/A/Frameworks/CFOpenDirectory.framework/Versions/A/CFOpenDirectory
0x00000000018d3000 	/System/Library/Frameworks/SecurityFoundation.framework/Versions/A/SecurityFoundation
0x00000000018d3000 	/System/Library/PrivateFrameworks/APFS.framework/Versions/A/APFS
0x00000000018d3000 	/usr/lib/libutil.dylib
0x00000000018d3000 	/usr/lib/libcharset.1.dylib
0x00000000018d3000 	/System/Library/PrivateFrameworks/AppleSauce.framework/Versions/A/AppleSauce
0x00000000018d3000 	/System/Library/PrivateFrameworks/AssertionServices.framework/Versions/A/AssertionServices
0x00000000018d3000 	/System/Library/PrivateFrameworks/BaseBoard.framework/Versions/A/BaseBoard
0x00000000018d3000 	/usr/lib/libmecab.1.0.0.dylib
0x00000000018d3000 	/usr/lib/libgermantok.dylib
0x00000000018d3000 	/usr/lib/libThaiTokenizer.dylib
0x00000000018d3000 	/usr/lib/libChineseTokenizer.dylib
0x00000000018d3000 	/System/Library/PrivateFrameworks/LanguageModeling.framework/Versions/A/LanguageModeling
0x00000000018d3000 	/System/Library/PrivateFrameworks/CoreEmoji.framework/Versions/A/CoreEmoji
0x00000000018d3000 	/System/Library/PrivateFrameworks/Lexicon.framework/Versions/A/Lexicon
0x00000000018d3000 	/System/Library/PrivateFrameworks/LinguisticData.framework/Versions/A/LinguisticData
0x00000000018d3000 	/usr/lib/libcmph.dylib
0x00000000018d3000 	/System/Library/Frameworks/ServiceManagement.framework/Versions/A/ServiceManagement
0x00000000018d3000 	/System/Library/PrivateFrameworks/BackgroundTaskManagement.framework/Versions/A/BackgroundTaskManagement
0x00000000018d3000 	/usr/lib/libxslt.1.dylib
0x00000000018d3000 	/System/Library/Frameworks/Carbon.framework/Versions/A/Frameworks/Ink.framework/Versions/A/Ink
0x00000000018d3000 	/System/Library/PrivateFrameworks/TextureIO.framework/Versions/A/TextureIO
0x00000000018d3000 	/usr/lib/libate.dylib
0x00000000018d3000 	/System/Library/PrivateFrameworks/CrashReporterSupport.framework/Versions/A/CrashReporterSupport
0x00000000018d3000 	/System/Library/PrivateFrameworks/Sharing.framework/Versions/A/Sharing
0x00000000018d3000 	/System/Library/PrivateFrameworks/AuthKit.framework/Versions/A/AuthKit
0x00000000018d3000 	/System/Library/PrivateFrameworks/Apple80211.framework/Versions/A/Apple80211
0x00000000018d3000 	/System/Library/PrivateFrameworks/CoreUtils.framework/Versions/A/CoreUtils
0x00000000018d3000 	/System/Library/Frameworks/CoreWLAN.framework/Versions/A/CoreWLAN
0x00000000018d3000 	/System/Library/Frameworks/IOBluetooth.framework/Versions/A/IOBluetooth
0x00000000018d3000 	/System/Library/PrivateFrameworks/ProtocolBuffer.framework/Versions/A/ProtocolBuffer
0x00000000018d3000 	/System/Library/PrivateFrameworks/MobileKeyBag.framework/Versions/A/MobileKeyBag
0x00000000018d3000 	/System/Library/PrivateFrameworks/CorePhoneNumbers.framework/Versions/A/CorePhoneNumbers
0x00000000018d3000 	/System/Library/PrivateFrameworks/AppleIDAuthSupport.framework/Versions/A/AppleIDAuthSupport
0x00000000018d3000 	/System/Library/PrivateFrameworks/KeychainCircle.framework/Versions/A/KeychainCircle
0x00000000018d3000 	/System/Library/PrivateFrameworks/ROCKit.framework/Versions/A/ROCKit
0x00000000018d3000 	/System/Library/PrivateFrameworks/CoreWiFi.framework/Versions/A/CoreWiFi
0x00000000018d3000 	/System/Library/Frameworks/CoreBluetooth.framework/Versions/A/CoreBluetooth
0x00000000018d3000 	/System/Library/PrivateFrameworks/DebugSymbols.framework/Versions/A/DebugSymbols
0x00000000018d3000 	/System/Library/PrivateFrameworks/CoreSymbolication.framework/Versions/A/CoreSymbolication
0x00000000018d3000 	/System/Library/PrivateFrameworks/Symbolication.framework/Versions/A/Symbolication
0x00000000018d3000 	/System/Library/PrivateFrameworks/SpeechRecognitionCore.framework/Versions/A/SpeechRecognitionCore
0x000000010b200000 	/Library/Java/JavaVirtualMachines/jdk1.8.0_151.jdk/Contents/Home/jre/lib/server/libjvm.dylib
0x00000000018d3000 	/usr/lib/libstdc++.6.dylib
0x000000010a864000 	/Library/Java/JavaVirtualMachines/jdk1.8.0_151.jdk/Contents/Home/jre/lib/libverify.dylib
0x000000010a872000 	/Library/Java/JavaVirtualMachines/jdk1.8.0_151.jdk/Contents/Home/jre/lib/libjava.dylib
0x000000010a8f1000 	/Library/Java/JavaVirtualMachines/jdk1.8.0_151.jdk/Contents/Home/jre/lib/libzip.dylib
0x00000000018d3000 	/System/Library/Frameworks/JavaVM.framework/Versions/A/Frameworks/JavaRuntimeSupport.framework/Versions/A/JavaRuntimeSupport
0x00000000018d3000 	/System/Library/Frameworks/JavaVM.framework/Versions/A/Frameworks/JavaNativeFoundation.framework/Versions/A/JavaNativeFoundation
0x00000000018d3000 	/System/Library/Frameworks/JavaVM.framework/Versions/A/JavaVM
0x00000000018d3000 	/System/Library/Frameworks/Carbon.framework/Versions/A/Carbon
0x00000000018d3000 	/System/Library/PrivateFrameworks/JavaLaunching.framework/Versions/A/JavaLaunching
0x00000000018d3000 	/System/Library/Frameworks/Carbon.framework/Versions/A/Frameworks/CommonPanels.framework/Versions/A/CommonPanels
0x00000000018d3000 	/System/Library/Frameworks/Carbon.framework/Versions/A/Frameworks/Help.framework/Versions/A/Help
0x00000000018d3000 	/System/Library/Frameworks/Carbon.framework/Versions/A/Frameworks/ImageCapture.framework/Versions/A/ImageCapture
0x00000000018d3000 	/System/Library/Frameworks/Carbon.framework/Versions/A/Frameworks/OpenScripting.framework/Versions/A/OpenScripting
0x00000000018d3000 	/System/Library/Frameworks/Carbon.framework/Versions/A/Frameworks/Print.framework/Versions/A/Print
0x00000000018d3000 	/System/Library/Frameworks/Carbon.framework/Versions/A/Frameworks/SecurityHI.framework/Versions/A/SecurityHI
0x0000000114431000 	/Library/Java/JavaVirtualMachines/jdk1.8.0_151.jdk/Contents/Home/jre/lib/libawt.dylib
0x00000001144d9000 	/Library/Java/JavaVirtualMachines/jdk1.8.0_151.jdk/Contents/Home/jre/lib/./libmlib_image.dylib
0x00000001145a5000 	/Library/Java/JavaVirtualMachines/jdk1.8.0_151.jdk/Contents/Home/jre/lib/libawt_lwawt.dylib
0x000000011465c000 	/Library/Java/JavaVirtualMachines/jdk1.8.0_151.jdk/Contents/Home/jre/lib/./libosxapp.dylib
0x00000000018d3000 	/System/Library/Frameworks/ExceptionHandling.framework/Versions/A/ExceptionHandling
0x00000000018d3000 	/System/Library/PrivateFrameworks/CoreServicesInternal.framework/Versions/A/CoreServicesInternal
0x00000000018d3000 	/System/Library/CoreServices/RawCamera.bundle/Contents/MacOS/RawCamera
0x00000000018d3000 	/System/Library/PrivateFrameworks/MobileAsset.framework/Versions/A/MobileAsset
0x00000000018d3000 	/System/Library/PrivateFrameworks/StreamingZip.framework/Versions/A/StreamingZip
0x00000000018d3000 	/System/Library/Frameworks/MediaToolbox.framework/Versions/A/MediaToolbox
0x00000000018d3000 	/System/Library/PrivateFrameworks/CoreAVCHD.framework/Versions/A/CoreAVCHD
0x00000000018d3000 	/System/Library/Frameworks/MediaAccessibility.framework/Versions/A/MediaAccessibility
0x00000000018d3000 	/System/Library/PrivateFrameworks/Mangrove.framework/Versions/A/Mangrove
0x00000000018d3000 	/System/Library/Frameworks/CoreMedia.framework/Versions/A/CoreMedia
0x00000000018d3000 	/System/Library/Frameworks/VideoToolbox.framework/Versions/A/VideoToolbox
0x00000000018d3000 	/System/Library/PrivateFrameworks/CoreAUC.framework/Versions/A/CoreAUC
0x00000000018d3000 	/usr/lib/libspindump.dylib
0x00000000018d3000 	/System/Library/PrivateFrameworks/AppleVA.framework/Versions/A/AppleVA
0x00000000018d3000 	/System/Library/Frameworks/Accelerate.framework/Versions/A/Frameworks/vImage.framework/Versions/A/Libraries/libCGInterfaces.dylib
0x00000000018d3000 	/System/Library/Frameworks/ApplicationServices.framework/Versions/A/Frameworks/ATS.framework/Versions/A/Resources/libTrueTypeScaler.dylib
0x00000000018d3000 	/System/Library/Extensions/AppleIntelBDWGraphicsMTLDriver.bundle/Contents/MacOS/AppleIntelBDWGraphicsMTLDriver
0x00000000018d3000 	/System/Library/PrivateFrameworks/GPUCompiler.framework/Versions/3902/Libraries/libmetal_timestamp.dylib
0x00000000018d3000 	/System/Library/PrivateFrameworks/FamilyControls.framework/Versions/A/FamilyControls
0x00000000018d3000 	/System/Library/PrivateFrameworks/CommerceKit.framework/Versions/A/Frameworks/CommerceCore.framework/Versions/A/CommerceCore
0x00000000018d3000 	/System/Library/PrivateFrameworks/SystemAdministration.framework/Versions/A/SystemAdministration
0x00000000018d3000 	/System/Library/PrivateFrameworks/AppContainer.framework/Versions/A/AppContainer
0x00000000018d3000 	/System/Library/PrivateFrameworks/AppSandbox.framework/Versions/A/AppSandbox
0x00000000018d3000 	/System/Library/PrivateFrameworks/SecCodeWrapper.framework/Versions/A/SecCodeWrapper
0x00000000018d3000 	/usr/lib/libsandbox.1.dylib
0x00000000018d3000 	/usr/lib/libMatch.1.dylib
0x00000000018d3000 	/System/Library/PrivateFrameworks/DiskManagement.framework/Versions/A/DiskManagement
0x00000000018d3000 	/System/Library/Frameworks/DirectoryService.framework/Versions/A/DirectoryService
0x00000000018d3000 	/System/Library/PrivateFrameworks/DiskImages.framework/Versions/A/DiskImages
0x00000000018d3000 	/System/Library/PrivateFrameworks/LoginUIKit.framework/Versions/A/Frameworks/LoginUICore.framework/Versions/A/LoginUICore
0x00000000018d3000 	/usr/lib/libCoreStorage.dylib
0x00000000018d3000 	/usr/lib/libcsfde.dylib
0x00000000018d3000 	/usr/lib/libodfde.dylib
0x00000000018d3000 	/System/Library/PrivateFrameworks/MediaKit.framework/Versions/A/MediaKit
0x00000000018d3000 	/System/Library/Frameworks/DiscRecording.framework/Versions/A/DiscRecording
0x00000000018d3000 	/System/Library/PrivateFrameworks/EFILogin.framework/Versions/A/EFILogin
0x00000000018d3000 	/System/Library/PrivateFrameworks/ProtectedCloudStorage.framework/Versions/A/ProtectedCloudStorage
0x00000000018d3000 	/usr/lib/libcurl.4.dylib
0x00000000018d3000 	/usr/lib/libcrypto.42.dylib
0x00000000018d3000 	/usr/lib/libssl.44.dylib
0x00000000018d3000 	/System/Library/Frameworks/LDAP.framework/Versions/A/LDAP
0x00000000018d3000 	/System/Library/PrivateFrameworks/TrustEvaluationAgent.framework/Versions/A/TrustEvaluationAgent
0x00000000018d3000 	/usr/lib/libsasl2.2.dylib
0x00000000018d3000 	/System/Library/PrivateFrameworks/CoreDaemon.framework/Versions/B/CoreDaemon
0x00000000018d3000 	/System/Library/PrivateFrameworks/AppleSRP.framework/Versions/A/AppleSRP
0x00000000018d3000 	/System/Library/PrivateFrameworks/ViewBridge.framework/Versions/A/ViewBridge
0x00000001177ff000 	/Library/Java/JavaVirtualMachines/jdk1.8.0_151.jdk/Contents/Home/jre/lib/libfontmanager.dylib
0x0000000117866000 	/Library/Java/JavaVirtualMachines/jdk1.8.0_151.jdk/Contents/Home/jre/lib/libjpeg.dylib
0x00000000018d3000 	/System/Library/Frameworks/OpenGL.framework/Versions/A/Resources/GLEngine.bundle/GLEngine
0x00000000018d3000 	/System/Library/Frameworks/OpenGL.framework/Versions/A/Libraries/libGLProgrammability.dylib
0x00000000018d3000 	/System/Library/Extensions/AppleIntelBDWGraphicsGLDriver.bundle/Contents/MacOS/AppleIntelBDWGraphicsGLDriver
0x00000000018d3000 	/System/Library/PrivateFrameworks/GPUSupport.framework/Versions/A/Libraries/libGPUSupportMercury.dylib
0x00000000018d3000 	/System/Library/Frameworks/OpenGL.framework/Versions/A/Resources/GLRendererFloat.bundle/GLRendererFloat
0x00000000018d3000 	/System/Library/Frameworks/OpenCL.framework/Versions/A/Libraries/libcldcpuengine.dylib
0x00000000018d3000 	/usr/lib/libcrypto.35.dylib
0x00000000018d3000 	/System/Library/PrivateFrameworks/Shortcut.framework/Versions/A/Shortcut
0x00000000018d3000 	/System/Library/PrivateFrameworks/HelpData.framework/Versions/A/HelpData
0x000000011835a000 	/Users/nguyen/Downloads/rxtx/lib/librxtxSerial.jnilib

VM Arguments:
jvm_args: -Djava.library.path=/Users/nguyen/Downloads/rxtx/lib -Dfile.encoding=UTF-8 
java_command: com.ngu_software.ca.CAApplication
java_class_path (initial): /Users/nguyen/Projects/Programming/Java/Code Andon/target/classes:/Users/nguyen/Downloads/rxtxcomm-2.2pre2.jar
Launcher Type: SUN_STANDARD

Environment Variables:
PATH=/usr/bin:/bin:/usr/sbin:/sbin
SHELL=/bin/bash
DISPLAY=/private/tmp/com.apple.launchd.aT04h3ukt8/org.macosforge.xquartz:0

Signal Handlers:
SIGSEGV: [libjvm.dylib+0x5b27a5], sa_mask[0]=11111111011111110111111111111111, sa_flags=SA_ONSTACK|SA_RESTART|SA_SIGINFO
SIGBUS: [libjvm.dylib+0x5b27a5], sa_mask[0]=11111111011111110111111111111111, sa_flags=SA_RESTART|SA_SIGINFO
SIGFPE: [libjvm.dylib+0x4891c4], sa_mask[0]=11111111011111110111111111111111, sa_flags=SA_RESTART|SA_SIGINFO
SIGPIPE: [libjvm.dylib+0x4891c4], sa_mask[0]=11111111011111110111111111111111, sa_flags=SA_RESTART|SA_SIGINFO
SIGXFSZ: [libjvm.dylib+0x4891c4], sa_mask[0]=11111111011111110111111111111111, sa_flags=SA_RESTART|SA_SIGINFO
SIGILL: [libjvm.dylib+0x4891c4], sa_mask[0]=11111111011111110111111111111111, sa_flags=SA_RESTART|SA_SIGINFO
SIGUSR1: SIG_DFL, sa_mask[0]=00000000000000000000000000000000, sa_flags=none
SIGUSR2: [libjvm.dylib+0x488ce2], sa_mask[0]=00100000000000000000000000000000, sa_flags=SA_RESTART|SA_SIGINFO
SIGHUP: [libjvm.dylib+0x4872b9], sa_mask[0]=11111111011111110111111111111111, sa_flags=SA_RESTART|SA_SIGINFO
SIGINT: [libjvm.dylib+0x4872b9], sa_mask[0]=11111111011111110111111111111111, sa_flags=SA_RESTART|SA_SIGINFO
SIGTERM: [libjvm.dylib+0x4872b9], sa_mask[0]=11111111011111110111111111111111, sa_flags=SA_RESTART|SA_SIGINFO
SIGQUIT: [libjvm.dylib+0x4872b9], sa_mask[0]=11111111011111110111111111111111, sa_flags=SA_RESTART|SA_SIGINFO


---------------  S Y S T E M  ---------------

OS:Bsduname:Darwin 18.7.0 Darwin Kernel Version 18.7.0: Tue Aug 20 16:57:14 PDT 2019; root:xnu-4903.271.2~2/RELEASE_X86_64 x86_64
rlimit: STACK 8192k, CORE 0k, NPROC 2048, NOFILE 8192, AS infinity
load average:2.87 3.15 2.66

CPU:total 4 (initial active 4) (2 cores per cpu, 2 threads per core) family 6 model 61 stepping 4, cmov, cx8, fxsr, mmx, sse, sse2, sse3, ssse3, sse4.1, sse4.2, popcnt, avx, avx2, aes, clmul, erms, 3dnowpref, lzcnt, ht, tsc, tscinvbit, bmi1, bmi2, adx

Memory: 4k page, physical 8388608k(55772k free)

/proc/meminfo:


vm_info: Java HotSpot(TM) 64-Bit Server VM (25.151-b12) for bsd-amd64 JRE (1.8.0_151-b12), built on Sep  5 2017 19:37:08 by "java_re" with gcc 4.2.1 (Based on Apple Inc. build 5658) (LLVM build 2336.11.00)

time: Fri Feb  5 00:25:12 2021
elapsed time: 6 seconds (0d 0h 0m 6s)

