#
# A fatal error has been detected by the Java Runtime Environment:
#
#  SIGSEGV (0xb) at pc=0x00007fff5251bc0c, pid=69411, tid=0x0000000000000307
#
# JRE version: Java(TM) SE Runtime Environment (8.0_151-b12) (build 1.8.0_151-b12)
# Java VM: Java HotSpot(TM) 64-Bit Server VM (25.151-b12 mixed mode bsd-amd64 compressed oops)
# Problematic frame:
# C  [SkyLight+0x111c0c]  SLEventGetIntegerValueField+0x151
#
# Failed to write core dump. Core dumps have been disabled. To enable core dumping, try "ulimit -c unlimited" before starting Java again
#
# If you would like to submit a bug report, please visit:
#   http://bugreport.java.com/bugreport/crash.jsp
# The crash happened outside the Java Virtual Machine in native code.
# See problematic frame for where to report the bug.
#

---------------  T H R E A D  ---------------

Current thread (0x00007f87718d5000):  JavaThread "AppKit Thread" daemon [_thread_in_native, id=775, stack(0x00007ffeec100000,0x00007ffeec900000)]

siginfo: si_signo: 11 (SIGSEGV), si_code: 0 (unknown), si_addr: 0x0000000000000000

Registers:
RAX=0x852796a707bb0027, RBX=0x00007f87718c9200, RCX=0x000e7f8773c176b0, RDX=0x00000000ffffffe2
RSP=0x00007ffeec8fbb60, RBP=0x00007ffeec8fbb80, RSI=0x0000000000000009, RDI=0x00007f8773c0ea60
R8 =0x00007fff881ff968, R9 =0x00000000a5baadb8, R10=0xafee5cdc9807cb5c, R11=0x00000000a5baadb9
R12=0x00007f8773c0ea60, R13=0x00007f87717178e0, R14=0x00007f877170d308, R15=0x00007f87718c9230
RIP=0x00007fff5251bc0c, EFLAGS=0x0000000000010287, ERR=0x0000000000000000
  TRAPNO=0x000000000000000d

Top of Stack: (sp=0x00007ffeec8fbb60)
0x00007ffeec8fbb60:   00007f8773c0ea60 00007f87717178e0
0x00007ffeec8fbb70:   852796a707bb0027 00007f87718c9200
0x00007ffeec8fbb80:   00007f87718c9200 000000011c12b9f2
0x00007ffeec8fbb90:   000000000000000b 00007f877173eea0
0x00007ffeec8fbba0:   00007f877173eea0 0000000000000001
0x00007ffeec8fbbb0:   000000002b3100e2 0000000000000004
0x00007ffeec8fbbc0:   0000000000000000 00007f877170d300
0x00007ffeec8fbbd0:   0000000300002e88 0000000000000000
0x00007ffeec8fbbe0:   00007f877170d300 0000000000000000
0x00007ffeec8fbbf0:   00007ffeec8fbc10 000000011c12d6eb
0x00007ffeec8fbc00:   000000011c12d6c0 00007fff2d2a2683
0x00007ffeec8fbc10:   00007ffeec8fbc40 00007fff2d2a2629
0x00007ffeec8fbc20:   00007f8771500630 00007f8771500400
0x00007ffeec8fbc30:   0000000000000003 0000000000000000
0x00007ffeec8fbc40:   00007ffeec8fbcb0 00007fff2d286043
0x00007ffeec8fbc50:   00007ffeec8fbc10 0000000000000001
0x00007ffeec8fbc60:   00007f87715004a0 00007f8771500640
0x00007ffeec8fbc70:   00007f87715004b0 0000000171500630
0x00007ffeec8fbc80:   00007f8773b65fe0 00007f87715004a0
0x00007ffeec8fbc90:   0000000000000001 0000000000001301
0x00007ffeec8fbca0:   0000000000001403 00007f8771500630
0x00007ffeec8fbcb0:   00007ffeec8fc9c0 00007fff2d2855b5
0x00007ffeec8fbcc0:   00007f87715004a0 00007f8771500630
0x00007ffeec8fbcd0:   00007fff2b3ffa3e 0000000000001303
0x00007ffeec8fbce0:   0000000000000f03 00007fff8842c8e0
0x00007ffeec8fbcf0:   00007fff2b40180f 00007fff2b407db5
0x00007ffeec8fbd00:   00007fff2b3ff9ea 41c2eef0fda26402
0x00007ffeec8fbd10:   00007f8773b62a60 ffffffffffffffff
0x00007ffeec8fbd20:   0000000000000000 00007f8773b62a70
0x00007ffeec8fbd30:   00007f87715004b0 00007f8771500640
0x00007ffeec8fbd40:   0000000000000000 0000000000000000
0x00007ffeec8fbd50:   000000018fa85000 422d1807bb096b14 

Instructions: (pc=0x00007fff5251bc0c)
0x00007fff5251bbec:   b7 41 64 e9 61 05 00 00 0f b7 81 d8 00 00 00 e9
0x00007fff5251bbfc:   55 05 00 00 0f b7 81 da 00 00 00 e9 49 05 00 00
0x00007fff5251bc0c:   8b 51 08 31 c0 8d 7a ff 83 ff 1e 0f 87 38 05 00
0x00007fff5251bc1c:   00 48 8d 1d 88 08 00 00 48 63 3c bb 48 01 df ff 

Register to memory mapping:

RAX=0x852796a707bb0027 is an unknown value
RBX=0x00007f87718c9200 is an unknown value
RCX=0x000e7f8773c176b0 is an unknown value
RDX=0x00000000ffffffe2 is an unknown value
RSP=0x00007ffeec8fbb60 is pointing into the stack for thread: 0x00007f87718d5000
RBP=0x00007ffeec8fbb80 is pointing into the stack for thread: 0x00007f87718d5000
RSI=0x0000000000000009 is an unknown value
RDI=0x00007f8773c0ea60 is an unknown value
R8 =0x00007fff881ff968: __block_descriptor_40_e8_32o_e17_^{__CFArray=}8@?0l+0xe450 in /System/Library/Frameworks/Carbon.framework/Versions/A/Frameworks/HIToolbox.framework/Versions/A/HIToolbox at 0x00007fff2c4d9000
R9 =0x00000000a5baadb8 is an unknown value
R10=0xafee5cdc9807cb5c is an unknown value
R11=0x00000000a5baadb9 is an unknown value
R12=0x00007f8773c0ea60 is an unknown value
R13=0x00007f87717178e0 is an unknown value
R14=0x00007f877170d308 is an unknown value
R15=0x00007f87718c9230 is an unknown value


Stack: [0x00007ffeec100000,0x00007ffeec900000],  sp=0x00007ffeec8fbb60,  free space=8174k
Native frames: (J=compiled Java code, j=interpreted, Vv=VM code, C=native code)
C  [SkyLight+0x111c0c]  SLEventGetIntegerValueField+0x151
C  [libJNativeHook-2.0.2.dylib+0x39f2]  keycode_to_unicode+0x132


---------------  P R O C E S S  ---------------

Java Threads: ( => current thread )
  0x00007f8772ce9800 JavaThread "AWT-EventQueue-0" [_thread_blocked, id=78203, stack(0x000070000ca33000,0x000070000cb33000)]
  0x00007f8772a38800 JavaThread "Java2D Disposer" daemon [_thread_blocked, id=48911, stack(0x000070000c930000,0x000070000ca30000)]
  0x00007f8772a2c000 JavaThread "Java2D Queue Flusher" daemon [_thread_blocked, id=83215, stack(0x000070000c82d000,0x000070000c92d000)]
  0x00007f87730cf800 JavaThread "AWT-Shutdown" [_thread_blocked, id=28451, stack(0x000070000c6a7000,0x000070000c7a7000)]
=>0x00007f87718d5000 JavaThread "AppKit Thread" daemon [_thread_in_native, id=775, stack(0x00007ffeec100000,0x00007ffeec900000)]
  0x00007f8772993800 JavaThread "JNativeHook Dispatch Thread" daemon [_thread_in_native, id=23299, stack(0x000070000c5a4000,0x000070000c6a4000)]
  0x00007f8773001800 JavaThread "DestroyJavaVM" [_thread_blocked, id=6403, stack(0x000070000b5f4000,0x000070000b6f4000)]
  0x00007f8771804000 JavaThread "JNativeHook Hook Thread" [_thread_in_native, id=16387, stack(0x000070000c41e000,0x000070000c51e000)]
  0x00007f8772827000 JavaThread "Service Thread" daemon [_thread_blocked, id=18179, stack(0x000070000c218000,0x000070000c318000)]
  0x00007f877203d800 JavaThread "C1 CompilerThread2" daemon [_thread_blocked, id=14595, stack(0x000070000c115000,0x000070000c215000)]
  0x00007f877203c800 JavaThread "C2 CompilerThread1" daemon [_thread_blocked, id=18691, stack(0x000070000c012000,0x000070000c112000)]
  0x00007f877202b800 JavaThread "C2 CompilerThread0" daemon [_thread_blocked, id=18947, stack(0x000070000bf0f000,0x000070000c00f000)]
  0x00007f877202a800 JavaThread "Signal Dispatcher" daemon [_thread_blocked, id=19203, stack(0x000070000be0c000,0x000070000bf0c000)]
  0x00007f8772826000 JavaThread "Finalizer" daemon [_thread_blocked, id=12291, stack(0x000070000bd09000,0x000070000be09000)]
  0x00007f877300d800 JavaThread "Reference Handler" daemon [_thread_blocked, id=12035, stack(0x000070000bc06000,0x000070000bd06000)]

Other Threads:
  0x00007f877281e000 VMThread [stack: 0x000070000bb03000,0x000070000bc03000] [id=11523]
  0x00007f8772836000 WatcherThread [stack: 0x000070000c31b000,0x000070000c41b000] [id=15107]

VM state:not at safepoint (normal execution)

VM Mutex/Monitor currently owned by a thread: None

Heap:
 PSYoungGen      total 38400K, used 11984K [0x0000000795580000, 0x0000000798000000, 0x00000007c0000000)
  eden space 33280K, 36% used [0x0000000795580000,0x00000007961340a8,0x0000000797600000)
  from space 5120K, 0% used [0x0000000797b00000,0x0000000797b00000,0x0000000798000000)
  to   space 5120K, 0% used [0x0000000797600000,0x0000000797600000,0x0000000797b00000)
 ParOldGen       total 87552K, used 0K [0x0000000740000000, 0x0000000745580000, 0x0000000795580000)
  object space 87552K, 0% used [0x0000000740000000,0x0000000740000000,0x0000000745580000)
 Metaspace       used 10534K, capacity 10794K, committed 10880K, reserved 1058816K
  class space    used 1261K, capacity 1354K, committed 1408K, reserved 1048576K

Card table byte_map: [0x0000000104f67000,0x0000000105368000] byte_map_base: 0x0000000101567000

Marking Bits: (ParMarkBitMap*) 0x00000001044f35d0
 Begin Bits: [0x0000000105613000, 0x0000000107613000)
 End Bits:   [0x0000000107613000, 0x0000000109613000)

Polling page: 0x0000000103378000

CodeCache: size=245760Kb used=2859Kb max_used=2859Kb free=242900Kb
 bounds [0x000000010cfec000, 0x000000010d2bc000, 0x000000011bfec000]
 total_blobs=1218 nmethods=717 adapters=415
 compilation: enabled

Compilation events (10 events):
Event: 4.296 Thread 0x00007f877203d800  713       3       jdk.internal.org.objectweb.asm.Type::getDescriptor (87 bytes)
Event: 4.297 Thread 0x00007f877203d800 nmethod 713 0x000000010d2b3090 code [0x000000010d2b3360, 0x000000010d2b4f38]
Event: 4.297 Thread 0x00007f877203d800  704       3       java.lang.String::lastIndexOf (11 bytes)
Event: 4.297 Thread 0x00007f877203d800 nmethod 704 0x000000010d2b5fd0 code [0x000000010d2b6140, 0x000000010d2b63e8]
Event: 4.299 Thread 0x00007f877203d800  715       3       java.lang.invoke.MemberName::isMethod (7 bytes)
Event: 4.299 Thread 0x00007f877203d800 nmethod 715 0x000000010d2b66d0 code [0x000000010d2b6840, 0x000000010d2b6ab0]
Event: 4.299 Thread 0x00007f877203d800  716       3       jdk.internal.org.objectweb.asm.Frame::<init> (5 bytes)
Event: 4.299 Thread 0x00007f877203d800 nmethod 716 0x000000010d2b6b90 code [0x000000010d2b6d00, 0x000000010d2b6eb0]
Event: 4.300 Thread 0x00007f877203d800  717       3       java.lang.invoke.MethodType::erase (8 bytes)
Event: 4.300 Thread 0x00007f877203d800 nmethod 717 0x000000010d2b6f50 code [0x000000010d2b70c0, 0x000000010d2b72b0]

GC Heap History (0 events):
No events

Deoptimization events (3 events):
Event: 2.140 Thread 0x00007f8772993800 Uncommon trap: reason=unstable_if action=reinterpret pc=0x000000010d1a1920 method=java.util.regex.Matcher.search(I)Z @ 91
Event: 4.234 Thread 0x00007f8772993800 Uncommon trap: reason=unstable_if action=reinterpret pc=0x000000010d1fe0bc method=java.lang.AbstractStringBuilder.append(Ljava/lang/String;)Ljava/lang/AbstractStringBuilder; @ 1
Event: 4.235 Thread 0x00007f8772993800 Uncommon trap: reason=unstable_if action=reinterpret pc=0x000000010d1f043c method=java.lang.AbstractStringBuilder.append(Ljava/lang/String;)Ljava/lang/AbstractStringBuilder; @ 1

Internal exceptions (10 events):
Event: 0.117 Thread 0x00007f8773001800 Exception <a 'java/security/PrivilegedActionException'> (0x000000079570b3b0) thrown at [/Users/java_re/workspace/8-2-build-macosx-x86_64/jdk8u151/9699/hotspot/src/share/vm/prims/jvm.cpp, line 1390]
Event: 0.117 Thread 0x00007f8773001800 Exception <a 'java/security/PrivilegedActionException'> (0x000000079570b5c0) thrown at [/Users/java_re/workspace/8-2-build-macosx-x86_64/jdk8u151/9699/hotspot/src/share/vm/prims/jvm.cpp, line 1390]
Event: 0.145 Thread 0x00007f8773001800 Exception <a 'java/security/PrivilegedActionException'> (0x0000000795774750) thrown at [/Users/java_re/workspace/8-2-build-macosx-x86_64/jdk8u151/9699/hotspot/src/share/vm/prims/jvm.cpp, line 1390]
Event: 0.145 Thread 0x00007f8773001800 Exception <a 'java/security/PrivilegedActionException'> (0x0000000795774b48) thrown at [/Users/java_re/workspace/8-2-build-macosx-x86_64/jdk8u151/9699/hotspot/src/share/vm/prims/jvm.cpp, line 1390]
Event: 1.918 Thread 0x00007f8772993800 Exception <a 'java/lang/NoSuchFieldError': method resolution failed> (0x0000000795b98c08) thrown at [/Users/java_re/workspace/8-2-build-macosx-x86_64/jdk8u151/9699/hotspot/src/share/vm/prims/methodHandles.cpp, line 1146]
Event: 1.924 Thread 0x00007f8772993800 Exception <a 'java/lang/NoSuchFieldError': method resolution failed> (0x0000000795ba63d8) thrown at [/Users/java_re/workspace/8-2-build-macosx-x86_64/jdk8u151/9699/hotspot/src/share/vm/prims/methodHandles.cpp, line 1146]
Event: 2.021 Thread 0x00007f8772993800 Exception <a 'java/io/FileNotFoundException'> (0x0000000795c20e50) thrown at [/Users/java_re/workspace/8-2-build-macosx-x86_64/jdk8u151/9699/hotspot/src/share/vm/prims/jni.cpp, line 709]
Event: 2.021 Thread 0x00007f8772993800 Exception <a 'java/io/FileNotFoundException'> (0x0000000795c219b8) thrown at [/Users/java_re/workspace/8-2-build-macosx-x86_64/jdk8u151/9699/hotspot/src/share/vm/prims/jni.cpp, line 709]
Event: 4.234 Thread 0x00007f8772993800 Implicit null exception at 0x000000010d1fdcf5 to 0x000000010d1fe0a9
Event: 4.235 Thread 0x00007f8772993800 Implicit null exception at 0x000000010d1f0034 to 0x000000010d1f0425

Events (10 events):
Event: 4.299 Executing VM operation: RevokeBias
Event: 4.299 Executing VM operation: RevokeBias done
Event: 4.301 loading class sun/java2d/pipe/BufferedPaints
Event: 4.301 loading class sun/java2d/pipe/BufferedPaints done
Event: 4.304 loading class java/awt/event/PaintEvent
Event: 4.304 loading class java/awt/event/PaintEvent done
Event: 4.304 Executing VM operation: RevokeBias
Event: 4.304 Executing VM operation: RevokeBias done
Event: 4.304 loading class java/awt/Event
Event: 4.304 loading class java/awt/Event done


Dynamic libraries:
0x00000000018d3000 	/System/Library/Frameworks/Cocoa.framework/Versions/A/Cocoa
0x00000000018d3000 	/System/Library/Frameworks/Security.framework/Versions/A/Security
0x00000000018d3000 	/System/Library/Frameworks/ApplicationServices.framework/Versions/A/ApplicationServices
0x00000000018d3000 	/usr/lib/libz.1.dylib
0x00000000018d3000 	/usr/lib/libSystem.B.dylib
0x00000000018d3000 	/usr/lib/libobjc.A.dylib
0x00000000018d3000 	/System/Library/Frameworks/CoreFoundation.framework/Versions/A/CoreFoundation
0x00000000018d3000 	/System/Library/Frameworks/Foundation.framework/Versions/C/Foundation
0x00000000018d3000 	/System/Library/Frameworks/AppKit.framework/Versions/C/AppKit
0x00000000018d3000 	/System/Library/Frameworks/CoreData.framework/Versions/A/CoreData
0x00000000018d3000 	/System/Library/PrivateFrameworks/RemoteViewServices.framework/Versions/A/RemoteViewServices
0x00000000018d3000 	/System/Library/PrivateFrameworks/UIFoundation.framework/Versions/A/UIFoundation
0x00000000018d3000 	/System/Library/PrivateFrameworks/XCTTargetBootstrap.framework/Versions/A/XCTTargetBootstrap
0x00000000018d3000 	/System/Library/Frameworks/CoreDisplay.framework/Versions/A/CoreDisplay
0x00000000018d3000 	/System/Library/PrivateFrameworks/IconServices.framework/Versions/A/IconServices
0x00000000018d3000 	/System/Library/Frameworks/Metal.framework/Versions/A/Metal
0x00000000018d3000 	/System/Library/PrivateFrameworks/DesktopServicesPriv.framework/Versions/A/DesktopServicesPriv
0x00000000018d3000 	/usr/lib/libenergytrace.dylib
0x00000000018d3000 	/System/Library/PrivateFrameworks/SkyLight.framework/Versions/A/SkyLight
0x00000000018d3000 	/System/Library/Frameworks/CoreGraphics.framework/Versions/A/CoreGraphics
0x00000000018d3000 	/System/Library/Frameworks/Accelerate.framework/Versions/A/Accelerate
0x00000000018d3000 	/System/Library/Frameworks/IOSurface.framework/Versions/A/IOSurface
0x00000000018d3000 	/System/Library/PrivateFrameworks/DFRFoundation.framework/Versions/A/DFRFoundation
0x00000000018d3000 	/System/Library/Frameworks/AudioToolbox.framework/Versions/A/AudioToolbox
0x00000000018d3000 	/System/Library/Frameworks/AudioUnit.framework/Versions/A/AudioUnit
0x00000000018d3000 	/System/Library/PrivateFrameworks/DataDetectorsCore.framework/Versions/A/DataDetectorsCore
0x00000000018d3000 	/System/Library/Frameworks/Carbon.framework/Versions/A/Frameworks/HIToolbox.framework/Versions/A/HIToolbox
0x00000000018d3000 	/usr/lib/libicucore.A.dylib
0x00000000018d3000 	/System/Library/Frameworks/QuartzCore.framework/Versions/A/QuartzCore
0x00000000018d3000 	/System/Library/Frameworks/Carbon.framework/Versions/A/Frameworks/SpeechRecognition.framework/Versions/A/SpeechRecognition
0x00000000018d3000 	/usr/lib/libauto.dylib
0x00000000018d3000 	/usr/lib/libxml2.2.dylib
0x00000000018d3000 	/System/Library/PrivateFrameworks/CoreUI.framework/Versions/A/CoreUI
0x00000000018d3000 	/System/Library/Frameworks/CoreAudio.framework/Versions/A/CoreAudio
0x00000000018d3000 	/System/Library/Frameworks/DiskArbitration.framework/Versions/A/DiskArbitration
0x00000000018d3000 	/usr/lib/liblangid.dylib
0x00000000018d3000 	/System/Library/PrivateFrameworks/MultitouchSupport.framework/Versions/A/MultitouchSupport
0x00000000018d3000 	/System/Library/Frameworks/IOKit.framework/Versions/A/IOKit
0x00000000018d3000 	/usr/lib/libDiagnosticMessagesClient.dylib
0x00000000018d3000 	/System/Library/Frameworks/CoreServices.framework/Versions/A/CoreServices
0x00000000018d3000 	/System/Library/PrivateFrameworks/PerformanceAnalysis.framework/Versions/A/PerformanceAnalysis
0x00000000018d3000 	/System/Library/Frameworks/OpenGL.framework/Versions/A/OpenGL
0x00000000018d3000 	/System/Library/Frameworks/ColorSync.framework/Versions/A/ColorSync
0x00000000018d3000 	/System/Library/Frameworks/CoreImage.framework/Versions/A/CoreImage
0x00000000018d3000 	/System/Library/Frameworks/CoreText.framework/Versions/A/CoreText
0x00000000018d3000 	/System/Library/Frameworks/ImageIO.framework/Versions/A/ImageIO
0x00000000018d3000 	/System/Library/PrivateFrameworks/Backup.framework/Versions/A/Backup
0x00000000018d3000 	/usr/lib/libarchive.2.dylib
0x00000000018d3000 	/System/Library/Frameworks/CFNetwork.framework/Versions/A/CFNetwork
0x00000000018d3000 	/System/Library/Frameworks/SystemConfiguration.framework/Versions/A/SystemConfiguration
0x00000000018d3000 	/usr/lib/libCRFSuite.dylib
0x00000000018d3000 	/usr/lib/libc++.1.dylib
0x00000000018d3000 	/usr/lib/libc++abi.dylib
0x00000000018d3000 	/usr/lib/system/libcache.dylib
0x00000000018d3000 	/usr/lib/system/libcommonCrypto.dylib
0x00000000018d3000 	/usr/lib/system/libcompiler_rt.dylib
0x00000000018d3000 	/usr/lib/system/libcopyfile.dylib
0x00000000018d3000 	/usr/lib/system/libcorecrypto.dylib
0x00000000018d3000 	/usr/lib/system/libdispatch.dylib
0x00000000018d3000 	/usr/lib/system/libdyld.dylib
0x00000000018d3000 	/usr/lib/system/libkeymgr.dylib
0x00000000018d3000 	/usr/lib/system/liblaunch.dylib
0x00000000018d3000 	/usr/lib/system/libmacho.dylib
0x00000000018d3000 	/usr/lib/system/libquarantine.dylib
0x00000000018d3000 	/usr/lib/system/libremovefile.dylib
0x00000000018d3000 	/usr/lib/system/libsystem_asl.dylib
0x00000000018d3000 	/usr/lib/system/libsystem_blocks.dylib
0x00000000018d3000 	/usr/lib/system/libsystem_c.dylib
0x00000000018d3000 	/usr/lib/system/libsystem_configuration.dylib
0x00000000018d3000 	/usr/lib/system/libsystem_coreservices.dylib
0x00000000018d3000 	/usr/lib/system/libsystem_darwin.dylib
0x00000000018d3000 	/usr/lib/system/libsystem_dnssd.dylib
0x00000000018d3000 	/usr/lib/system/libsystem_info.dylib
0x00000000018d3000 	/usr/lib/system/libsystem_m.dylib
0x00000000018d3000 	/usr/lib/system/libsystem_malloc.dylib
0x00000000018d3000 	/usr/lib/system/libsystem_networkextension.dylib
0x00000000018d3000 	/usr/lib/system/libsystem_notify.dylib
0x00000000018d3000 	/usr/lib/system/libsystem_sandbox.dylib
0x00000000018d3000 	/usr/lib/system/libsystem_secinit.dylib
0x00000000018d3000 	/usr/lib/system/libsystem_kernel.dylib
0x00000000018d3000 	/usr/lib/system/libsystem_platform.dylib
0x00000000018d3000 	/usr/lib/system/libsystem_pthread.dylib
0x00000000018d3000 	/usr/lib/system/libsystem_symptoms.dylib
0x00000000018d3000 	/usr/lib/system/libsystem_trace.dylib
0x00000000018d3000 	/usr/lib/system/libunwind.dylib
0x00000000018d3000 	/usr/lib/system/libxpc.dylib
0x00000000018d3000 	/usr/lib/libbsm.0.dylib
0x00000000018d3000 	/usr/lib/system/libkxld.dylib
0x00000000018d3000 	/System/Library/PrivateFrameworks/AppleFSCompression.framework/Versions/A/AppleFSCompression
0x00000000018d3000 	/usr/lib/libOpenScriptingUtil.dylib
0x00000000018d3000 	/usr/lib/libcoretls.dylib
0x00000000018d3000 	/usr/lib/libcoretls_cfhelpers.dylib
0x00000000018d3000 	/usr/lib/libpam.2.dylib
0x00000000018d3000 	/usr/lib/libsqlite3.dylib
0x00000000018d3000 	/usr/lib/libxar.1.dylib
0x00000000018d3000 	/usr/lib/libbz2.1.0.dylib
0x00000000018d3000 	/usr/lib/liblzma.5.dylib
0x00000000018d3000 	/usr/lib/libnetwork.dylib
0x00000000018d3000 	/usr/lib/libapple_nghttp2.dylib
0x00000000018d3000 	/usr/lib/libpcap.A.dylib
0x00000000018d3000 	/System/Library/Frameworks/CoreServices.framework/Versions/A/Frameworks/FSEvents.framework/Versions/A/FSEvents
0x00000000018d3000 	/System/Library/Frameworks/CoreServices.framework/Versions/A/Frameworks/CarbonCore.framework/Versions/A/CarbonCore
0x00000000018d3000 	/System/Library/Frameworks/CoreServices.framework/Versions/A/Frameworks/Metadata.framework/Versions/A/Metadata
0x00000000018d3000 	/System/Library/Frameworks/CoreServices.framework/Versions/A/Frameworks/OSServices.framework/Versions/A/OSServices
0x00000000018d3000 	/System/Library/Frameworks/CoreServices.framework/Versions/A/Frameworks/SearchKit.framework/Versions/A/SearchKit
0x00000000018d3000 	/System/Library/Frameworks/CoreServices.framework/Versions/A/Frameworks/AE.framework/Versions/A/AE
0x00000000018d3000 	/System/Library/Frameworks/CoreServices.framework/Versions/A/Frameworks/LaunchServices.framework/Versions/A/LaunchServices
0x00000000018d3000 	/System/Library/Frameworks/CoreServices.framework/Versions/A/Frameworks/DictionaryServices.framework/Versions/A/DictionaryServices
0x00000000018d3000 	/System/Library/Frameworks/CoreServices.framework/Versions/A/Frameworks/SharedFileList.framework/Versions/A/SharedFileList
0x00000000018d3000 	/System/Library/Frameworks/NetFS.framework/Versions/A/NetFS
0x00000000018d3000 	/System/Library/PrivateFrameworks/NetAuth.framework/Versions/A/NetAuth
0x00000000018d3000 	/System/Library/PrivateFrameworks/login.framework/Versions/A/Frameworks/loginsupport.framework/Versions/A/loginsupport
0x00000000018d3000 	/System/Library/PrivateFrameworks/TCC.framework/Versions/A/TCC
0x00000000018d3000 	/System/Library/PrivateFrameworks/CoreNLP.framework/Versions/A/CoreNLP
0x00000000018d3000 	/System/Library/PrivateFrameworks/MetadataUtilities.framework/Versions/A/MetadataUtilities
0x00000000018d3000 	/usr/lib/libmecabra.dylib
0x00000000018d3000 	/System/Library/Frameworks/ApplicationServices.framework/Versions/A/Frameworks/ATS.framework/Versions/A/ATS
0x00000000018d3000 	/System/Library/Frameworks/ApplicationServices.framework/Versions/A/Frameworks/ColorSyncLegacy.framework/Versions/A/ColorSyncLegacy
0x00000000018d3000 	/System/Library/Frameworks/ApplicationServices.framework/Versions/A/Frameworks/HIServices.framework/Versions/A/HIServices
0x00000000018d3000 	/System/Library/Frameworks/ApplicationServices.framework/Versions/A/Frameworks/LangAnalysis.framework/Versions/A/LangAnalysis
0x00000000018d3000 	/System/Library/Frameworks/ApplicationServices.framework/Versions/A/Frameworks/PrintCore.framework/Versions/A/PrintCore
0x00000000018d3000 	/System/Library/Frameworks/ApplicationServices.framework/Versions/A/Frameworks/QD.framework/Versions/A/QD
0x00000000018d3000 	/System/Library/Frameworks/ApplicationServices.framework/Versions/A/Frameworks/SpeechSynthesis.framework/Versions/A/SpeechSynthesis
0x00000000018d3000 	/usr/lib/libcompression.dylib
0x00000000018d3000 	/System/Library/Frameworks/MetalPerformanceShaders.framework/Versions/A/MetalPerformanceShaders
0x00000000018d3000 	/System/Library/Frameworks/Accelerate.framework/Versions/A/Frameworks/vImage.framework/Versions/A/vImage
0x00000000018d3000 	/System/Library/Frameworks/Accelerate.framework/Versions/A/Frameworks/vecLib.framework/Versions/A/vecLib
0x00000000018d3000 	/System/Library/Frameworks/Accelerate.framework/Versions/A/Frameworks/vecLib.framework/Versions/A/libvMisc.dylib
0x00000000018d3000 	/System/Library/Frameworks/Accelerate.framework/Versions/A/Frameworks/vecLib.framework/Versions/A/libvDSP.dylib
0x00000000018d3000 	/System/Library/Frameworks/Accelerate.framework/Versions/A/Frameworks/vecLib.framework/Versions/A/libBLAS.dylib
0x00000000018d3000 	/System/Library/Frameworks/Accelerate.framework/Versions/A/Frameworks/vecLib.framework/Versions/A/libLAPACK.dylib
0x00000000018d3000 	/System/Library/Frameworks/Accelerate.framework/Versions/A/Frameworks/vecLib.framework/Versions/A/libLinearAlgebra.dylib
0x00000000018d3000 	/System/Library/Frameworks/Accelerate.framework/Versions/A/Frameworks/vecLib.framework/Versions/A/libSparseBLAS.dylib
0x00000000018d3000 	/System/Library/Frameworks/Accelerate.framework/Versions/A/Frameworks/vecLib.framework/Versions/A/libQuadrature.dylib
0x00000000018d3000 	/System/Library/Frameworks/Accelerate.framework/Versions/A/Frameworks/vecLib.framework/Versions/A/libBNNS.dylib
0x00000000018d3000 	/System/Library/Frameworks/Accelerate.framework/Versions/A/Frameworks/vecLib.framework/Versions/A/libSparse.dylib
0x00000000018d3000 	/System/Library/PrivateFrameworks/GPUWrangler.framework/Versions/A/GPUWrangler
0x00000000018d3000 	/System/Library/PrivateFrameworks/IOAccelerator.framework/Versions/A/IOAccelerator
0x00000000018d3000 	/System/Library/PrivateFrameworks/IOPresentment.framework/Versions/A/IOPresentment
0x00000000018d3000 	/System/Library/PrivateFrameworks/DSExternalDisplay.framework/Versions/A/DSExternalDisplay
0x00000000018d3000 	/System/Library/Frameworks/OpenGL.framework/Versions/A/Libraries/libCoreFSCache.dylib
0x00000000018d3000 	/System/Library/Frameworks/MetalPerformanceShaders.framework/Frameworks/MPSCore.framework/Versions/A/MPSCore
0x00000000018d3000 	/System/Library/Frameworks/MetalPerformanceShaders.framework/Frameworks/MPSImage.framework/Versions/A/MPSImage
0x00000000018d3000 	/System/Library/Frameworks/MetalPerformanceShaders.framework/Frameworks/MPSNeuralNetwork.framework/Versions/A/MPSNeuralNetwork
0x00000000018d3000 	/System/Library/Frameworks/MetalPerformanceShaders.framework/Frameworks/MPSMatrix.framework/Versions/A/MPSMatrix
0x00000000018d3000 	/System/Library/Frameworks/MetalPerformanceShaders.framework/Frameworks/MPSRayIntersector.framework/Versions/A/MPSRayIntersector
0x00000000018d3000 	/System/Library/PrivateFrameworks/MetalTools.framework/Versions/A/MetalTools
0x00000000018d3000 	/System/Library/PrivateFrameworks/AggregateDictionary.framework/Versions/A/AggregateDictionary
0x00000000018d3000 	/usr/lib/libMobileGestalt.dylib
0x00000000018d3000 	/System/Library/Frameworks/CoreVideo.framework/Versions/A/CoreVideo
0x00000000018d3000 	/System/Library/PrivateFrameworks/GraphVisualizer.framework/Versions/A/GraphVisualizer
0x00000000018d3000 	/System/Library/PrivateFrameworks/FaceCore.framework/Versions/A/FaceCore
0x00000000018d3000 	/System/Library/Frameworks/OpenCL.framework/Versions/A/OpenCL
0x00000000018d3000 	/usr/lib/libFosl_dynamic.dylib
0x00000000018d3000 	/System/Library/PrivateFrameworks/OTSVG.framework/Versions/A/OTSVG
0x00000000018d3000 	/System/Library/Frameworks/ApplicationServices.framework/Versions/A/Frameworks/ATS.framework/Versions/A/Resources/libFontParser.dylib
0x00000000018d3000 	/System/Library/Frameworks/ApplicationServices.framework/Versions/A/Frameworks/ATS.framework/Versions/A/Resources/libFontRegistry.dylib
0x00000000018d3000 	/System/Library/Frameworks/ImageIO.framework/Versions/A/Resources/libJPEG.dylib
0x00000000018d3000 	/System/Library/Frameworks/ImageIO.framework/Versions/A/Resources/libTIFF.dylib
0x00000000018d3000 	/System/Library/Frameworks/ImageIO.framework/Versions/A/Resources/libPng.dylib
0x00000000018d3000 	/System/Library/Frameworks/ImageIO.framework/Versions/A/Resources/libGIF.dylib
0x00000000018d3000 	/System/Library/Frameworks/ImageIO.framework/Versions/A/Resources/libJP2.dylib
0x00000000018d3000 	/System/Library/Frameworks/ImageIO.framework/Versions/A/Resources/libRadiance.dylib
0x00000000018d3000 	/System/Library/PrivateFrameworks/AppleJPEG.framework/Versions/A/AppleJPEG
0x00000000018d3000 	/System/Library/Frameworks/OpenGL.framework/Versions/A/Libraries/libGFXShared.dylib
0x00000000018d3000 	/System/Library/Frameworks/OpenGL.framework/Versions/A/Libraries/libGLU.dylib
0x00000000018d3000 	/System/Library/Frameworks/OpenGL.framework/Versions/A/Libraries/libGL.dylib
0x00000000018d3000 	/System/Library/Frameworks/OpenGL.framework/Versions/A/Libraries/libGLImage.dylib
0x00000000018d3000 	/System/Library/Frameworks/OpenGL.framework/Versions/A/Libraries/libCVMSPluginSupport.dylib
0x00000000018d3000 	/System/Library/Frameworks/OpenGL.framework/Versions/A/Libraries/libCoreVMClient.dylib
0x00000000018d3000 	/usr/lib/libcups.2.dylib
0x00000000018d3000 	/System/Library/Frameworks/Kerberos.framework/Versions/A/Kerberos
0x00000000018d3000 	/System/Library/Frameworks/GSS.framework/Versions/A/GSS
0x00000000018d3000 	/usr/lib/libresolv.9.dylib
0x00000000018d3000 	/usr/lib/libiconv.2.dylib
0x00000000018d3000 	/System/Library/PrivateFrameworks/Heimdal.framework/Versions/A/Heimdal
0x00000000018d3000 	/usr/lib/libheimdal-asn1.dylib
0x00000000018d3000 	/System/Library/Frameworks/OpenDirectory.framework/Versions/A/OpenDirectory
0x00000000018d3000 	/System/Library/PrivateFrameworks/CommonAuth.framework/Versions/A/CommonAuth
0x00000000018d3000 	/System/Library/Frameworks/OpenDirectory.framework/Versions/A/Frameworks/CFOpenDirectory.framework/Versions/A/CFOpenDirectory
0x00000000018d3000 	/System/Library/Frameworks/SecurityFoundation.framework/Versions/A/SecurityFoundation
0x00000000018d3000 	/System/Library/PrivateFrameworks/APFS.framework/Versions/A/APFS
0x00000000018d3000 	/usr/lib/libutil.dylib
0x00000000018d3000 	/usr/lib/libcharset.1.dylib
0x00000000018d3000 	/System/Library/PrivateFrameworks/AppleSauce.framework/Versions/A/AppleSauce
0x00000000018d3000 	/System/Library/PrivateFrameworks/AssertionServices.framework/Versions/A/AssertionServices
0x00000000018d3000 	/System/Library/PrivateFrameworks/BaseBoard.framework/Versions/A/BaseBoard
0x00000000018d3000 	/usr/lib/libmecab.1.0.0.dylib
0x00000000018d3000 	/usr/lib/libgermantok.dylib
0x00000000018d3000 	/usr/lib/libThaiTokenizer.dylib
0x00000000018d3000 	/usr/lib/libChineseTokenizer.dylib
0x00000000018d3000 	/System/Library/PrivateFrameworks/LanguageModeling.framework/Versions/A/LanguageModeling
0x00000000018d3000 	/System/Library/PrivateFrameworks/CoreEmoji.framework/Versions/A/CoreEmoji
0x00000000018d3000 	/System/Library/PrivateFrameworks/Lexicon.framework/Versions/A/Lexicon
0x00000000018d3000 	/System/Library/PrivateFrameworks/LinguisticData.framework/Versions/A/LinguisticData
0x00000000018d3000 	/usr/lib/libcmph.dylib
0x00000000018d3000 	/System/Library/Frameworks/ServiceManagement.framework/Versions/A/ServiceManagement
0x00000000018d3000 	/System/Library/PrivateFrameworks/BackgroundTaskManagement.framework/Versions/A/BackgroundTaskManagement
0x00000000018d3000 	/usr/lib/libxslt.1.dylib
0x00000000018d3000 	/System/Library/Frameworks/Carbon.framework/Versions/A/Frameworks/Ink.framework/Versions/A/Ink
0x00000000018d3000 	/System/Library/PrivateFrameworks/TextureIO.framework/Versions/A/TextureIO
0x00000000018d3000 	/usr/lib/libate.dylib
0x00000000018d3000 	/System/Library/PrivateFrameworks/CrashReporterSupport.framework/Versions/A/CrashReporterSupport
0x00000000018d3000 	/System/Library/PrivateFrameworks/Sharing.framework/Versions/A/Sharing
0x00000000018d3000 	/System/Library/PrivateFrameworks/AuthKit.framework/Versions/A/AuthKit
0x00000000018d3000 	/System/Library/PrivateFrameworks/Apple80211.framework/Versions/A/Apple80211
0x00000000018d3000 	/System/Library/PrivateFrameworks/CoreUtils.framework/Versions/A/CoreUtils
0x00000000018d3000 	/System/Library/Frameworks/CoreWLAN.framework/Versions/A/CoreWLAN
0x00000000018d3000 	/System/Library/Frameworks/IOBluetooth.framework/Versions/A/IOBluetooth
0x00000000018d3000 	/System/Library/PrivateFrameworks/ProtocolBuffer.framework/Versions/A/ProtocolBuffer
0x00000000018d3000 	/System/Library/PrivateFrameworks/MobileKeyBag.framework/Versions/A/MobileKeyBag
0x00000000018d3000 	/System/Library/PrivateFrameworks/CorePhoneNumbers.framework/Versions/A/CorePhoneNumbers
0x00000000018d3000 	/System/Library/PrivateFrameworks/AppleIDAuthSupport.framework/Versions/A/AppleIDAuthSupport
0x00000000018d3000 	/System/Library/PrivateFrameworks/KeychainCircle.framework/Versions/A/KeychainCircle
0x00000000018d3000 	/System/Library/PrivateFrameworks/ROCKit.framework/Versions/A/ROCKit
0x00000000018d3000 	/System/Library/PrivateFrameworks/CoreWiFi.framework/Versions/A/CoreWiFi
0x00000000018d3000 	/System/Library/Frameworks/CoreBluetooth.framework/Versions/A/CoreBluetooth
0x00000000018d3000 	/System/Library/PrivateFrameworks/DebugSymbols.framework/Versions/A/DebugSymbols
0x00000000018d3000 	/System/Library/PrivateFrameworks/CoreSymbolication.framework/Versions/A/CoreSymbolication
0x00000000018d3000 	/System/Library/PrivateFrameworks/Symbolication.framework/Versions/A/Symbolication
0x00000000018d3000 	/System/Library/PrivateFrameworks/SpeechRecognitionCore.framework/Versions/A/SpeechRecognitionCore
0x0000000103c00000 	/Library/Java/JavaVirtualMachines/jdk1.8.0_151.jdk/Contents/Home/jre/lib/server/libjvm.dylib
0x00000000018d3000 	/usr/lib/libstdc++.6.dylib
0x0000000103335000 	/Library/Java/JavaVirtualMachines/jdk1.8.0_151.jdk/Contents/Home/jre/lib/libverify.dylib
0x0000000103343000 	/Library/Java/JavaVirtualMachines/jdk1.8.0_151.jdk/Contents/Home/jre/lib/libjava.dylib
0x00000001033c2000 	/Library/Java/JavaVirtualMachines/jdk1.8.0_151.jdk/Contents/Home/jre/lib/libzip.dylib
0x00000000018d3000 	/System/Library/Frameworks/JavaVM.framework/Versions/A/Frameworks/JavaRuntimeSupport.framework/Versions/A/JavaRuntimeSupport
0x00000000018d3000 	/System/Library/Frameworks/JavaVM.framework/Versions/A/Frameworks/JavaNativeFoundation.framework/Versions/A/JavaNativeFoundation
0x00000000018d3000 	/System/Library/Frameworks/JavaVM.framework/Versions/A/JavaVM
0x00000000018d3000 	/System/Library/Frameworks/Carbon.framework/Versions/A/Carbon
0x00000000018d3000 	/System/Library/PrivateFrameworks/JavaLaunching.framework/Versions/A/JavaLaunching
0x00000000018d3000 	/System/Library/Frameworks/Carbon.framework/Versions/A/Frameworks/CommonPanels.framework/Versions/A/CommonPanels
0x00000000018d3000 	/System/Library/Frameworks/Carbon.framework/Versions/A/Frameworks/Help.framework/Versions/A/Help
0x00000000018d3000 	/System/Library/Frameworks/Carbon.framework/Versions/A/Frameworks/ImageCapture.framework/Versions/A/ImageCapture
0x00000000018d3000 	/System/Library/Frameworks/Carbon.framework/Versions/A/Frameworks/OpenScripting.framework/Versions/A/OpenScripting
0x00000000018d3000 	/System/Library/Frameworks/Carbon.framework/Versions/A/Frameworks/Print.framework/Versions/A/Print
0x00000000018d3000 	/System/Library/Frameworks/Carbon.framework/Versions/A/Frameworks/SecurityHI.framework/Versions/A/SecurityHI
0x000000011c128000 	/private/var/folders/y_/hl6qqsqx2jl8x6h37mjb6fyw0000gn/T/libJNativeHook-2.0.2.dylib
0x000000011c15c000 	/Library/Java/JavaVirtualMachines/jdk1.8.0_151.jdk/Contents/Home/jre/lib/libawt.dylib
0x000000011c204000 	/Library/Java/JavaVirtualMachines/jdk1.8.0_151.jdk/Contents/Home/jre/lib/./libmlib_image.dylib
0x000000011c2d0000 	/Library/Java/JavaVirtualMachines/jdk1.8.0_151.jdk/Contents/Home/jre/lib/libawt_lwawt.dylib
0x000000011c03d000 	/Library/Java/JavaVirtualMachines/jdk1.8.0_151.jdk/Contents/Home/jre/lib/./libosxapp.dylib
0x00000000018d3000 	/System/Library/Frameworks/ExceptionHandling.framework/Versions/A/ExceptionHandling
0x00000000018d3000 	/System/Library/PrivateFrameworks/CoreServicesInternal.framework/Versions/A/CoreServicesInternal
0x00000000018d3000 	/System/Library/CoreServices/RawCamera.bundle/Contents/MacOS/RawCamera
0x00000000018d3000 	/System/Library/PrivateFrameworks/MobileAsset.framework/Versions/A/MobileAsset
0x00000000018d3000 	/System/Library/PrivateFrameworks/StreamingZip.framework/Versions/A/StreamingZip
0x00000000018d3000 	/System/Library/Frameworks/MediaToolbox.framework/Versions/A/MediaToolbox
0x00000000018d3000 	/System/Library/PrivateFrameworks/CoreAVCHD.framework/Versions/A/CoreAVCHD
0x00000000018d3000 	/System/Library/Frameworks/MediaAccessibility.framework/Versions/A/MediaAccessibility
0x00000000018d3000 	/System/Library/PrivateFrameworks/Mangrove.framework/Versions/A/Mangrove
0x00000000018d3000 	/System/Library/Frameworks/CoreMedia.framework/Versions/A/CoreMedia
0x00000000018d3000 	/System/Library/Frameworks/VideoToolbox.framework/Versions/A/VideoToolbox
0x00000000018d3000 	/System/Library/PrivateFrameworks/CoreAUC.framework/Versions/A/CoreAUC
0x00000000018d3000 	/usr/lib/libspindump.dylib
0x00000000018d3000 	/System/Library/PrivateFrameworks/AppleVA.framework/Versions/A/AppleVA
0x00000000018d3000 	/System/Library/Frameworks/Accelerate.framework/Versions/A/Frameworks/vImage.framework/Versions/A/Libraries/libCGInterfaces.dylib
0x00000000018d3000 	/System/Library/PrivateFrameworks/FamilyControls.framework/Versions/A/FamilyControls
0x00000000018d3000 	/System/Library/PrivateFrameworks/CommerceKit.framework/Versions/A/Frameworks/CommerceCore.framework/Versions/A/CommerceCore
0x00000000018d3000 	/System/Library/PrivateFrameworks/SystemAdministration.framework/Versions/A/SystemAdministration
0x00000000018d3000 	/System/Library/PrivateFrameworks/AppContainer.framework/Versions/A/AppContainer
0x00000000018d3000 	/System/Library/PrivateFrameworks/AppSandbox.framework/Versions/A/AppSandbox
0x00000000018d3000 	/System/Library/PrivateFrameworks/SecCodeWrapper.framework/Versions/A/SecCodeWrapper
0x00000000018d3000 	/usr/lib/libsandbox.1.dylib
0x00000000018d3000 	/usr/lib/libMatch.1.dylib
0x00000000018d3000 	/System/Library/PrivateFrameworks/DiskManagement.framework/Versions/A/DiskManagement
0x00000000018d3000 	/System/Library/Frameworks/DirectoryService.framework/Versions/A/DirectoryService
0x00000000018d3000 	/System/Library/PrivateFrameworks/DiskImages.framework/Versions/A/DiskImages
0x00000000018d3000 	/System/Library/PrivateFrameworks/LoginUIKit.framework/Versions/A/Frameworks/LoginUICore.framework/Versions/A/LoginUICore
0x00000000018d3000 	/usr/lib/libCoreStorage.dylib
0x00000000018d3000 	/usr/lib/libcsfde.dylib
0x00000000018d3000 	/usr/lib/libodfde.dylib
0x00000000018d3000 	/System/Library/PrivateFrameworks/MediaKit.framework/Versions/A/MediaKit
0x00000000018d3000 	/System/Library/Frameworks/DiscRecording.framework/Versions/A/DiscRecording
0x00000000018d3000 	/System/Library/PrivateFrameworks/EFILogin.framework/Versions/A/EFILogin
0x00000000018d3000 	/System/Library/PrivateFrameworks/ProtectedCloudStorage.framework/Versions/A/ProtectedCloudStorage
0x00000000018d3000 	/usr/lib/libcurl.4.dylib
0x00000000018d3000 	/usr/lib/libcrypto.42.dylib
0x00000000018d3000 	/usr/lib/libssl.44.dylib
0x00000000018d3000 	/System/Library/Frameworks/LDAP.framework/Versions/A/LDAP
0x00000000018d3000 	/System/Library/PrivateFrameworks/TrustEvaluationAgent.framework/Versions/A/TrustEvaluationAgent
0x00000000018d3000 	/usr/lib/libsasl2.2.dylib
0x00000000018d3000 	/System/Library/PrivateFrameworks/CoreDaemon.framework/Versions/B/CoreDaemon
0x00000000018d3000 	/System/Library/PrivateFrameworks/AppleSRP.framework/Versions/A/AppleSRP
0x00000000018d3000 	/System/Library/PrivateFrameworks/ViewBridge.framework/Versions/A/ViewBridge
0x000000011dfeb000 	/Library/Java/JavaVirtualMachines/jdk1.8.0_151.jdk/Contents/Home/jre/lib/libfontmanager.dylib
0x000000011e052000 	/Library/Java/JavaVirtualMachines/jdk1.8.0_151.jdk/Contents/Home/jre/lib/libosxui.dylib
0x00000000018d3000 	/System/Library/Frameworks/OpenGL.framework/Versions/A/Resources/GLEngine.bundle/GLEngine
0x00000000018d3000 	/System/Library/Frameworks/OpenGL.framework/Versions/A/Libraries/libGLProgrammability.dylib
0x00000000018d3000 	/System/Library/Extensions/AppleIntelBDWGraphicsGLDriver.bundle/Contents/MacOS/AppleIntelBDWGraphicsGLDriver
0x00000000018d3000 	/System/Library/PrivateFrameworks/GPUSupport.framework/Versions/A/Libraries/libGPUSupportMercury.dylib
0x00000000018d3000 	/System/Library/Frameworks/OpenGL.framework/Versions/A/Resources/GLRendererFloat.bundle/GLRendererFloat
0x00000000018d3000 	/System/Library/Frameworks/OpenCL.framework/Versions/A/Libraries/libcldcpuengine.dylib
0x00000000018d3000 	/usr/lib/libcrypto.35.dylib
0x000000011f768000 	/Library/Java/JavaVirtualMachines/jdk1.8.0_151.jdk/Contents/Home/jre/lib/libnet.dylib
0x000000011f77f000 	/Library/Java/JavaVirtualMachines/jdk1.8.0_151.jdk/Contents/Home/jre/lib/libnio.dylib
0x00000000018d3000 	/System/Library/Frameworks/ApplicationServices.framework/Versions/A/Frameworks/ATS.framework/Versions/A/Resources/libTrueTypeScaler.dylib
0x000000015be8e000 	/usr/lib/libobjc-trampolines.dylib

VM Arguments:
jvm_args: -Dfile.encoding=UTF-8 
java_command: com.ngu_software.ca.JNHTest
java_class_path (initial): /Users/nguyen/Projects/Programming/Java/Code Andon/target/classes:/Users/nguyen/.m2/repository/com/1stleg/jnativehook/2.0.2/jnativehook-2.0.2.jar:/Users/nguyen/.m2/repository/org/slf4j/slf4j-simple/2.0.0-alpha0/slf4j-simple-2.0.0-alpha0.jar:/Users/nguyen/.m2/repository/org/slf4j/slf4j-api/2.0.0-alpha0/slf4j-api-2.0.0-alpha0.jar:/Users/nguyen/.m2/repository/io/github/java-native/jssc/2.9.2/jssc-2.9.2.jar:/Users/nguyen/.m2/repository/org/scijava/native-lib-loader/2.3.3/native-lib-loader-2.3.3.jar
Launcher Type: SUN_STANDARD

Environment Variables:
PATH=/usr/bin:/bin:/usr/sbin:/sbin
SHELL=/bin/bash
DISPLAY=/private/tmp/com.apple.launchd.aT04h3ukt8/org.macosforge.xquartz:0

Signal Handlers:
SIGSEGV: [libjvm.dylib+0x5b27a5], sa_mask[0]=11111111011111110111111111111111, sa_flags=SA_ONSTACK|SA_RESTART|SA_SIGINFO
SIGBUS: [libjvm.dylib+0x5b27a5], sa_mask[0]=11111111011111110111111111111111, sa_flags=SA_RESTART|SA_SIGINFO
SIGFPE: [libjvm.dylib+0x4891c4], sa_mask[0]=11111111011111110111111111111111, sa_flags=SA_RESTART|SA_SIGINFO
SIGPIPE: [libjvm.dylib+0x4891c4], sa_mask[0]=11111111011111110111111111111111, sa_flags=SA_RESTART|SA_SIGINFO
SIGXFSZ: [libjvm.dylib+0x4891c4], sa_mask[0]=11111111011111110111111111111111, sa_flags=SA_RESTART|SA_SIGINFO
SIGILL: [libjvm.dylib+0x4891c4], sa_mask[0]=11111111011111110111111111111111, sa_flags=SA_RESTART|SA_SIGINFO
SIGUSR1: SIG_DFL, sa_mask[0]=00000000000000000000000000000000, sa_flags=none
SIGUSR2: [libjvm.dylib+0x488ce2], sa_mask[0]=00100000000000000000000000000000, sa_flags=SA_RESTART|SA_SIGINFO
SIGHUP: [libjvm.dylib+0x4872b9], sa_mask[0]=11111111011111110111111111111111, sa_flags=SA_RESTART|SA_SIGINFO
SIGINT: [libjvm.dylib+0x4872b9], sa_mask[0]=11111111011111110111111111111111, sa_flags=SA_RESTART|SA_SIGINFO
SIGTERM: [libjvm.dylib+0x4872b9], sa_mask[0]=11111111011111110111111111111111, sa_flags=SA_RESTART|SA_SIGINFO
SIGQUIT: [libjvm.dylib+0x4872b9], sa_mask[0]=11111111011111110111111111111111, sa_flags=SA_RESTART|SA_SIGINFO


---------------  S Y S T E M  ---------------

OS:Bsduname:Darwin 18.7.0 Darwin Kernel Version 18.7.0: Tue Aug 20 16:57:14 PDT 2019; root:xnu-4903.271.2~2/RELEASE_X86_64 x86_64
rlimit: STACK 8192k, CORE 0k, NPROC 2048, NOFILE 8192, AS infinity
load average:2.57 2.68 2.57

CPU:total 4 (initial active 4) (2 cores per cpu, 2 threads per core) family 6 model 61 stepping 4, cmov, cx8, fxsr, mmx, sse, sse2, sse3, ssse3, sse4.1, sse4.2, popcnt, avx, avx2, aes, clmul, erms, 3dnowpref, lzcnt, ht, tsc, tscinvbit, bmi1, bmi2, adx

Memory: 4k page, physical 8388608k(127924k free)

/proc/meminfo:


vm_info: Java HotSpot(TM) 64-Bit Server VM (25.151-b12) for bsd-amd64 JRE (1.8.0_151-b12), built on Sep  5 2017 19:37:08 by "java_re" with gcc 4.2.1 (Based on Apple Inc. build 5658) (LLVM build 2336.11.00)

time: Wed Feb 17 17:44:59 2021
elapsed time: 4 seconds (0d 0h 0m 4s)

