#
# A fatal error has been detected by the Java Runtime Environment:
#
#  SIGSEGV (0xb) at pc=0x000000010de1012f, pid=40928, tid=0x000000000000d607
#
# JRE version: Java(TM) SE Runtime Environment (8.0_151-b12) (build 1.8.0_151-b12)
# Java VM: Java HotSpot(TM) 64-Bit Server VM (25.151-b12 mixed mode bsd-amd64 compressed oops)
# Problematic frame:
# C  [librxtxSerial.jnilib+0x312f]  Java_gnu_io_RXTXPort_interruptEventLoop+0x6b
#
# Failed to write core dump. Core dumps have been disabled. To enable core dumping, try "ulimit -c unlimited" before starting Java again
#
# If you would like to submit a bug report, please visit:
#   http://bugreport.java.com/bugreport/crash.jsp
# The crash happened outside the Java Virtual Machine in native code.
# See problematic frame for where to report the bug.
#

---------------  T H R E A D  ---------------

Current thread (0x00007fa3f3801000):  JavaThread "AWT-EventQueue-0" [_thread_in_native, id=54791, stack(0x0000700006670000,0x0000700006770000)]

siginfo: si_signo: 11 (SIGSEGV), si_code: 1 (SEGV_MAPERR), si_addr: 0x0000700006466888

Registers:
RAX=0x0000000000000000, RBX=0x0000700006466720, RCX=0x00007000067700ac, RDX=0xffffffffffffffff
RSP=0x000070000676d920, RBP=0x000070000676d930, RSI=0x0000000000000000, RDI=0x000000000000003c
R8 =0x0000000000000000, R9 =0x0000000002faf080, R10=0x0000000000000001, R11=0x0000000000000247
R12=0x0000000000000017, R13=0x000000015e9040a8, R14=0x000070000676d9b0, R15=0x00007fa3f3801000
RIP=0x000000010de1012f, EFLAGS=0x0000000000010202, ERR=0x0000000000000004
  TRAPNO=0x000000000000000e

Top of Stack: (sp=0x000070000676d920)
0x000070000676d920:   000000015e9040a8 0000000000000000
0x000070000676d930:   000070000676d990 0000000110e889f4
0x000070000676d940:   0000000110e946e3 0000000110e88742
0x000070000676d950:   000070000676d950 000000015e9040a8
0x000070000676d960:   000070000676d9b0 000000015e91fb68
0x000070000676d970:   0000000000000000 000000015e9040a8
0x000070000676d980:   0000000000000000 000070000676d9b0
0x000070000676d990:   000070000676d9f8 0000000110e792bd
0x000070000676d9a0:   0000000000000000 0000000110e82538
0x000070000676d9b0:   0000000796511050 000070000676d9b8
0x000070000676d9c0:   000000015e90454f 000070000676da10
0x000070000676d9d0:   000000015e91fb68 0000000000000000
0x000070000676d9e0:   000000015e9045b8 000070000676d9b0
0x000070000676d9f0:   000070000676da10 000070000676da68
0x000070000676da00:   0000000110e792bd 0000000000000000
0x000070000676da10:   0000000796511050 0000000000000003
0x000070000676da20:   0000000796498a88 000070000676da18
0x000070000676da30:   000000015c438ea3 000070000676da78
0x000070000676da40:   000000015c438f70 0000000000000000
0x000070000676da50:   000000015c438ed0 000070000676da10
0x000070000676da60:   000070000676da78 000070000676dac0
0x000070000676da70:   0000000110e792bd 0000000796498a88
0x000070000676da80:   000070000676da80 000000010906d41a
0x000070000676da90:   000070000676dad8 000000010906d808
0x000070000676daa0:   0000000000000000 000000010906d450
0x000070000676dab0:   000070000676da78 000070000676dad0
0x000070000676dac0:   000070000676db20 0000000110e792bd
0x000070000676dad0:   000000079651c078 00000007955f81c0
0x000070000676dae0:   000070000676dae0 00000001090f6745
0x000070000676daf0:   000070000676db38 00000001090f6828
0x000070000676db00:   0000000000000000 00000001090f6758
0x000070000676db10:   000070000676dad0 000070000676db30 

Instructions: (pc=0x000000010de1012f)
0x000000010de1010f:   00 01 00 00 00 48 8b bb 78 01 00 00 be 06 00 00
0x000000010de1011f:   00 e8 4d 27 00 00 bf 50 c3 00 00 e8 c7 27 00 00
0x000000010de1012f:   83 bb 68 01 00 00 01 74 16 48 8b bb 78 01 00 00
0x000000010de1013f:   e8 16 27 00 00 c7 83 68 01 00 00 01 00 00 00 5b 

Register to memory mapping:

RAX=0x0000000000000000 is an unknown value
RBX=0x0000700006466720 is an unknown value
RCX=0x00007000067700ac is an unknown value
RDX=0xffffffffffffffff is an unknown value
RSP=0x000070000676d920 is pointing into the stack for thread: 0x00007fa3f3801000
RBP=0x000070000676d930 is pointing into the stack for thread: 0x00007fa3f3801000
RSI=0x0000000000000000 is an unknown value
RDI=0x000000000000003c is an unknown value
R8 =0x0000000000000000 is an unknown value
R9 =0x0000000002faf080 is an unknown value
R10=0x0000000000000001 is an unknown value
R11=0x0000000000000247 is an unknown value
R12=0x0000000000000017 is an unknown value
R13={method} {0x000000015e9040a8} 'interruptEventLoop' '()V' in 'gnu/io/RXTXPort'
R14=0x000070000676d9b0 is pointing into the stack for thread: 0x00007fa3f3801000
R15=0x00007fa3f3801000 is a thread


Stack: [0x0000700006670000,0x0000700006770000],  sp=0x000070000676d920,  free space=1014k
Native frames: (J=compiled Java code, j=interpreted, Vv=VM code, C=native code)
C  [librxtxSerial.jnilib+0x312f]  Java_gnu_io_RXTXPort_interruptEventLoop+0x6b
j  gnu.io.RXTXPort.interruptEventLoop()V+0
j  gnu.io.RXTXPort.removeEventListener()V+55
j  com.ngu_software.ca.controller.ArduinoResolver.close()V+11
j  com.ngu_software.ca.ui.CAMenu.lambda$0(Ljava/awt/event/ActionEvent;)V+114
j  com.ngu_software.ca.ui.CAMenu$$Lambda$4.actionPerformed(Ljava/awt/event/ActionEvent;)V+5
j  java.awt.MenuItem.processActionEvent(Ljava/awt/event/ActionEvent;)V+11
j  java.awt.MenuItem.processEvent(Ljava/awt/AWTEvent;)V+12
j  java.awt.MenuComponent.dispatchEventImpl(Ljava/awt/AWTEvent;)V+58
j  java.awt.MenuComponent.dispatchEvent(Ljava/awt/AWTEvent;)V+2
j  java.awt.EventQueue.dispatchEventImpl(Ljava/awt/AWTEvent;Ljava/lang/Object;)V+63
j  java.awt.EventQueue.access$500(Ljava/awt/EventQueue;Ljava/awt/AWTEvent;Ljava/lang/Object;)V+3
j  java.awt.EventQueue$3.run()Ljava/lang/Void;+32
j  java.awt.EventQueue$3.run()Ljava/lang/Object;+1
v  ~StubRoutines::call_stub
V  [libjvm.dylib+0x2ee9aa]
V  [libjvm.dylib+0x34f108]
J 224  java.security.AccessController.doPrivileged(Ljava/security/PrivilegedAction;Ljava/security/AccessControlContext;)Ljava/lang/Object; (0 bytes) @ 0x0000000110feb0d5 [0x0000000110feb000+0xd5]
J 826 C1 java.security.ProtectionDomain$JavaSecurityAccessImpl.doIntersectionPrivilege(Ljava/security/PrivilegedAction;Ljava/security/AccessControlContext;Ljava/security/AccessControlContext;)Ljava/lang/Object; (22 bytes) @ 0x00000001111496dc [0x0000000111149260+0x47c]
j  java.security.ProtectionDomain$JavaSecurityAccessImpl.doIntersectionPrivilege(Ljava/security/PrivilegedAction;Ljava/security/AccessControlContext;)Ljava/lang/Object;+6
j  java.awt.EventQueue$4.run()Ljava/lang/Void;+11
j  java.awt.EventQueue$4.run()Ljava/lang/Object;+1
v  ~StubRoutines::call_stub
V  [libjvm.dylib+0x2ee9aa]
V  [libjvm.dylib+0x34f108]
J 224  java.security.AccessController.doPrivileged(Ljava/security/PrivilegedAction;Ljava/security/AccessControlContext;)Ljava/lang/Object; (0 bytes) @ 0x0000000110feb0d5 [0x0000000110feb000+0xd5]
J 893 C1 java.awt.EventQueue.dispatchEvent(Ljava/awt/AWTEvent;)V (80 bytes) @ 0x00000001111657b4 [0x0000000111164900+0xeb4]
j  java.awt.EventDispatchThread.pumpOneEventForFilters(I)V+245
j  java.awt.EventDispatchThread.pumpEventsForFilter(ILjava/awt/Conditional;Ljava/awt/EventFilter;)V+35
j  java.awt.EventDispatchThread.pumpEventsForHierarchy(ILjava/awt/Conditional;Ljava/awt/Component;)V+11
j  java.awt.EventDispatchThread.pumpEvents(ILjava/awt/Conditional;)V+4
j  java.awt.EventDispatchThread.pumpEvents(Ljava/awt/Conditional;)V+3
j  java.awt.EventDispatchThread.run()V+9
v  ~StubRoutines::call_stub
V  [libjvm.dylib+0x2ee9aa]
V  [libjvm.dylib+0x2ef14e]
V  [libjvm.dylib+0x2ef2fa]
V  [libjvm.dylib+0x349a51]
V  [libjvm.dylib+0x56c173]
V  [libjvm.dylib+0x56d860]
V  [libjvm.dylib+0x48bbb2]
C  [libsystem_pthread.dylib+0x32eb]  _pthread_body+0x7e
C  [libsystem_pthread.dylib+0x6249]  _pthread_start+0x42
C  [libsystem_pthread.dylib+0x240d]  thread_start+0xd
C  0x0000000000000000

Java frames: (J=compiled Java code, j=interpreted, Vv=VM code)
j  gnu.io.RXTXPort.interruptEventLoop()V+0
j  gnu.io.RXTXPort.removeEventListener()V+55
j  com.ngu_software.ca.controller.ArduinoResolver.close()V+11
j  com.ngu_software.ca.ui.CAMenu.lambda$0(Ljava/awt/event/ActionEvent;)V+114
j  com.ngu_software.ca.ui.CAMenu$$Lambda$4.actionPerformed(Ljava/awt/event/ActionEvent;)V+5
j  java.awt.MenuItem.processActionEvent(Ljava/awt/event/ActionEvent;)V+11
j  java.awt.MenuItem.processEvent(Ljava/awt/AWTEvent;)V+12
j  java.awt.MenuComponent.dispatchEventImpl(Ljava/awt/AWTEvent;)V+58
j  java.awt.MenuComponent.dispatchEvent(Ljava/awt/AWTEvent;)V+2
j  java.awt.EventQueue.dispatchEventImpl(Ljava/awt/AWTEvent;Ljava/lang/Object;)V+63
j  java.awt.EventQueue.access$500(Ljava/awt/EventQueue;Ljava/awt/AWTEvent;Ljava/lang/Object;)V+3
j  java.awt.EventQueue$3.run()Ljava/lang/Void;+32
j  java.awt.EventQueue$3.run()Ljava/lang/Object;+1
v  ~StubRoutines::call_stub
J 224  java.security.AccessController.doPrivileged(Ljava/security/PrivilegedAction;Ljava/security/AccessControlContext;)Ljava/lang/Object; (0 bytes) @ 0x0000000110feb063 [0x0000000110feb000+0x63]
J 826 C1 java.security.ProtectionDomain$JavaSecurityAccessImpl.doIntersectionPrivilege(Ljava/security/PrivilegedAction;Ljava/security/AccessControlContext;Ljava/security/AccessControlContext;)Ljava/lang/Object; (22 bytes) @ 0x00000001111496dc [0x0000000111149260+0x47c]
j  java.security.ProtectionDomain$JavaSecurityAccessImpl.doIntersectionPrivilege(Ljava/security/PrivilegedAction;Ljava/security/AccessControlContext;)Ljava/lang/Object;+6
j  java.awt.EventQueue$4.run()Ljava/lang/Void;+11
j  java.awt.EventQueue$4.run()Ljava/lang/Object;+1
v  ~StubRoutines::call_stub
J 224  java.security.AccessController.doPrivileged(Ljava/security/PrivilegedAction;Ljava/security/AccessControlContext;)Ljava/lang/Object; (0 bytes) @ 0x0000000110feb063 [0x0000000110feb000+0x63]
J 893 C1 java.awt.EventQueue.dispatchEvent(Ljava/awt/AWTEvent;)V (80 bytes) @ 0x00000001111657b4 [0x0000000111164900+0xeb4]
j  java.awt.EventDispatchThread.pumpOneEventForFilters(I)V+245
j  java.awt.EventDispatchThread.pumpEventsForFilter(ILjava/awt/Conditional;Ljava/awt/EventFilter;)V+35
j  java.awt.EventDispatchThread.pumpEventsForHierarchy(ILjava/awt/Conditional;Ljava/awt/Component;)V+11
j  java.awt.EventDispatchThread.pumpEvents(ILjava/awt/Conditional;)V+4
j  java.awt.EventDispatchThread.pumpEvents(Ljava/awt/Conditional;)V+3
j  java.awt.EventDispatchThread.run()V+9
v  ~StubRoutines::call_stub

---------------  P R O C E S S  ---------------

Java Threads: ( => current thread )
  0x00007fa3f292f800 JavaThread "TimerQueue" daemon [_thread_blocked, id=75039, stack(0x00007000067f6000,0x00007000068f6000)]
=>0x00007fa3f3801000 JavaThread "AWT-EventQueue-0" [_thread_in_native, id=54791, stack(0x0000700006670000,0x0000700006770000)]
  0x00007fa3f2914000 JavaThread "DestroyJavaVM" [_thread_blocked, id=10243, stack(0x000070000522e000,0x000070000532e000)]
  0x00007fa3f2225800 JavaThread "Java2D Disposer" daemon [_thread_blocked, id=78595, stack(0x000070000656d000,0x000070000666d000)]
  0x00007fa3f290e000 JavaThread "Java2D Queue Flusher" daemon [_thread_blocked, id=50187, stack(0x000070000646a000,0x000070000656a000)]
  0x00007fa3f2163800 JavaThread "AWT-Shutdown" [_thread_blocked, id=39983, stack(0x00007000060db000,0x00007000061db000)]
  0x00007fa3f38fe800 JavaThread "AppKit Thread" daemon [_thread_in_native, id=775, stack(0x00007ffeecf6a000,0x00007ffeed76a000)]
  0x00007fa3f2028800 JavaThread "Service Thread" daemon [_thread_blocked, id=14339, stack(0x0000700005e52000,0x0000700005f52000)]
  0x00007fa3f3030800 JavaThread "C1 CompilerThread2" daemon [_thread_blocked, id=13827, stack(0x0000700005d4f000,0x0000700005e4f000)]
  0x00007fa3f381c800 JavaThread "C2 CompilerThread1" daemon [_thread_blocked, id=13315, stack(0x0000700005c4c000,0x0000700005d4c000)]
  0x00007fa3f201d800 JavaThread "C2 CompilerThread0" daemon [_thread_blocked, id=17923, stack(0x0000700005b49000,0x0000700005c49000)]
  0x00007fa3f381b000 JavaThread "Signal Dispatcher" daemon [_thread_blocked, id=18435, stack(0x0000700005a46000,0x0000700005b46000)]
  0x00007fa3f2811800 JavaThread "Finalizer" daemon [_thread_blocked, id=11523, stack(0x0000700005943000,0x0000700005a43000)]
  0x00007fa3f280f000 JavaThread "Reference Handler" daemon [_thread_blocked, id=11267, stack(0x0000700005840000,0x0000700005940000)]

Other Threads:
  0x00007fa3f280a800 VMThread [stack: 0x000070000573d000,0x000070000583d000] [id=20483]
  0x00007fa3f2814800 WatcherThread [stack: 0x0000700005f55000,0x0000700006055000] [id=14595]

VM state:not at safepoint (normal execution)

VM Mutex/Monitor currently owned by a thread: None

Heap:
 PSYoungGen      total 38400K, used 16874K [0x0000000795580000, 0x0000000798000000, 0x00000007c0000000)
  eden space 33280K, 50% used [0x0000000795580000,0x00000007965fa928,0x0000000797600000)
  from space 5120K, 0% used [0x0000000797b00000,0x0000000797b00000,0x0000000798000000)
  to   space 5120K, 0% used [0x0000000797600000,0x0000000797600000,0x0000000797b00000)
 ParOldGen       total 87552K, used 0K [0x0000000740000000, 0x0000000745580000, 0x0000000795580000)
  object space 87552K, 0% used [0x0000000740000000,0x0000000740000000,0x0000000745580000)
 Metaspace       used 12345K, capacity 12716K, committed 13056K, reserved 1060864K
  class space    used 1614K, capacity 1751K, committed 1792K, reserved 1048576K

Card table byte_map: [0x00000001041c0000,0x00000001045c1000] byte_map_base: 0x00000001007c0000

Marking Bits: (ParMarkBitMap*) 0x0000000102dbe5d0
 Begin Bits: [0x000000010486c000, 0x000000010686c000)
 End Bits:   [0x000000010686c000, 0x000000010886c000)

Polling page: 0x00000001034b5000

CodeCache: size=245760Kb used=3361Kb max_used=3362Kb free=242398Kb
 bounds [0x0000000110e71000, 0x00000001111c1000, 0x000000011fe71000]
 total_blobs=1575 nmethods=1010 adapters=479
 compilation: enabled

Compilation events (10 events):
Event: 16.310 Thread 0x00007fa3f3030800 1006       3       java.io.InputStreamReader::read (11 bytes)
Event: 16.310 Thread 0x00007fa3f3030800 nmethod 1006 0x00000001111b7c10 code [0x00000001111b7d80, 0x00000001111b7f28]
Event: 16.310 Thread 0x00007fa3f3030800 1007   !   3       sun.nio.cs.StreamDecoder::read (196 bytes)
Event: 16.312 Thread 0x00007fa3f3030800 nmethod 1007 0x00000001111b6550 code [0x00000001111b6780, 0x00000001111b74c8]
Event: 16.343 Thread 0x00007fa3f3030800 1008       3       java.io.BufferedReader::fill (170 bytes)
Event: 16.344 Thread 0x00007fa3f3030800 nmethod 1008 0x00000001111b5b50 code [0x00000001111b5d00, 0x00000001111b6388]
Event: 16.830 Thread 0x00007fa3f381c800 1009       4       java.nio.CharBuffer::arrayOffset (35 bytes)
Event: 16.831 Thread 0x00007fa3f381c800 nmethod 1009 0x00000001111b58d0 code [0x00000001111b5a20, 0x00000001111b5ab8]
Event: 16.834 Thread 0x00007fa3f3030800 1010       3       sun.nio.cs.StreamDecoder::implRead (243 bytes)
Event: 16.837 Thread 0x00007fa3f3030800 nmethod 1010 0x00000001111b8790 code [0x00000001111b8a80, 0x00000001111ba4a8]

GC Heap History (0 events):
No events

Deoptimization events (7 events):
Event: 4.849 Thread 0x00007fa3f3801000 Uncommon trap: reason=unstable_if action=reinterpret pc=0x00000001110a4f80 method=java.lang.String.replace(CC)Ljava/lang/String; @ 26
Event: 4.879 Thread 0x00007fa3f3801000 Uncommon trap: reason=class_check action=maybe_recompile pc=0x0000000110fdb39c method=java.lang.String.equals(Ljava/lang/Object;)Z @ 8
Event: 4.879 Thread 0x00007fa3f3801000 Uncommon trap: reason=class_check action=maybe_recompile pc=0x0000000110fdb39c method=java.lang.String.equals(Ljava/lang/Object;)Z @ 8
Event: 4.884 Thread 0x00007fa3f3801000 Uncommon trap: reason=class_check action=maybe_recompile pc=0x0000000110fdb39c method=java.lang.String.equals(Ljava/lang/Object;)Z @ 8
Event: 4.884 Thread 0x00007fa3f3801000 Uncommon trap: reason=class_check action=maybe_recompile pc=0x0000000110fdb39c method=java.lang.String.equals(Ljava/lang/Object;)Z @ 8
Event: 5.507 Thread 0x00007fa3f3801000 Uncommon trap: reason=unstable_if action=reinterpret pc=0x0000000111055280 method=java.lang.String.toLowerCase(Ljava/util/Locale;)Ljava/lang/String; @ 85
Event: 12.764 Thread 0x00007fa3f3801000 Uncommon trap: reason=unstable_if action=reinterpret pc=0x000000011111bd50 method=java.lang.String.trim()Ljava/lang/String; @ 23

Internal exceptions (10 events):
Event: 12.781 Thread 0x00007fa3f3801000 Exception <a 'java/io/FileNotFoundException'> (0x00000007964eaff8) thrown at [/Users/java_re/workspace/8-2-build-macosx-x86_64/jdk8u151/9699/hotspot/src/share/vm/prims/jni.cpp, line 709]
Event: 12.781 Thread 0x00007fa3f3801000 Exception <a 'java/io/FileNotFoundException'> (0x00000007964eb948) thrown at [/Users/java_re/workspace/8-2-build-macosx-x86_64/jdk8u151/9699/hotspot/src/share/vm/prims/jni.cpp, line 709]
Event: 12.782 Thread 0x00007fa3f3801000 Exception <a 'java/io/FileNotFoundException'> (0x00000007964ec2d8) thrown at [/Users/java_re/workspace/8-2-build-macosx-x86_64/jdk8u151/9699/hotspot/src/share/vm/prims/jni.cpp, line 709]
Event: 12.782 Thread 0x00007fa3f3801000 Exception <a 'java/io/FileNotFoundException'> (0x00000007964ecb58) thrown at [/Users/java_re/workspace/8-2-build-macosx-x86_64/jdk8u151/9699/hotspot/src/share/vm/prims/jni.cpp, line 709]
Event: 12.786 Thread 0x00007fa3f3801000 Exception <a 'java/io/FileNotFoundException'> (0x00000007964ed850) thrown at [/Users/java_re/workspace/8-2-build-macosx-x86_64/jdk8u151/9699/hotspot/src/share/vm/prims/jni.cpp, line 709]
Event: 12.786 Thread 0x00007fa3f3801000 Exception <a 'java/io/FileNotFoundException'> (0x00000007964ee410) thrown at [/Users/java_re/workspace/8-2-build-macosx-x86_64/jdk8u151/9699/hotspot/src/share/vm/prims/jni.cpp, line 709]
Event: 12.786 Thread 0x00007fa3f3801000 Exception <a 'java/io/FileNotFoundException'> (0x00000007964eeed0) thrown at [/Users/java_re/workspace/8-2-build-macosx-x86_64/jdk8u151/9699/hotspot/src/share/vm/prims/jni.cpp, line 709]
Event: 12.786 Thread 0x00007fa3f3801000 Exception <a 'java/io/FileNotFoundException'> (0x00000007964ef820) thrown at [/Users/java_re/workspace/8-2-build-macosx-x86_64/jdk8u151/9699/hotspot/src/share/vm/prims/jni.cpp, line 709]
Event: 12.786 Thread 0x00007fa3f3801000 Exception <a 'java/io/FileNotFoundException'> (0x00000007964f01b0) thrown at [/Users/java_re/workspace/8-2-build-macosx-x86_64/jdk8u151/9699/hotspot/src/share/vm/prims/jni.cpp, line 709]
Event: 12.786 Thread 0x00007fa3f3801000 Exception <a 'java/io/FileNotFoundException'> (0x00000007964f0a30) thrown at [/Users/java_re/workspace/8-2-build-macosx-x86_64/jdk8u151/9699/hotspot/src/share/vm/prims/jni.cpp, line 709]

Events (10 events):
Event: 14.451 Executing VM operation: RevokeBias done
Event: 14.471 Executing VM operation: RevokeBias
Event: 14.471 Executing VM operation: RevokeBias done
Event: 14.471 Executing VM operation: RevokeBias
Event: 14.471 Executing VM operation: RevokeBias done
Event: 16.501 Executing VM operation: RevokeBias
Event: 16.501 Executing VM operation: RevokeBias done
Event: 16.985 Executing VM operation: RevokeBias
Event: 16.985 Executing VM operation: RevokeBias done
Event: 16.985 Thread 0x00007fa3f3522000 Thread exited: 0x00007fa3f3522000


Dynamic libraries:
0x00000000018d3000 	/System/Library/Frameworks/Cocoa.framework/Versions/A/Cocoa
0x00000000018d3000 	/System/Library/Frameworks/Security.framework/Versions/A/Security
0x00000000018d3000 	/System/Library/Frameworks/ApplicationServices.framework/Versions/A/ApplicationServices
0x00000000018d3000 	/usr/lib/libz.1.dylib
0x00000000018d3000 	/usr/lib/libSystem.B.dylib
0x00000000018d3000 	/usr/lib/libobjc.A.dylib
0x00000000018d3000 	/System/Library/Frameworks/CoreFoundation.framework/Versions/A/CoreFoundation
0x00000000018d3000 	/System/Library/Frameworks/Foundation.framework/Versions/C/Foundation
0x00000000018d3000 	/System/Library/Frameworks/AppKit.framework/Versions/C/AppKit
0x00000000018d3000 	/System/Library/Frameworks/CoreData.framework/Versions/A/CoreData
0x00000000018d3000 	/System/Library/PrivateFrameworks/RemoteViewServices.framework/Versions/A/RemoteViewServices
0x00000000018d3000 	/System/Library/PrivateFrameworks/UIFoundation.framework/Versions/A/UIFoundation
0x00000000018d3000 	/System/Library/PrivateFrameworks/XCTTargetBootstrap.framework/Versions/A/XCTTargetBootstrap
0x00000000018d3000 	/System/Library/Frameworks/CoreDisplay.framework/Versions/A/CoreDisplay
0x00000000018d3000 	/System/Library/PrivateFrameworks/IconServices.framework/Versions/A/IconServices
0x00000000018d3000 	/System/Library/Frameworks/Metal.framework/Versions/A/Metal
0x00000000018d3000 	/System/Library/PrivateFrameworks/DesktopServicesPriv.framework/Versions/A/DesktopServicesPriv
0x00000000018d3000 	/usr/lib/libenergytrace.dylib
0x00000000018d3000 	/System/Library/PrivateFrameworks/SkyLight.framework/Versions/A/SkyLight
0x00000000018d3000 	/System/Library/Frameworks/CoreGraphics.framework/Versions/A/CoreGraphics
0x00000000018d3000 	/System/Library/Frameworks/Accelerate.framework/Versions/A/Accelerate
0x00000000018d3000 	/System/Library/Frameworks/IOSurface.framework/Versions/A/IOSurface
0x00000000018d3000 	/System/Library/PrivateFrameworks/DFRFoundation.framework/Versions/A/DFRFoundation
0x00000000018d3000 	/System/Library/Frameworks/AudioToolbox.framework/Versions/A/AudioToolbox
0x00000000018d3000 	/System/Library/Frameworks/AudioUnit.framework/Versions/A/AudioUnit
0x00000000018d3000 	/System/Library/PrivateFrameworks/DataDetectorsCore.framework/Versions/A/DataDetectorsCore
0x00000000018d3000 	/System/Library/Frameworks/Carbon.framework/Versions/A/Frameworks/HIToolbox.framework/Versions/A/HIToolbox
0x00000000018d3000 	/usr/lib/libicucore.A.dylib
0x00000000018d3000 	/System/Library/Frameworks/QuartzCore.framework/Versions/A/QuartzCore
0x00000000018d3000 	/System/Library/Frameworks/Carbon.framework/Versions/A/Frameworks/SpeechRecognition.framework/Versions/A/SpeechRecognition
0x00000000018d3000 	/usr/lib/libauto.dylib
0x00000000018d3000 	/usr/lib/libxml2.2.dylib
0x00000000018d3000 	/System/Library/PrivateFrameworks/CoreUI.framework/Versions/A/CoreUI
0x00000000018d3000 	/System/Library/Frameworks/CoreAudio.framework/Versions/A/CoreAudio
0x00000000018d3000 	/System/Library/Frameworks/DiskArbitration.framework/Versions/A/DiskArbitration
0x00000000018d3000 	/usr/lib/liblangid.dylib
0x00000000018d3000 	/System/Library/PrivateFrameworks/MultitouchSupport.framework/Versions/A/MultitouchSupport
0x00000000018d3000 	/System/Library/Frameworks/IOKit.framework/Versions/A/IOKit
0x00000000018d3000 	/usr/lib/libDiagnosticMessagesClient.dylib
0x00000000018d3000 	/System/Library/Frameworks/CoreServices.framework/Versions/A/CoreServices
0x00000000018d3000 	/System/Library/PrivateFrameworks/PerformanceAnalysis.framework/Versions/A/PerformanceAnalysis
0x00000000018d3000 	/System/Library/Frameworks/OpenGL.framework/Versions/A/OpenGL
0x00000000018d3000 	/System/Library/Frameworks/ColorSync.framework/Versions/A/ColorSync
0x00000000018d3000 	/System/Library/Frameworks/CoreImage.framework/Versions/A/CoreImage
0x00000000018d3000 	/System/Library/Frameworks/CoreText.framework/Versions/A/CoreText
0x00000000018d3000 	/System/Library/Frameworks/ImageIO.framework/Versions/A/ImageIO
0x00000000018d3000 	/System/Library/PrivateFrameworks/Backup.framework/Versions/A/Backup
0x00000000018d3000 	/usr/lib/libarchive.2.dylib
0x00000000018d3000 	/System/Library/Frameworks/CFNetwork.framework/Versions/A/CFNetwork
0x00000000018d3000 	/System/Library/Frameworks/SystemConfiguration.framework/Versions/A/SystemConfiguration
0x00000000018d3000 	/usr/lib/libCRFSuite.dylib
0x00000000018d3000 	/usr/lib/libc++.1.dylib
0x00000000018d3000 	/usr/lib/libc++abi.dylib
0x00000000018d3000 	/usr/lib/system/libcache.dylib
0x00000000018d3000 	/usr/lib/system/libcommonCrypto.dylib
0x00000000018d3000 	/usr/lib/system/libcompiler_rt.dylib
0x00000000018d3000 	/usr/lib/system/libcopyfile.dylib
0x00000000018d3000 	/usr/lib/system/libcorecrypto.dylib
0x00000000018d3000 	/usr/lib/system/libdispatch.dylib
0x00000000018d3000 	/usr/lib/system/libdyld.dylib
0x00000000018d3000 	/usr/lib/system/libkeymgr.dylib
0x00000000018d3000 	/usr/lib/system/liblaunch.dylib
0x00000000018d3000 	/usr/lib/system/libmacho.dylib
0x00000000018d3000 	/usr/lib/system/libquarantine.dylib
0x00000000018d3000 	/usr/lib/system/libremovefile.dylib
0x00000000018d3000 	/usr/lib/system/libsystem_asl.dylib
0x00000000018d3000 	/usr/lib/system/libsystem_blocks.dylib
0x00000000018d3000 	/usr/lib/system/libsystem_c.dylib
0x00000000018d3000 	/usr/lib/system/libsystem_configuration.dylib
0x00000000018d3000 	/usr/lib/system/libsystem_coreservices.dylib
0x00000000018d3000 	/usr/lib/system/libsystem_darwin.dylib
0x00000000018d3000 	/usr/lib/system/libsystem_dnssd.dylib
0x00000000018d3000 	/usr/lib/system/libsystem_info.dylib
0x00000000018d3000 	/usr/lib/system/libsystem_m.dylib
0x00000000018d3000 	/usr/lib/system/libsystem_malloc.dylib
0x00000000018d3000 	/usr/lib/system/libsystem_networkextension.dylib
0x00000000018d3000 	/usr/lib/system/libsystem_notify.dylib
0x00000000018d3000 	/usr/lib/system/libsystem_sandbox.dylib
0x00000000018d3000 	/usr/lib/system/libsystem_secinit.dylib
0x00000000018d3000 	/usr/lib/system/libsystem_kernel.dylib
0x00000000018d3000 	/usr/lib/system/libsystem_platform.dylib
0x00000000018d3000 	/usr/lib/system/libsystem_pthread.dylib
0x00000000018d3000 	/usr/lib/system/libsystem_symptoms.dylib
0x00000000018d3000 	/usr/lib/system/libsystem_trace.dylib
0x00000000018d3000 	/usr/lib/system/libunwind.dylib
0x00000000018d3000 	/usr/lib/system/libxpc.dylib
0x00000000018d3000 	/usr/lib/libbsm.0.dylib
0x00000000018d3000 	/usr/lib/system/libkxld.dylib
0x00000000018d3000 	/System/Library/PrivateFrameworks/AppleFSCompression.framework/Versions/A/AppleFSCompression
0x00000000018d3000 	/usr/lib/libOpenScriptingUtil.dylib
0x00000000018d3000 	/usr/lib/libcoretls.dylib
0x00000000018d3000 	/usr/lib/libcoretls_cfhelpers.dylib
0x00000000018d3000 	/usr/lib/libpam.2.dylib
0x00000000018d3000 	/usr/lib/libsqlite3.dylib
0x00000000018d3000 	/usr/lib/libxar.1.dylib
0x00000000018d3000 	/usr/lib/libbz2.1.0.dylib
0x00000000018d3000 	/usr/lib/liblzma.5.dylib
0x00000000018d3000 	/usr/lib/libnetwork.dylib
0x00000000018d3000 	/usr/lib/libapple_nghttp2.dylib
0x00000000018d3000 	/usr/lib/libpcap.A.dylib
0x00000000018d3000 	/System/Library/Frameworks/CoreServices.framework/Versions/A/Frameworks/FSEvents.framework/Versions/A/FSEvents
0x00000000018d3000 	/System/Library/Frameworks/CoreServices.framework/Versions/A/Frameworks/CarbonCore.framework/Versions/A/CarbonCore
0x00000000018d3000 	/System/Library/Frameworks/CoreServices.framework/Versions/A/Frameworks/Metadata.framework/Versions/A/Metadata
0x00000000018d3000 	/System/Library/Frameworks/CoreServices.framework/Versions/A/Frameworks/OSServices.framework/Versions/A/OSServices
0x00000000018d3000 	/System/Library/Frameworks/CoreServices.framework/Versions/A/Frameworks/SearchKit.framework/Versions/A/SearchKit
0x00000000018d3000 	/System/Library/Frameworks/CoreServices.framework/Versions/A/Frameworks/AE.framework/Versions/A/AE
0x00000000018d3000 	/System/Library/Frameworks/CoreServices.framework/Versions/A/Frameworks/LaunchServices.framework/Versions/A/LaunchServices
0x00000000018d3000 	/System/Library/Frameworks/CoreServices.framework/Versions/A/Frameworks/DictionaryServices.framework/Versions/A/DictionaryServices
0x00000000018d3000 	/System/Library/Frameworks/CoreServices.framework/Versions/A/Frameworks/SharedFileList.framework/Versions/A/SharedFileList
0x00000000018d3000 	/System/Library/Frameworks/NetFS.framework/Versions/A/NetFS
0x00000000018d3000 	/System/Library/PrivateFrameworks/NetAuth.framework/Versions/A/NetAuth
0x00000000018d3000 	/System/Library/PrivateFrameworks/login.framework/Versions/A/Frameworks/loginsupport.framework/Versions/A/loginsupport
0x00000000018d3000 	/System/Library/PrivateFrameworks/TCC.framework/Versions/A/TCC
0x00000000018d3000 	/System/Library/PrivateFrameworks/CoreNLP.framework/Versions/A/CoreNLP
0x00000000018d3000 	/System/Library/PrivateFrameworks/MetadataUtilities.framework/Versions/A/MetadataUtilities
0x00000000018d3000 	/usr/lib/libmecabra.dylib
0x00000000018d3000 	/System/Library/Frameworks/ApplicationServices.framework/Versions/A/Frameworks/ATS.framework/Versions/A/ATS
0x00000000018d3000 	/System/Library/Frameworks/ApplicationServices.framework/Versions/A/Frameworks/ColorSyncLegacy.framework/Versions/A/ColorSyncLegacy
0x00000000018d3000 	/System/Library/Frameworks/ApplicationServices.framework/Versions/A/Frameworks/HIServices.framework/Versions/A/HIServices
0x00000000018d3000 	/System/Library/Frameworks/ApplicationServices.framework/Versions/A/Frameworks/LangAnalysis.framework/Versions/A/LangAnalysis
0x00000000018d3000 	/System/Library/Frameworks/ApplicationServices.framework/Versions/A/Frameworks/PrintCore.framework/Versions/A/PrintCore
0x00000000018d3000 	/System/Library/Frameworks/ApplicationServices.framework/Versions/A/Frameworks/QD.framework/Versions/A/QD
0x00000000018d3000 	/System/Library/Frameworks/ApplicationServices.framework/Versions/A/Frameworks/SpeechSynthesis.framework/Versions/A/SpeechSynthesis
0x00000000018d3000 	/usr/lib/libcompression.dylib
0x00000000018d3000 	/System/Library/Frameworks/MetalPerformanceShaders.framework/Versions/A/MetalPerformanceShaders
0x00000000018d3000 	/System/Library/Frameworks/Accelerate.framework/Versions/A/Frameworks/vImage.framework/Versions/A/vImage
0x00000000018d3000 	/System/Library/Frameworks/Accelerate.framework/Versions/A/Frameworks/vecLib.framework/Versions/A/vecLib
0x00000000018d3000 	/System/Library/Frameworks/Accelerate.framework/Versions/A/Frameworks/vecLib.framework/Versions/A/libvMisc.dylib
0x00000000018d3000 	/System/Library/Frameworks/Accelerate.framework/Versions/A/Frameworks/vecLib.framework/Versions/A/libvDSP.dylib
0x00000000018d3000 	/System/Library/Frameworks/Accelerate.framework/Versions/A/Frameworks/vecLib.framework/Versions/A/libBLAS.dylib
0x00000000018d3000 	/System/Library/Frameworks/Accelerate.framework/Versions/A/Frameworks/vecLib.framework/Versions/A/libLAPACK.dylib
0x00000000018d3000 	/System/Library/Frameworks/Accelerate.framework/Versions/A/Frameworks/vecLib.framework/Versions/A/libLinearAlgebra.dylib
0x00000000018d3000 	/System/Library/Frameworks/Accelerate.framework/Versions/A/Frameworks/vecLib.framework/Versions/A/libSparseBLAS.dylib
0x00000000018d3000 	/System/Library/Frameworks/Accelerate.framework/Versions/A/Frameworks/vecLib.framework/Versions/A/libQuadrature.dylib
0x00000000018d3000 	/System/Library/Frameworks/Accelerate.framework/Versions/A/Frameworks/vecLib.framework/Versions/A/libBNNS.dylib
0x00000000018d3000 	/System/Library/Frameworks/Accelerate.framework/Versions/A/Frameworks/vecLib.framework/Versions/A/libSparse.dylib
0x00000000018d3000 	/System/Library/PrivateFrameworks/GPUWrangler.framework/Versions/A/GPUWrangler
0x00000000018d3000 	/System/Library/PrivateFrameworks/IOAccelerator.framework/Versions/A/IOAccelerator
0x00000000018d3000 	/System/Library/PrivateFrameworks/IOPresentment.framework/Versions/A/IOPresentment
0x00000000018d3000 	/System/Library/PrivateFrameworks/DSExternalDisplay.framework/Versions/A/DSExternalDisplay
0x00000000018d3000 	/System/Library/Frameworks/OpenGL.framework/Versions/A/Libraries/libCoreFSCache.dylib
0x00000000018d3000 	/System/Library/Frameworks/MetalPerformanceShaders.framework/Frameworks/MPSCore.framework/Versions/A/MPSCore
0x00000000018d3000 	/System/Library/Frameworks/MetalPerformanceShaders.framework/Frameworks/MPSImage.framework/Versions/A/MPSImage
0x00000000018d3000 	/System/Library/Frameworks/MetalPerformanceShaders.framework/Frameworks/MPSNeuralNetwork.framework/Versions/A/MPSNeuralNetwork
0x00000000018d3000 	/System/Library/Frameworks/MetalPerformanceShaders.framework/Frameworks/MPSMatrix.framework/Versions/A/MPSMatrix
0x00000000018d3000 	/System/Library/Frameworks/MetalPerformanceShaders.framework/Frameworks/MPSRayIntersector.framework/Versions/A/MPSRayIntersector
0x00000000018d3000 	/System/Library/PrivateFrameworks/MetalTools.framework/Versions/A/MetalTools
0x00000000018d3000 	/System/Library/PrivateFrameworks/AggregateDictionary.framework/Versions/A/AggregateDictionary
0x00000000018d3000 	/usr/lib/libMobileGestalt.dylib
0x00000000018d3000 	/System/Library/Frameworks/CoreVideo.framework/Versions/A/CoreVideo
0x00000000018d3000 	/System/Library/PrivateFrameworks/GraphVisualizer.framework/Versions/A/GraphVisualizer
0x00000000018d3000 	/System/Library/PrivateFrameworks/FaceCore.framework/Versions/A/FaceCore
0x00000000018d3000 	/System/Library/Frameworks/OpenCL.framework/Versions/A/OpenCL
0x00000000018d3000 	/usr/lib/libFosl_dynamic.dylib
0x00000000018d3000 	/System/Library/PrivateFrameworks/OTSVG.framework/Versions/A/OTSVG
0x00000000018d3000 	/System/Library/Frameworks/ApplicationServices.framework/Versions/A/Frameworks/ATS.framework/Versions/A/Resources/libFontParser.dylib
0x00000000018d3000 	/System/Library/Frameworks/ApplicationServices.framework/Versions/A/Frameworks/ATS.framework/Versions/A/Resources/libFontRegistry.dylib
0x00000000018d3000 	/System/Library/Frameworks/ImageIO.framework/Versions/A/Resources/libJPEG.dylib
0x00000000018d3000 	/System/Library/Frameworks/ImageIO.framework/Versions/A/Resources/libTIFF.dylib
0x00000000018d3000 	/System/Library/Frameworks/ImageIO.framework/Versions/A/Resources/libPng.dylib
0x00000000018d3000 	/System/Library/Frameworks/ImageIO.framework/Versions/A/Resources/libGIF.dylib
0x00000000018d3000 	/System/Library/Frameworks/ImageIO.framework/Versions/A/Resources/libJP2.dylib
0x00000000018d3000 	/System/Library/Frameworks/ImageIO.framework/Versions/A/Resources/libRadiance.dylib
0x00000000018d3000 	/System/Library/PrivateFrameworks/AppleJPEG.framework/Versions/A/AppleJPEG
0x00000000018d3000 	/System/Library/Frameworks/OpenGL.framework/Versions/A/Libraries/libGFXShared.dylib
0x00000000018d3000 	/System/Library/Frameworks/OpenGL.framework/Versions/A/Libraries/libGLU.dylib
0x00000000018d3000 	/System/Library/Frameworks/OpenGL.framework/Versions/A/Libraries/libGL.dylib
0x00000000018d3000 	/System/Library/Frameworks/OpenGL.framework/Versions/A/Libraries/libGLImage.dylib
0x00000000018d3000 	/System/Library/Frameworks/OpenGL.framework/Versions/A/Libraries/libCVMSPluginSupport.dylib
0x00000000018d3000 	/System/Library/Frameworks/OpenGL.framework/Versions/A/Libraries/libCoreVMClient.dylib
0x00000000018d3000 	/usr/lib/libcups.2.dylib
0x00000000018d3000 	/System/Library/Frameworks/Kerberos.framework/Versions/A/Kerberos
0x00000000018d3000 	/System/Library/Frameworks/GSS.framework/Versions/A/GSS
0x00000000018d3000 	/usr/lib/libresolv.9.dylib
0x00000000018d3000 	/usr/lib/libiconv.2.dylib
0x00000000018d3000 	/System/Library/PrivateFrameworks/Heimdal.framework/Versions/A/Heimdal
0x00000000018d3000 	/usr/lib/libheimdal-asn1.dylib
0x00000000018d3000 	/System/Library/Frameworks/OpenDirectory.framework/Versions/A/OpenDirectory
0x00000000018d3000 	/System/Library/PrivateFrameworks/CommonAuth.framework/Versions/A/CommonAuth
0x00000000018d3000 	/System/Library/Frameworks/OpenDirectory.framework/Versions/A/Frameworks/CFOpenDirectory.framework/Versions/A/CFOpenDirectory
0x00000000018d3000 	/System/Library/Frameworks/SecurityFoundation.framework/Versions/A/SecurityFoundation
0x00000000018d3000 	/System/Library/PrivateFrameworks/APFS.framework/Versions/A/APFS
0x00000000018d3000 	/usr/lib/libutil.dylib
0x00000000018d3000 	/usr/lib/libcharset.1.dylib
0x00000000018d3000 	/System/Library/PrivateFrameworks/AppleSauce.framework/Versions/A/AppleSauce
0x00000000018d3000 	/System/Library/PrivateFrameworks/AssertionServices.framework/Versions/A/AssertionServices
0x00000000018d3000 	/System/Library/PrivateFrameworks/BaseBoard.framework/Versions/A/BaseBoard
0x00000000018d3000 	/usr/lib/libmecab.1.0.0.dylib
0x00000000018d3000 	/usr/lib/libgermantok.dylib
0x00000000018d3000 	/usr/lib/libThaiTokenizer.dylib
0x00000000018d3000 	/usr/lib/libChineseTokenizer.dylib
0x00000000018d3000 	/System/Library/PrivateFrameworks/LanguageModeling.framework/Versions/A/LanguageModeling
0x00000000018d3000 	/System/Library/PrivateFrameworks/CoreEmoji.framework/Versions/A/CoreEmoji
0x00000000018d3000 	/System/Library/PrivateFrameworks/Lexicon.framework/Versions/A/Lexicon
0x00000000018d3000 	/System/Library/PrivateFrameworks/LinguisticData.framework/Versions/A/LinguisticData
0x00000000018d3000 	/usr/lib/libcmph.dylib
0x00000000018d3000 	/System/Library/Frameworks/ServiceManagement.framework/Versions/A/ServiceManagement
0x00000000018d3000 	/System/Library/PrivateFrameworks/BackgroundTaskManagement.framework/Versions/A/BackgroundTaskManagement
0x00000000018d3000 	/usr/lib/libxslt.1.dylib
0x00000000018d3000 	/System/Library/Frameworks/Carbon.framework/Versions/A/Frameworks/Ink.framework/Versions/A/Ink
0x00000000018d3000 	/System/Library/PrivateFrameworks/TextureIO.framework/Versions/A/TextureIO
0x00000000018d3000 	/usr/lib/libate.dylib
0x00000000018d3000 	/System/Library/PrivateFrameworks/CrashReporterSupport.framework/Versions/A/CrashReporterSupport
0x00000000018d3000 	/System/Library/PrivateFrameworks/Sharing.framework/Versions/A/Sharing
0x00000000018d3000 	/System/Library/PrivateFrameworks/AuthKit.framework/Versions/A/AuthKit
0x00000000018d3000 	/System/Library/PrivateFrameworks/Apple80211.framework/Versions/A/Apple80211
0x00000000018d3000 	/System/Library/PrivateFrameworks/CoreUtils.framework/Versions/A/CoreUtils
0x00000000018d3000 	/System/Library/Frameworks/CoreWLAN.framework/Versions/A/CoreWLAN
0x00000000018d3000 	/System/Library/Frameworks/IOBluetooth.framework/Versions/A/IOBluetooth
0x00000000018d3000 	/System/Library/PrivateFrameworks/ProtocolBuffer.framework/Versions/A/ProtocolBuffer
0x00000000018d3000 	/System/Library/PrivateFrameworks/MobileKeyBag.framework/Versions/A/MobileKeyBag
0x00000000018d3000 	/System/Library/PrivateFrameworks/CorePhoneNumbers.framework/Versions/A/CorePhoneNumbers
0x00000000018d3000 	/System/Library/PrivateFrameworks/AppleIDAuthSupport.framework/Versions/A/AppleIDAuthSupport
0x00000000018d3000 	/System/Library/PrivateFrameworks/KeychainCircle.framework/Versions/A/KeychainCircle
0x00000000018d3000 	/System/Library/PrivateFrameworks/ROCKit.framework/Versions/A/ROCKit
0x00000000018d3000 	/System/Library/PrivateFrameworks/CoreWiFi.framework/Versions/A/CoreWiFi
0x00000000018d3000 	/System/Library/Frameworks/CoreBluetooth.framework/Versions/A/CoreBluetooth
0x00000000018d3000 	/System/Library/PrivateFrameworks/DebugSymbols.framework/Versions/A/DebugSymbols
0x00000000018d3000 	/System/Library/PrivateFrameworks/CoreSymbolication.framework/Versions/A/CoreSymbolication
0x00000000018d3000 	/System/Library/PrivateFrameworks/Symbolication.framework/Versions/A/Symbolication
0x00000000018d3000 	/System/Library/PrivateFrameworks/SpeechRecognitionCore.framework/Versions/A/SpeechRecognitionCore
0x00000001024cb000 	/Library/Java/JavaVirtualMachines/jdk1.8.0_151.jdk/Contents/Home/jre/lib/server/libjvm.dylib
0x00000000018d3000 	/usr/lib/libstdc++.6.dylib
0x0000000103472000 	/Library/Java/JavaVirtualMachines/jdk1.8.0_151.jdk/Contents/Home/jre/lib/libverify.dylib
0x0000000103480000 	/Library/Java/JavaVirtualMachines/jdk1.8.0_151.jdk/Contents/Home/jre/lib/libjava.dylib
0x00000001034ff000 	/Library/Java/JavaVirtualMachines/jdk1.8.0_151.jdk/Contents/Home/jre/lib/libzip.dylib
0x00000000018d3000 	/System/Library/Frameworks/JavaVM.framework/Versions/A/Frameworks/JavaRuntimeSupport.framework/Versions/A/JavaRuntimeSupport
0x00000000018d3000 	/System/Library/Frameworks/JavaVM.framework/Versions/A/Frameworks/JavaNativeFoundation.framework/Versions/A/JavaNativeFoundation
0x00000000018d3000 	/System/Library/Frameworks/JavaVM.framework/Versions/A/JavaVM
0x00000000018d3000 	/System/Library/Frameworks/Carbon.framework/Versions/A/Carbon
0x00000000018d3000 	/System/Library/PrivateFrameworks/JavaLaunching.framework/Versions/A/JavaLaunching
0x00000000018d3000 	/System/Library/Frameworks/Carbon.framework/Versions/A/Frameworks/CommonPanels.framework/Versions/A/CommonPanels
0x00000000018d3000 	/System/Library/Frameworks/Carbon.framework/Versions/A/Frameworks/Help.framework/Versions/A/Help
0x00000000018d3000 	/System/Library/Frameworks/Carbon.framework/Versions/A/Frameworks/ImageCapture.framework/Versions/A/ImageCapture
0x00000000018d3000 	/System/Library/Frameworks/Carbon.framework/Versions/A/Frameworks/OpenScripting.framework/Versions/A/OpenScripting
0x00000000018d3000 	/System/Library/Frameworks/Carbon.framework/Versions/A/Frameworks/Print.framework/Versions/A/Print
0x00000000018d3000 	/System/Library/Frameworks/Carbon.framework/Versions/A/Frameworks/SecurityHI.framework/Versions/A/SecurityHI
0x000000010c097000 	/Library/Java/JavaVirtualMachines/jdk1.8.0_151.jdk/Contents/Home/jre/lib/libawt.dylib
0x000000010c13f000 	/Library/Java/JavaVirtualMachines/jdk1.8.0_151.jdk/Contents/Home/jre/lib/./libmlib_image.dylib
0x000000010c20b000 	/Library/Java/JavaVirtualMachines/jdk1.8.0_151.jdk/Contents/Home/jre/lib/libawt_lwawt.dylib
0x000000010c2c2000 	/Library/Java/JavaVirtualMachines/jdk1.8.0_151.jdk/Contents/Home/jre/lib/./libosxapp.dylib
0x00000000018d3000 	/System/Library/Frameworks/ExceptionHandling.framework/Versions/A/ExceptionHandling
0x00000000018d3000 	/System/Library/PrivateFrameworks/CoreServicesInternal.framework/Versions/A/CoreServicesInternal
0x00000000018d3000 	/System/Library/CoreServices/RawCamera.bundle/Contents/MacOS/RawCamera
0x00000000018d3000 	/System/Library/PrivateFrameworks/MobileAsset.framework/Versions/A/MobileAsset
0x00000000018d3000 	/System/Library/PrivateFrameworks/StreamingZip.framework/Versions/A/StreamingZip
0x00000000018d3000 	/System/Library/Frameworks/MediaToolbox.framework/Versions/A/MediaToolbox
0x00000000018d3000 	/System/Library/PrivateFrameworks/CoreAVCHD.framework/Versions/A/CoreAVCHD
0x00000000018d3000 	/System/Library/Frameworks/MediaAccessibility.framework/Versions/A/MediaAccessibility
0x00000000018d3000 	/System/Library/PrivateFrameworks/Mangrove.framework/Versions/A/Mangrove
0x00000000018d3000 	/System/Library/Frameworks/CoreMedia.framework/Versions/A/CoreMedia
0x00000000018d3000 	/System/Library/Frameworks/VideoToolbox.framework/Versions/A/VideoToolbox
0x00000000018d3000 	/System/Library/PrivateFrameworks/CoreAUC.framework/Versions/A/CoreAUC
0x00000000018d3000 	/usr/lib/libspindump.dylib
0x00000000018d3000 	/System/Library/PrivateFrameworks/AppleVA.framework/Versions/A/AppleVA
0x00000000018d3000 	/System/Library/Frameworks/Accelerate.framework/Versions/A/Frameworks/vImage.framework/Versions/A/Libraries/libCGInterfaces.dylib
0x00000000018d3000 	/System/Library/Frameworks/ApplicationServices.framework/Versions/A/Frameworks/ATS.framework/Versions/A/Resources/libTrueTypeScaler.dylib
0x00000000018d3000 	/System/Library/Extensions/AppleIntelBDWGraphicsMTLDriver.bundle/Contents/MacOS/AppleIntelBDWGraphicsMTLDriver
0x00000000018d3000 	/System/Library/PrivateFrameworks/GPUCompiler.framework/Versions/3902/Libraries/libmetal_timestamp.dylib
0x00000000018d3000 	/System/Library/PrivateFrameworks/FamilyControls.framework/Versions/A/FamilyControls
0x00000000018d3000 	/System/Library/PrivateFrameworks/CommerceKit.framework/Versions/A/Frameworks/CommerceCore.framework/Versions/A/CommerceCore
0x00000000018d3000 	/System/Library/PrivateFrameworks/SystemAdministration.framework/Versions/A/SystemAdministration
0x00000000018d3000 	/System/Library/PrivateFrameworks/AppContainer.framework/Versions/A/AppContainer
0x00000000018d3000 	/System/Library/PrivateFrameworks/AppSandbox.framework/Versions/A/AppSandbox
0x00000000018d3000 	/System/Library/PrivateFrameworks/SecCodeWrapper.framework/Versions/A/SecCodeWrapper
0x00000000018d3000 	/usr/lib/libsandbox.1.dylib
0x00000000018d3000 	/usr/lib/libMatch.1.dylib
0x00000000018d3000 	/System/Library/PrivateFrameworks/DiskManagement.framework/Versions/A/DiskManagement
0x00000000018d3000 	/System/Library/Frameworks/DirectoryService.framework/Versions/A/DirectoryService
0x00000000018d3000 	/System/Library/PrivateFrameworks/DiskImages.framework/Versions/A/DiskImages
0x00000000018d3000 	/System/Library/PrivateFrameworks/LoginUIKit.framework/Versions/A/Frameworks/LoginUICore.framework/Versions/A/LoginUICore
0x00000000018d3000 	/usr/lib/libCoreStorage.dylib
0x00000000018d3000 	/usr/lib/libcsfde.dylib
0x00000000018d3000 	/usr/lib/libodfde.dylib
0x00000000018d3000 	/System/Library/PrivateFrameworks/MediaKit.framework/Versions/A/MediaKit
0x00000000018d3000 	/System/Library/Frameworks/DiscRecording.framework/Versions/A/DiscRecording
0x00000000018d3000 	/System/Library/PrivateFrameworks/EFILogin.framework/Versions/A/EFILogin
0x00000000018d3000 	/System/Library/PrivateFrameworks/ProtectedCloudStorage.framework/Versions/A/ProtectedCloudStorage
0x00000000018d3000 	/usr/lib/libcurl.4.dylib
0x00000000018d3000 	/usr/lib/libcrypto.42.dylib
0x00000000018d3000 	/usr/lib/libssl.44.dylib
0x00000000018d3000 	/System/Library/Frameworks/LDAP.framework/Versions/A/LDAP
0x00000000018d3000 	/System/Library/PrivateFrameworks/TrustEvaluationAgent.framework/Versions/A/TrustEvaluationAgent
0x00000000018d3000 	/usr/lib/libsasl2.2.dylib
0x00000000018d3000 	/System/Library/PrivateFrameworks/CoreDaemon.framework/Versions/B/CoreDaemon
0x00000000018d3000 	/System/Library/PrivateFrameworks/AppleSRP.framework/Versions/A/AppleSRP
0x00000000018d3000 	/System/Library/PrivateFrameworks/ViewBridge.framework/Versions/A/ViewBridge
0x000000010f439000 	/Library/Java/JavaVirtualMachines/jdk1.8.0_151.jdk/Contents/Home/jre/lib/libfontmanager.dylib
0x000000010f4a0000 	/Library/Java/JavaVirtualMachines/jdk1.8.0_151.jdk/Contents/Home/jre/lib/libjpeg.dylib
0x00000000018d3000 	/System/Library/Frameworks/OpenGL.framework/Versions/A/Resources/GLEngine.bundle/GLEngine
0x00000000018d3000 	/System/Library/Frameworks/OpenGL.framework/Versions/A/Libraries/libGLProgrammability.dylib
0x00000000018d3000 	/System/Library/Extensions/AppleIntelBDWGraphicsGLDriver.bundle/Contents/MacOS/AppleIntelBDWGraphicsGLDriver
0x00000000018d3000 	/System/Library/PrivateFrameworks/GPUSupport.framework/Versions/A/Libraries/libGPUSupportMercury.dylib
0x00000000018d3000 	/System/Library/Frameworks/OpenGL.framework/Versions/A/Resources/GLRendererFloat.bundle/GLRendererFloat
0x00000000018d3000 	/System/Library/Frameworks/OpenCL.framework/Versions/A/Libraries/libcldcpuengine.dylib
0x00000000018d3000 	/usr/lib/libcrypto.35.dylib
0x00000000018d3000 	/System/Library/PrivateFrameworks/Shortcut.framework/Versions/A/Shortcut
0x00000000018d3000 	/System/Library/PrivateFrameworks/HelpData.framework/Versions/A/HelpData
0x000000010ff72000 	/Library/Java/JavaVirtualMachines/jdk1.8.0_151.jdk/Contents/Home/jre/lib/libosxui.dylib
0x0000000110a73000 	/Library/Java/JavaVirtualMachines/jdk1.8.0_151.jdk/Contents/Home/jre/lib/libnet.dylib
0x0000000110a0c000 	/Library/Java/JavaVirtualMachines/jdk1.8.0_151.jdk/Contents/Home/jre/lib/libnio.dylib
0x000000015c43c000 	/usr/lib/libobjc-trampolines.dylib
0x00000000018d3000 	/System/Library/PrivateFrameworks/login.framework/Versions/A/login
0x000000010de0d000 	/Users/nguyen/Downloads/rxtx/lib/librxtxSerial.jnilib

VM Arguments:
jvm_args: -Djava.library.path=/Users/nguyen/Downloads/rxtx/lib -Dfile.encoding=UTF-8 
java_command: com.ngu_software.ca.CAApplication
java_class_path (initial): /Users/nguyen/Projects/Programming/Java/Code Andon/target/classes:/Users/nguyen/Downloads/rxtxcomm-2.2pre2.jar
Launcher Type: SUN_STANDARD

Environment Variables:
PATH=/usr/bin:/bin:/usr/sbin:/sbin
SHELL=/bin/bash
DISPLAY=/private/tmp/com.apple.launchd.aT04h3ukt8/org.macosforge.xquartz:0

Signal Handlers:
SIGSEGV: [libjvm.dylib+0x5b27a5], sa_mask[0]=11111111011111110111111111111111, sa_flags=SA_ONSTACK|SA_RESTART|SA_SIGINFO
SIGBUS: [libjvm.dylib+0x5b27a5], sa_mask[0]=11111111011111110111111111111111, sa_flags=SA_RESTART|SA_SIGINFO
SIGFPE: [libjvm.dylib+0x4891c4], sa_mask[0]=11111111011111110111111111111111, sa_flags=SA_RESTART|SA_SIGINFO
SIGPIPE: [libjvm.dylib+0x4891c4], sa_mask[0]=11111111011111110111111111111111, sa_flags=SA_RESTART|SA_SIGINFO
SIGXFSZ: [libjvm.dylib+0x4891c4], sa_mask[0]=11111111011111110111111111111111, sa_flags=SA_RESTART|SA_SIGINFO
SIGILL: [libjvm.dylib+0x4891c4], sa_mask[0]=11111111011111110111111111111111, sa_flags=SA_RESTART|SA_SIGINFO
SIGUSR1: SIG_DFL, sa_mask[0]=00000000000000000000000000000000, sa_flags=none
SIGUSR2: [libjvm.dylib+0x488ce2], sa_mask[0]=00100000000000000000000000000000, sa_flags=SA_RESTART|SA_SIGINFO
SIGHUP: [libjvm.dylib+0x4872b9], sa_mask[0]=11111111011111110111111111111111, sa_flags=SA_RESTART|SA_SIGINFO
SIGINT: [libjvm.dylib+0x4872b9], sa_mask[0]=11111111011111110111111111111111, sa_flags=SA_RESTART|SA_SIGINFO
SIGTERM: [libjvm.dylib+0x4872b9], sa_mask[0]=11111111011111110111111111111111, sa_flags=SA_RESTART|SA_SIGINFO
SIGQUIT: [libjvm.dylib+0x4872b9], sa_mask[0]=11111111011111110111111111111111, sa_flags=SA_RESTART|SA_SIGINFO


---------------  S Y S T E M  ---------------

OS:Bsduname:Darwin 18.7.0 Darwin Kernel Version 18.7.0: Tue Aug 20 16:57:14 PDT 2019; root:xnu-4903.271.2~2/RELEASE_X86_64 x86_64
rlimit: STACK 8192k, CORE 0k, NPROC 2048, NOFILE 8192, AS infinity
load average:2.27 2.15 2.20

CPU:total 4 (initial active 4) (2 cores per cpu, 2 threads per core) family 6 model 61 stepping 4, cmov, cx8, fxsr, mmx, sse, sse2, sse3, ssse3, sse4.1, sse4.2, popcnt, avx, avx2, aes, clmul, erms, 3dnowpref, lzcnt, ht, tsc, tscinvbit, bmi1, bmi2, adx

Memory: 4k page, physical 8388608k(28360k free)

/proc/meminfo:


vm_info: Java HotSpot(TM) 64-Bit Server VM (25.151-b12) for bsd-amd64 JRE (1.8.0_151-b12), built on Sep  5 2017 19:37:08 by "java_re" with gcc 4.2.1 (Based on Apple Inc. build 5658) (LLVM build 2336.11.00)

time: Fri Feb  5 00:19:10 2021
elapsed time: 17 seconds (0d 0h 0m 17s)

