#
# A fatal error has been detected by the Java Runtime Environment:
#
#  SIGSEGV (0xb) at pc=0x00000001279ff12f, pid=40948, tid=0x000000000000d907
#
# JRE version: Java(TM) SE Runtime Environment (8.0_151-b12) (build 1.8.0_151-b12)
# Java VM: Java HotSpot(TM) 64-Bit Server VM (25.151-b12 mixed mode bsd-amd64 compressed oops)
# Problematic frame:
# C  [librxtxSerial.jnilib+0x312f]  Java_gnu_io_RXTXPort_interruptEventLoop+0x6b
#
# Failed to write core dump. Core dumps have been disabled. To enable core dumping, try "ulimit -c unlimited" before starting Java again
#
# If you would like to submit a bug report, please visit:
#   http://bugreport.java.com/bugreport/crash.jsp
# The crash happened outside the Java Virtual Machine in native code.
# See problematic frame for where to report the bug.
#

---------------  T H R E A D  ---------------

Current thread (0x00007fc090935000):  JavaThread "AWT-EventQueue-0" [_thread_in_native, id=55559, stack(0x000070000f2a3000,0x000070000f3a3000)]

siginfo: si_signo: 11 (SIGSEGV), si_code: 1 (SEGV_MAPERR), si_addr: 0x000070000f4a5888

Registers:
RAX=0x0000000000000000, RBX=0x000070000f4a5720, RCX=0x000070000f3a30ac, RDX=0xffffffffffffffff
RSP=0x000070000f3a0990, RBP=0x000070000f3a09a0, RSI=0x0000000000000000, RDI=0x000000000000003c
R8 =0x0000000000000000, R9 =0x0000000002faf080, R10=0x0000000000000001, R11=0x0000000000000247
R12=0x000000000000000d, R13=0x0000000120e56768, R14=0x000070000f3a0a18, R15=0x00007fc090935000
RIP=0x00000001279ff12f, EFLAGS=0x0000000000010202, ERR=0x0000000000000004
  TRAPNO=0x000000000000000e

Top of Stack: (sp=0x000070000f3a0990)
0x000070000f3a0990:   0000000120e56768 0000000000000000
0x000070000f3a09a0:   000070000f3a09f8 000000010d0249f4
0x000070000f3a09b0:   000000010d024742 000070000f3a09b8
0x000070000f3a09c0:   0000000120e56768 000070000f3a0a18
0x000070000f3a09d0:   0000000120e62230 0000000000000000
0x000070000f3a09e0:   0000000120e56768 0000000000000000
0x000070000f3a09f0:   000070000f3a0a18 000070000f3a0a60
0x000070000f3a0a00:   000000010d0152bd 0000000000000000
0x000070000f3a0a10:   000000010d01e538 0000000795ce5880
0x000070000f3a0a20:   000070000f3a0a20 0000000120e56c0f
0x000070000f3a0a30:   000070000f3a0a78 0000000120e62230
0x000070000f3a0a40:   0000000000000000 0000000120e56c78
0x000070000f3a0a50:   000070000f3a0a18 000070000f3a0a78
0x000070000f3a0a60:   000070000f3a0ad0 000000010d0152bd
0x000070000f3a0a70:   0000000000000000 0000000795ce5880
0x000070000f3a0a80:   0000000000000001 0000000795c6d748
0x000070000f3a0a90:   000070000f3a0a80 0000000120e0c299
0x000070000f3a0aa0:   000070000f3a0ae8 0000000120e4c428
0x000070000f3a0ab0:   0000000000000000 0000000120e0c2e0
0x000070000f3a0ac0:   000070000f3a0a78 000070000f3a0ae8
0x000070000f3a0ad0:   000070000f3a0b30 000000010d0152bd
0x000070000f3a0ae0:   0000000000000000 0000000795c6d748
0x000070000f3a0af0:   000070000f3a0af0 0000000120c0f41a
0x000070000f3a0b00:   000070000f3a0b48 0000000120c0f808
0x000070000f3a0b10:   0000000000000000 0000000120c0f450
0x000070000f3a0b20:   000070000f3a0ae8 000070000f3a0b40
0x000070000f3a0b30:   000070000f3a0b90 000000010d0152bd
0x000070000f3a0b40:   0000000795cf08d8 00000007955f81e8
0x000070000f3a0b50:   000070000f3a0b50 0000000120c98745
0x000070000f3a0b60:   000070000f3a0ba8 0000000120c98828
0x000070000f3a0b70:   0000000000000000 0000000120c98758
0x000070000f3a0b80:   000070000f3a0b40 000070000f3a0ba0 

Instructions: (pc=0x00000001279ff12f)
0x00000001279ff10f:   00 01 00 00 00 48 8b bb 78 01 00 00 be 06 00 00
0x00000001279ff11f:   00 e8 4d 27 00 00 bf 50 c3 00 00 e8 c7 27 00 00
0x00000001279ff12f:   83 bb 68 01 00 00 01 74 16 48 8b bb 78 01 00 00
0x00000001279ff13f:   e8 16 27 00 00 c7 83 68 01 00 00 01 00 00 00 5b 

Register to memory mapping:

RAX=0x0000000000000000 is an unknown value
RBX=0x000070000f4a5720 is an unknown value
RCX=0x000070000f3a30ac is an unknown value
RDX=0xffffffffffffffff is an unknown value
RSP=0x000070000f3a0990 is pointing into the stack for thread: 0x00007fc090935000
RBP=0x000070000f3a09a0 is pointing into the stack for thread: 0x00007fc090935000
RSI=0x0000000000000000 is an unknown value
RDI=0x000000000000003c is an unknown value
R8 =0x0000000000000000 is an unknown value
R9 =0x0000000002faf080 is an unknown value
R10=0x0000000000000001 is an unknown value
R11=0x0000000000000247 is an unknown value
R12=0x000000000000000d is an unknown value
R13={method} {0x0000000120e56768} 'interruptEventLoop' '()V' in 'gnu/io/RXTXPort'
R14=0x000070000f3a0a18 is pointing into the stack for thread: 0x00007fc090935000
R15=0x00007fc090935000 is a thread


Stack: [0x000070000f2a3000,0x000070000f3a3000],  sp=0x000070000f3a0990,  free space=1014k
Native frames: (J=compiled Java code, j=interpreted, Vv=VM code, C=native code)
C  [librxtxSerial.jnilib+0x312f]  Java_gnu_io_RXTXPort_interruptEventLoop+0x6b
j  gnu.io.RXTXPort.interruptEventLoop()V+0
j  gnu.io.RXTXPort.removeEventListener()V+55
j  com.ngu_software.ca.controller.ArduinoResolver.close()V+33
j  com.ngu_software.ca.ui.CAMenu.lambda$0(Ljava/awt/event/ActionEvent;)V+114
j  com.ngu_software.ca.ui.CAMenu$$Lambda$4.actionPerformed(Ljava/awt/event/ActionEvent;)V+5
j  java.awt.MenuItem.processActionEvent(Ljava/awt/event/ActionEvent;)V+11
j  java.awt.MenuItem.processEvent(Ljava/awt/AWTEvent;)V+12
j  java.awt.MenuComponent.dispatchEventImpl(Ljava/awt/AWTEvent;)V+58
j  java.awt.MenuComponent.dispatchEvent(Ljava/awt/AWTEvent;)V+2
j  java.awt.EventQueue.dispatchEventImpl(Ljava/awt/AWTEvent;Ljava/lang/Object;)V+63
j  java.awt.EventQueue.access$500(Ljava/awt/EventQueue;Ljava/awt/AWTEvent;Ljava/lang/Object;)V+3
j  java.awt.EventQueue$3.run()Ljava/lang/Void;+32
j  java.awt.EventQueue$3.run()Ljava/lang/Object;+1
v  ~StubRoutines::call_stub
V  [libjvm.dylib+0x2ee9aa]
V  [libjvm.dylib+0x34f108]
J 221  java.security.AccessController.doPrivileged(Ljava/security/PrivilegedAction;Ljava/security/AccessControlContext;)Ljava/lang/Object; (0 bytes) @ 0x000000010d182e55 [0x000000010d182d80+0xd5]
j  java.security.ProtectionDomain$JavaSecurityAccessImpl.doIntersectionPrivilege(Ljava/security/PrivilegedAction;Ljava/security/AccessControlContext;Ljava/security/AccessControlContext;)Ljava/lang/Object;+18
j  java.security.ProtectionDomain$JavaSecurityAccessImpl.doIntersectionPrivilege(Ljava/security/PrivilegedAction;Ljava/security/AccessControlContext;)Ljava/lang/Object;+6
j  java.awt.EventQueue$4.run()Ljava/lang/Void;+11
j  java.awt.EventQueue$4.run()Ljava/lang/Object;+1
v  ~StubRoutines::call_stub
V  [libjvm.dylib+0x2ee9aa]
V  [libjvm.dylib+0x34f108]
J 221  java.security.AccessController.doPrivileged(Ljava/security/PrivilegedAction;Ljava/security/AccessControlContext;)Ljava/lang/Object; (0 bytes) @ 0x000000010d182e55 [0x000000010d182d80+0xd5]
j  java.security.ProtectionDomain$JavaSecurityAccessImpl.doIntersectionPrivilege(Ljava/security/PrivilegedAction;Ljava/security/AccessControlContext;Ljava/security/AccessControlContext;)Ljava/lang/Object;+18
j  java.awt.EventQueue.dispatchEvent(Ljava/awt/AWTEvent;)V+73
j  java.awt.EventDispatchThread.pumpOneEventForFilters(I)V+245
j  java.awt.EventDispatchThread.pumpEventsForFilter(ILjava/awt/Conditional;Ljava/awt/EventFilter;)V+35
j  java.awt.EventDispatchThread.pumpEventsForHierarchy(ILjava/awt/Conditional;Ljava/awt/Component;)V+11
j  java.awt.EventDispatchThread.pumpEvents(ILjava/awt/Conditional;)V+4
j  java.awt.EventDispatchThread.pumpEvents(Ljava/awt/Conditional;)V+3
j  java.awt.EventDispatchThread.run()V+9
v  ~StubRoutines::call_stub
V  [libjvm.dylib+0x2ee9aa]
V  [libjvm.dylib+0x2ef14e]
V  [libjvm.dylib+0x2ef2fa]
V  [libjvm.dylib+0x349a51]
V  [libjvm.dylib+0x56c173]
V  [libjvm.dylib+0x56d860]
V  [libjvm.dylib+0x48bbb2]
C  [libsystem_pthread.dylib+0x32eb]  _pthread_body+0x7e
C  [libsystem_pthread.dylib+0x6249]  _pthread_start+0x42
C  [libsystem_pthread.dylib+0x240d]  thread_start+0xd
C  0x0000000000000000

Java frames: (J=compiled Java code, j=interpreted, Vv=VM code)
j  gnu.io.RXTXPort.interruptEventLoop()V+0
j  gnu.io.RXTXPort.removeEventListener()V+55
j  com.ngu_software.ca.controller.ArduinoResolver.close()V+33
j  com.ngu_software.ca.ui.CAMenu.lambda$0(Ljava/awt/event/ActionEvent;)V+114
j  com.ngu_software.ca.ui.CAMenu$$Lambda$4.actionPerformed(Ljava/awt/event/ActionEvent;)V+5
j  java.awt.MenuItem.processActionEvent(Ljava/awt/event/ActionEvent;)V+11
j  java.awt.MenuItem.processEvent(Ljava/awt/AWTEvent;)V+12
j  java.awt.MenuComponent.dispatchEventImpl(Ljava/awt/AWTEvent;)V+58
j  java.awt.MenuComponent.dispatchEvent(Ljava/awt/AWTEvent;)V+2
j  java.awt.EventQueue.dispatchEventImpl(Ljava/awt/AWTEvent;Ljava/lang/Object;)V+63
j  java.awt.EventQueue.access$500(Ljava/awt/EventQueue;Ljava/awt/AWTEvent;Ljava/lang/Object;)V+3
j  java.awt.EventQueue$3.run()Ljava/lang/Void;+32
j  java.awt.EventQueue$3.run()Ljava/lang/Object;+1
v  ~StubRoutines::call_stub
J 221  java.security.AccessController.doPrivileged(Ljava/security/PrivilegedAction;Ljava/security/AccessControlContext;)Ljava/lang/Object; (0 bytes) @ 0x000000010d182de3 [0x000000010d182d80+0x63]
j  java.security.ProtectionDomain$JavaSecurityAccessImpl.doIntersectionPrivilege(Ljava/security/PrivilegedAction;Ljava/security/AccessControlContext;Ljava/security/AccessControlContext;)Ljava/lang/Object;+18
j  java.security.ProtectionDomain$JavaSecurityAccessImpl.doIntersectionPrivilege(Ljava/security/PrivilegedAction;Ljava/security/AccessControlContext;)Ljava/lang/Object;+6
j  java.awt.EventQueue$4.run()Ljava/lang/Void;+11
j  java.awt.EventQueue$4.run()Ljava/lang/Object;+1
v  ~StubRoutines::call_stub
J 221  java.security.AccessController.doPrivileged(Ljava/security/PrivilegedAction;Ljava/security/AccessControlContext;)Ljava/lang/Object; (0 bytes) @ 0x000000010d182de3 [0x000000010d182d80+0x63]
j  java.security.ProtectionDomain$JavaSecurityAccessImpl.doIntersectionPrivilege(Ljava/security/PrivilegedAction;Ljava/security/AccessControlContext;Ljava/security/AccessControlContext;)Ljava/lang/Object;+18
j  java.awt.EventQueue.dispatchEvent(Ljava/awt/AWTEvent;)V+73
j  java.awt.EventDispatchThread.pumpOneEventForFilters(I)V+245
j  java.awt.EventDispatchThread.pumpEventsForFilter(ILjava/awt/Conditional;Ljava/awt/EventFilter;)V+35
j  java.awt.EventDispatchThread.pumpEventsForHierarchy(ILjava/awt/Conditional;Ljava/awt/Component;)V+11
j  java.awt.EventDispatchThread.pumpEvents(ILjava/awt/Conditional;)V+4
j  java.awt.EventDispatchThread.pumpEvents(Ljava/awt/Conditional;)V+3
j  java.awt.EventDispatchThread.run()V+9
v  ~StubRoutines::call_stub

---------------  P R O C E S S  ---------------

Java Threads: ( => current thread )
=>0x00007fc090935000 JavaThread "AWT-EventQueue-0" [_thread_in_native, id=55559, stack(0x000070000f2a3000,0x000070000f3a3000)]
  0x00007fc0911fc800 JavaThread "DestroyJavaVM" [_thread_blocked, id=6147, stack(0x000070000de61000,0x000070000df61000)]
  0x00007fc09091d000 JavaThread "Java2D Disposer" daemon [_thread_blocked, id=53263, stack(0x000070000f1a0000,0x000070000f2a0000)]
  0x00007fc090102800 JavaThread "Java2D Queue Flusher" daemon [_thread_blocked, id=82187, stack(0x000070000f09d000,0x000070000f19d000)]
  0x00007fc0908aa000 JavaThread "AWT-Shutdown" [_thread_blocked, id=26411, stack(0x000070000ed0e000,0x000070000ee0e000)]
  0x00007fc091153800 JavaThread "AppKit Thread" daemon [_thread_in_native, id=775, stack(0x00007ffee45ee000,0x00007ffee4dee000)]
  0x00007fc09081c000 JavaThread "Service Thread" daemon [_thread_blocked, id=15107, stack(0x000070000ea85000,0x000070000eb85000)]
  0x00007fc09080f000 JavaThread "C1 CompilerThread2" daemon [_thread_blocked, id=18691, stack(0x000070000e982000,0x000070000ea82000)]
  0x00007fc09080e000 JavaThread "C2 CompilerThread1" daemon [_thread_blocked, id=18947, stack(0x000070000e87f000,0x000070000e97f000)]
  0x00007fc09080c800 JavaThread "C2 CompilerThread0" daemon [_thread_blocked, id=14083, stack(0x000070000e77c000,0x000070000e87c000)]
  0x00007fc091844800 JavaThread "Signal Dispatcher" daemon [_thread_blocked, id=19203, stack(0x000070000e679000,0x000070000e779000)]
  0x00007fc091841800 JavaThread "Finalizer" daemon [_thread_blocked, id=20483, stack(0x000070000e576000,0x000070000e676000)]
  0x00007fc09183f000 JavaThread "Reference Handler" daemon [_thread_blocked, id=20995, stack(0x000070000e473000,0x000070000e573000)]

Other Threads:
  0x00007fc090801000 VMThread [stack: 0x000070000e370000,0x000070000e470000] [id=11779]
  0x00007fc090027000 WatcherThread [stack: 0x000070000eb88000,0x000070000ec88000] [id=18179]

VM state:not at safepoint (normal execution)

VM Mutex/Monitor currently owned by a thread: None

Heap:
 PSYoungGen      total 38400K, used 8289K [0x0000000795580000, 0x0000000798000000, 0x00000007c0000000)
  eden space 33280K, 24% used [0x0000000795580000,0x0000000795d98518,0x0000000797600000)
  from space 5120K, 0% used [0x0000000797b00000,0x0000000797b00000,0x0000000798000000)
  to   space 5120K, 0% used [0x0000000797600000,0x0000000797600000,0x0000000797b00000)
 ParOldGen       total 87552K, used 0K [0x0000000740000000, 0x0000000745580000, 0x0000000795580000)
  object space 87552K, 0% used [0x0000000740000000,0x0000000740000000,0x0000000745580000)
 Metaspace       used 7302K, capacity 7546K, committed 7680K, reserved 1056768K
  class space    used 861K, capacity 957K, committed 1024K, reserved 1048576K

Card table byte_map: [0x000000011c00d000,0x000000011c40e000] byte_map_base: 0x000000011860d000

Marking Bits: (ParMarkBitMap*) 0x000000010c9595d0
 Begin Bits: [0x000000011c40e000, 0x000000011e40e000)
 End Bits:   [0x000000011e40e000, 0x000000012040e000)

Polling page: 0x000000010ae8a000

CodeCache: size=245760Kb used=1873Kb max_used=1873Kb free=243886Kb
 bounds [0x000000010d00d000, 0x000000010d27d000, 0x000000011c00d000]
 total_blobs=779 nmethods=359 adapters=334
 compilation: enabled

Compilation events (10 events):
Event: 5.909 Thread 0x00007fc09080f000  354       3       java.nio.Buffer::position (43 bytes)
Event: 5.909 Thread 0x00007fc09080f000 nmethod 354 0x000000010d1e0090 code [0x000000010d1e0200, 0x000000010d1e04c8]
Event: 5.909 Thread 0x00007fc09080f000  355       3       java.nio.CharBuffer::arrayOffset (35 bytes)
Event: 5.909 Thread 0x00007fc09080f000 nmethod 355 0x000000010d1e0590 code [0x000000010d1e0720, 0x000000010d1e09f8]
Event: 6.449 Thread 0x00007fc09080f000  357       3       java.nio.charset.CoderResult::isUnderflow (13 bytes)
Event: 6.449 Thread 0x00007fc09080f000 nmethod 357 0x000000010d1e0e90 code [0x000000010d1e1000, 0x000000010d1e11b0]
Event: 7.451 Thread 0x00007fc09080f000  358       3       java.nio.ByteBuffer::array (35 bytes)
Event: 7.451 Thread 0x00007fc09080f000 nmethod 358 0x000000010d1e1210 code [0x000000010d1e13a0, 0x000000010d1e1658]
Event: 7.860 Thread 0x00007fc09080f000  359       1       java.util.concurrent.locks.AbstractOwnableSynchronizer::getExclusiveOwnerThread (5 bytes)
Event: 7.861 Thread 0x00007fc09080f000 nmethod 359 0x000000010d1e1790 code [0x000000010d1e18e0, 0x000000010d1e19f0]

GC Heap History (0 events):
No events

Deoptimization events (0 events):
No events

Internal exceptions (10 events):
Event: 2.731 Thread 0x00007fc090935000 Exception <a 'java/io/FileNotFoundException'> (0x0000000795cc0390) thrown at [/Users/java_re/workspace/8-2-build-macosx-x86_64/jdk8u151/9699/hotspot/src/share/vm/prims/jni.cpp, line 709]
Event: 2.731 Thread 0x00007fc090935000 Exception <a 'java/io/FileNotFoundException'> (0x0000000795cc0ce0) thrown at [/Users/java_re/workspace/8-2-build-macosx-x86_64/jdk8u151/9699/hotspot/src/share/vm/prims/jni.cpp, line 709]
Event: 2.731 Thread 0x00007fc090935000 Exception <a 'java/io/FileNotFoundException'> (0x0000000795cc1670) thrown at [/Users/java_re/workspace/8-2-build-macosx-x86_64/jdk8u151/9699/hotspot/src/share/vm/prims/jni.cpp, line 709]
Event: 2.731 Thread 0x00007fc090935000 Exception <a 'java/io/FileNotFoundException'> (0x0000000795cc1ef0) thrown at [/Users/java_re/workspace/8-2-build-macosx-x86_64/jdk8u151/9699/hotspot/src/share/vm/prims/jni.cpp, line 709]
Event: 2.736 Thread 0x00007fc090935000 Exception <a 'java/io/FileNotFoundException'> (0x0000000795cc2be8) thrown at [/Users/java_re/workspace/8-2-build-macosx-x86_64/jdk8u151/9699/hotspot/src/share/vm/prims/jni.cpp, line 709]
Event: 2.736 Thread 0x00007fc090935000 Exception <a 'java/io/FileNotFoundException'> (0x0000000795cc37a8) thrown at [/Users/java_re/workspace/8-2-build-macosx-x86_64/jdk8u151/9699/hotspot/src/share/vm/prims/jni.cpp, line 709]
Event: 2.736 Thread 0x00007fc090935000 Exception <a 'java/io/FileNotFoundException'> (0x0000000795cc4268) thrown at [/Users/java_re/workspace/8-2-build-macosx-x86_64/jdk8u151/9699/hotspot/src/share/vm/prims/jni.cpp, line 709]
Event: 2.736 Thread 0x00007fc090935000 Exception <a 'java/io/FileNotFoundException'> (0x0000000795cc4bb8) thrown at [/Users/java_re/workspace/8-2-build-macosx-x86_64/jdk8u151/9699/hotspot/src/share/vm/prims/jni.cpp, line 709]
Event: 2.736 Thread 0x00007fc090935000 Exception <a 'java/io/FileNotFoundException'> (0x0000000795cc5548) thrown at [/Users/java_re/workspace/8-2-build-macosx-x86_64/jdk8u151/9699/hotspot/src/share/vm/prims/jni.cpp, line 709]
Event: 2.736 Thread 0x00007fc090935000 Exception <a 'java/io/FileNotFoundException'> (0x0000000795cc5dc8) thrown at [/Users/java_re/workspace/8-2-build-macosx-x86_64/jdk8u151/9699/hotspot/src/share/vm/prims/jni.cpp, line 709]

Events (10 events):
Event: 2.740 loading class gnu/io/UnSupportedLoggerException done
Event: 2.745 loading class gnu/io/RXTXPort$MonitorThread
Event: 2.745 loading class gnu/io/RXTXPort$MonitorThread done
Event: 2.745 Thread 0x00007fc0911f3000 Thread added: 0x00007fc0911f3000
Event: 4.116 Executing VM operation: EnableBiasedLocking
Event: 4.116 Executing VM operation: EnableBiasedLocking done
Event: 4.401 loading class gnu/io/SerialPortEvent
Event: 4.401 loading class gnu/io/SerialPortEvent done
Event: 5.410 Thread 0x00007fc0900e1800 Thread exited: 0x00007fc0900e1800
Event: 7.861 Thread 0x00007fc0911f3000 Thread exited: 0x00007fc0911f3000


Dynamic libraries:
0x00000000018d3000 	/System/Library/Frameworks/Cocoa.framework/Versions/A/Cocoa
0x00000000018d3000 	/System/Library/Frameworks/Security.framework/Versions/A/Security
0x00000000018d3000 	/System/Library/Frameworks/ApplicationServices.framework/Versions/A/ApplicationServices
0x00000000018d3000 	/usr/lib/libz.1.dylib
0x00000000018d3000 	/usr/lib/libSystem.B.dylib
0x00000000018d3000 	/usr/lib/libobjc.A.dylib
0x00000000018d3000 	/System/Library/Frameworks/CoreFoundation.framework/Versions/A/CoreFoundation
0x00000000018d3000 	/System/Library/Frameworks/Foundation.framework/Versions/C/Foundation
0x00000000018d3000 	/System/Library/Frameworks/AppKit.framework/Versions/C/AppKit
0x00000000018d3000 	/System/Library/Frameworks/CoreData.framework/Versions/A/CoreData
0x00000000018d3000 	/System/Library/PrivateFrameworks/RemoteViewServices.framework/Versions/A/RemoteViewServices
0x00000000018d3000 	/System/Library/PrivateFrameworks/UIFoundation.framework/Versions/A/UIFoundation
0x00000000018d3000 	/System/Library/PrivateFrameworks/XCTTargetBootstrap.framework/Versions/A/XCTTargetBootstrap
0x00000000018d3000 	/System/Library/Frameworks/CoreDisplay.framework/Versions/A/CoreDisplay
0x00000000018d3000 	/System/Library/PrivateFrameworks/IconServices.framework/Versions/A/IconServices
0x00000000018d3000 	/System/Library/Frameworks/Metal.framework/Versions/A/Metal
0x00000000018d3000 	/System/Library/PrivateFrameworks/DesktopServicesPriv.framework/Versions/A/DesktopServicesPriv
0x00000000018d3000 	/usr/lib/libenergytrace.dylib
0x00000000018d3000 	/System/Library/PrivateFrameworks/SkyLight.framework/Versions/A/SkyLight
0x00000000018d3000 	/System/Library/Frameworks/CoreGraphics.framework/Versions/A/CoreGraphics
0x00000000018d3000 	/System/Library/Frameworks/Accelerate.framework/Versions/A/Accelerate
0x00000000018d3000 	/System/Library/Frameworks/IOSurface.framework/Versions/A/IOSurface
0x00000000018d3000 	/System/Library/PrivateFrameworks/DFRFoundation.framework/Versions/A/DFRFoundation
0x00000000018d3000 	/System/Library/Frameworks/AudioToolbox.framework/Versions/A/AudioToolbox
0x00000000018d3000 	/System/Library/Frameworks/AudioUnit.framework/Versions/A/AudioUnit
0x00000000018d3000 	/System/Library/PrivateFrameworks/DataDetectorsCore.framework/Versions/A/DataDetectorsCore
0x00000000018d3000 	/System/Library/Frameworks/Carbon.framework/Versions/A/Frameworks/HIToolbox.framework/Versions/A/HIToolbox
0x00000000018d3000 	/usr/lib/libicucore.A.dylib
0x00000000018d3000 	/System/Library/Frameworks/QuartzCore.framework/Versions/A/QuartzCore
0x00000000018d3000 	/System/Library/Frameworks/Carbon.framework/Versions/A/Frameworks/SpeechRecognition.framework/Versions/A/SpeechRecognition
0x00000000018d3000 	/usr/lib/libauto.dylib
0x00000000018d3000 	/usr/lib/libxml2.2.dylib
0x00000000018d3000 	/System/Library/PrivateFrameworks/CoreUI.framework/Versions/A/CoreUI
0x00000000018d3000 	/System/Library/Frameworks/CoreAudio.framework/Versions/A/CoreAudio
0x00000000018d3000 	/System/Library/Frameworks/DiskArbitration.framework/Versions/A/DiskArbitration
0x00000000018d3000 	/usr/lib/liblangid.dylib
0x00000000018d3000 	/System/Library/PrivateFrameworks/MultitouchSupport.framework/Versions/A/MultitouchSupport
0x00000000018d3000 	/System/Library/Frameworks/IOKit.framework/Versions/A/IOKit
0x00000000018d3000 	/usr/lib/libDiagnosticMessagesClient.dylib
0x00000000018d3000 	/System/Library/Frameworks/CoreServices.framework/Versions/A/CoreServices
0x00000000018d3000 	/System/Library/PrivateFrameworks/PerformanceAnalysis.framework/Versions/A/PerformanceAnalysis
0x00000000018d3000 	/System/Library/Frameworks/OpenGL.framework/Versions/A/OpenGL
0x00000000018d3000 	/System/Library/Frameworks/ColorSync.framework/Versions/A/ColorSync
0x00000000018d3000 	/System/Library/Frameworks/CoreImage.framework/Versions/A/CoreImage
0x00000000018d3000 	/System/Library/Frameworks/CoreText.framework/Versions/A/CoreText
0x00000000018d3000 	/System/Library/Frameworks/ImageIO.framework/Versions/A/ImageIO
0x00000000018d3000 	/System/Library/PrivateFrameworks/Backup.framework/Versions/A/Backup
0x00000000018d3000 	/usr/lib/libarchive.2.dylib
0x00000000018d3000 	/System/Library/Frameworks/CFNetwork.framework/Versions/A/CFNetwork
0x00000000018d3000 	/System/Library/Frameworks/SystemConfiguration.framework/Versions/A/SystemConfiguration
0x00000000018d3000 	/usr/lib/libCRFSuite.dylib
0x00000000018d3000 	/usr/lib/libc++.1.dylib
0x00000000018d3000 	/usr/lib/libc++abi.dylib
0x00000000018d3000 	/usr/lib/system/libcache.dylib
0x00000000018d3000 	/usr/lib/system/libcommonCrypto.dylib
0x00000000018d3000 	/usr/lib/system/libcompiler_rt.dylib
0x00000000018d3000 	/usr/lib/system/libcopyfile.dylib
0x00000000018d3000 	/usr/lib/system/libcorecrypto.dylib
0x00000000018d3000 	/usr/lib/system/libdispatch.dylib
0x00000000018d3000 	/usr/lib/system/libdyld.dylib
0x00000000018d3000 	/usr/lib/system/libkeymgr.dylib
0x00000000018d3000 	/usr/lib/system/liblaunch.dylib
0x00000000018d3000 	/usr/lib/system/libmacho.dylib
0x00000000018d3000 	/usr/lib/system/libquarantine.dylib
0x00000000018d3000 	/usr/lib/system/libremovefile.dylib
0x00000000018d3000 	/usr/lib/system/libsystem_asl.dylib
0x00000000018d3000 	/usr/lib/system/libsystem_blocks.dylib
0x00000000018d3000 	/usr/lib/system/libsystem_c.dylib
0x00000000018d3000 	/usr/lib/system/libsystem_configuration.dylib
0x00000000018d3000 	/usr/lib/system/libsystem_coreservices.dylib
0x00000000018d3000 	/usr/lib/system/libsystem_darwin.dylib
0x00000000018d3000 	/usr/lib/system/libsystem_dnssd.dylib
0x00000000018d3000 	/usr/lib/system/libsystem_info.dylib
0x00000000018d3000 	/usr/lib/system/libsystem_m.dylib
0x00000000018d3000 	/usr/lib/system/libsystem_malloc.dylib
0x00000000018d3000 	/usr/lib/system/libsystem_networkextension.dylib
0x00000000018d3000 	/usr/lib/system/libsystem_notify.dylib
0x00000000018d3000 	/usr/lib/system/libsystem_sandbox.dylib
0x00000000018d3000 	/usr/lib/system/libsystem_secinit.dylib
0x00000000018d3000 	/usr/lib/system/libsystem_kernel.dylib
0x00000000018d3000 	/usr/lib/system/libsystem_platform.dylib
0x00000000018d3000 	/usr/lib/system/libsystem_pthread.dylib
0x00000000018d3000 	/usr/lib/system/libsystem_symptoms.dylib
0x00000000018d3000 	/usr/lib/system/libsystem_trace.dylib
0x00000000018d3000 	/usr/lib/system/libunwind.dylib
0x00000000018d3000 	/usr/lib/system/libxpc.dylib
0x00000000018d3000 	/usr/lib/libbsm.0.dylib
0x00000000018d3000 	/usr/lib/system/libkxld.dylib
0x00000000018d3000 	/System/Library/PrivateFrameworks/AppleFSCompression.framework/Versions/A/AppleFSCompression
0x00000000018d3000 	/usr/lib/libOpenScriptingUtil.dylib
0x00000000018d3000 	/usr/lib/libcoretls.dylib
0x00000000018d3000 	/usr/lib/libcoretls_cfhelpers.dylib
0x00000000018d3000 	/usr/lib/libpam.2.dylib
0x00000000018d3000 	/usr/lib/libsqlite3.dylib
0x00000000018d3000 	/usr/lib/libxar.1.dylib
0x00000000018d3000 	/usr/lib/libbz2.1.0.dylib
0x00000000018d3000 	/usr/lib/liblzma.5.dylib
0x00000000018d3000 	/usr/lib/libnetwork.dylib
0x00000000018d3000 	/usr/lib/libapple_nghttp2.dylib
0x00000000018d3000 	/usr/lib/libpcap.A.dylib
0x00000000018d3000 	/System/Library/Frameworks/CoreServices.framework/Versions/A/Frameworks/FSEvents.framework/Versions/A/FSEvents
0x00000000018d3000 	/System/Library/Frameworks/CoreServices.framework/Versions/A/Frameworks/CarbonCore.framework/Versions/A/CarbonCore
0x00000000018d3000 	/System/Library/Frameworks/CoreServices.framework/Versions/A/Frameworks/Metadata.framework/Versions/A/Metadata
0x00000000018d3000 	/System/Library/Frameworks/CoreServices.framework/Versions/A/Frameworks/OSServices.framework/Versions/A/OSServices
0x00000000018d3000 	/System/Library/Frameworks/CoreServices.framework/Versions/A/Frameworks/SearchKit.framework/Versions/A/SearchKit
0x00000000018d3000 	/System/Library/Frameworks/CoreServices.framework/Versions/A/Frameworks/AE.framework/Versions/A/AE
0x00000000018d3000 	/System/Library/Frameworks/CoreServices.framework/Versions/A/Frameworks/LaunchServices.framework/Versions/A/LaunchServices
0x00000000018d3000 	/System/Library/Frameworks/CoreServices.framework/Versions/A/Frameworks/DictionaryServices.framework/Versions/A/DictionaryServices
0x00000000018d3000 	/System/Library/Frameworks/CoreServices.framework/Versions/A/Frameworks/SharedFileList.framework/Versions/A/SharedFileList
0x00000000018d3000 	/System/Library/Frameworks/NetFS.framework/Versions/A/NetFS
0x00000000018d3000 	/System/Library/PrivateFrameworks/NetAuth.framework/Versions/A/NetAuth
0x00000000018d3000 	/System/Library/PrivateFrameworks/login.framework/Versions/A/Frameworks/loginsupport.framework/Versions/A/loginsupport
0x00000000018d3000 	/System/Library/PrivateFrameworks/TCC.framework/Versions/A/TCC
0x00000000018d3000 	/System/Library/PrivateFrameworks/CoreNLP.framework/Versions/A/CoreNLP
0x00000000018d3000 	/System/Library/PrivateFrameworks/MetadataUtilities.framework/Versions/A/MetadataUtilities
0x00000000018d3000 	/usr/lib/libmecabra.dylib
0x00000000018d3000 	/System/Library/Frameworks/ApplicationServices.framework/Versions/A/Frameworks/ATS.framework/Versions/A/ATS
0x00000000018d3000 	/System/Library/Frameworks/ApplicationServices.framework/Versions/A/Frameworks/ColorSyncLegacy.framework/Versions/A/ColorSyncLegacy
0x00000000018d3000 	/System/Library/Frameworks/ApplicationServices.framework/Versions/A/Frameworks/HIServices.framework/Versions/A/HIServices
0x00000000018d3000 	/System/Library/Frameworks/ApplicationServices.framework/Versions/A/Frameworks/LangAnalysis.framework/Versions/A/LangAnalysis
0x00000000018d3000 	/System/Library/Frameworks/ApplicationServices.framework/Versions/A/Frameworks/PrintCore.framework/Versions/A/PrintCore
0x00000000018d3000 	/System/Library/Frameworks/ApplicationServices.framework/Versions/A/Frameworks/QD.framework/Versions/A/QD
0x00000000018d3000 	/System/Library/Frameworks/ApplicationServices.framework/Versions/A/Frameworks/SpeechSynthesis.framework/Versions/A/SpeechSynthesis
0x00000000018d3000 	/usr/lib/libcompression.dylib
0x00000000018d3000 	/System/Library/Frameworks/MetalPerformanceShaders.framework/Versions/A/MetalPerformanceShaders
0x00000000018d3000 	/System/Library/Frameworks/Accelerate.framework/Versions/A/Frameworks/vImage.framework/Versions/A/vImage
0x00000000018d3000 	/System/Library/Frameworks/Accelerate.framework/Versions/A/Frameworks/vecLib.framework/Versions/A/vecLib
0x00000000018d3000 	/System/Library/Frameworks/Accelerate.framework/Versions/A/Frameworks/vecLib.framework/Versions/A/libvMisc.dylib
0x00000000018d3000 	/System/Library/Frameworks/Accelerate.framework/Versions/A/Frameworks/vecLib.framework/Versions/A/libvDSP.dylib
0x00000000018d3000 	/System/Library/Frameworks/Accelerate.framework/Versions/A/Frameworks/vecLib.framework/Versions/A/libBLAS.dylib
0x00000000018d3000 	/System/Library/Frameworks/Accelerate.framework/Versions/A/Frameworks/vecLib.framework/Versions/A/libLAPACK.dylib
0x00000000018d3000 	/System/Library/Frameworks/Accelerate.framework/Versions/A/Frameworks/vecLib.framework/Versions/A/libLinearAlgebra.dylib
0x00000000018d3000 	/System/Library/Frameworks/Accelerate.framework/Versions/A/Frameworks/vecLib.framework/Versions/A/libSparseBLAS.dylib
0x00000000018d3000 	/System/Library/Frameworks/Accelerate.framework/Versions/A/Frameworks/vecLib.framework/Versions/A/libQuadrature.dylib
0x00000000018d3000 	/System/Library/Frameworks/Accelerate.framework/Versions/A/Frameworks/vecLib.framework/Versions/A/libBNNS.dylib
0x00000000018d3000 	/System/Library/Frameworks/Accelerate.framework/Versions/A/Frameworks/vecLib.framework/Versions/A/libSparse.dylib
0x00000000018d3000 	/System/Library/PrivateFrameworks/GPUWrangler.framework/Versions/A/GPUWrangler
0x00000000018d3000 	/System/Library/PrivateFrameworks/IOAccelerator.framework/Versions/A/IOAccelerator
0x00000000018d3000 	/System/Library/PrivateFrameworks/IOPresentment.framework/Versions/A/IOPresentment
0x00000000018d3000 	/System/Library/PrivateFrameworks/DSExternalDisplay.framework/Versions/A/DSExternalDisplay
0x00000000018d3000 	/System/Library/Frameworks/OpenGL.framework/Versions/A/Libraries/libCoreFSCache.dylib
0x00000000018d3000 	/System/Library/Frameworks/MetalPerformanceShaders.framework/Frameworks/MPSCore.framework/Versions/A/MPSCore
0x00000000018d3000 	/System/Library/Frameworks/MetalPerformanceShaders.framework/Frameworks/MPSImage.framework/Versions/A/MPSImage
0x00000000018d3000 	/System/Library/Frameworks/MetalPerformanceShaders.framework/Frameworks/MPSNeuralNetwork.framework/Versions/A/MPSNeuralNetwork
0x00000000018d3000 	/System/Library/Frameworks/MetalPerformanceShaders.framework/Frameworks/MPSMatrix.framework/Versions/A/MPSMatrix
0x00000000018d3000 	/System/Library/Frameworks/MetalPerformanceShaders.framework/Frameworks/MPSRayIntersector.framework/Versions/A/MPSRayIntersector
0x00000000018d3000 	/System/Library/PrivateFrameworks/MetalTools.framework/Versions/A/MetalTools
0x00000000018d3000 	/System/Library/PrivateFrameworks/AggregateDictionary.framework/Versions/A/AggregateDictionary
0x00000000018d3000 	/usr/lib/libMobileGestalt.dylib
0x00000000018d3000 	/System/Library/Frameworks/CoreVideo.framework/Versions/A/CoreVideo
0x00000000018d3000 	/System/Library/PrivateFrameworks/GraphVisualizer.framework/Versions/A/GraphVisualizer
0x00000000018d3000 	/System/Library/PrivateFrameworks/FaceCore.framework/Versions/A/FaceCore
0x00000000018d3000 	/System/Library/Frameworks/OpenCL.framework/Versions/A/OpenCL
0x00000000018d3000 	/usr/lib/libFosl_dynamic.dylib
0x00000000018d3000 	/System/Library/PrivateFrameworks/OTSVG.framework/Versions/A/OTSVG
0x00000000018d3000 	/System/Library/Frameworks/ApplicationServices.framework/Versions/A/Frameworks/ATS.framework/Versions/A/Resources/libFontParser.dylib
0x00000000018d3000 	/System/Library/Frameworks/ApplicationServices.framework/Versions/A/Frameworks/ATS.framework/Versions/A/Resources/libFontRegistry.dylib
0x00000000018d3000 	/System/Library/Frameworks/ImageIO.framework/Versions/A/Resources/libJPEG.dylib
0x00000000018d3000 	/System/Library/Frameworks/ImageIO.framework/Versions/A/Resources/libTIFF.dylib
0x00000000018d3000 	/System/Library/Frameworks/ImageIO.framework/Versions/A/Resources/libPng.dylib
0x00000000018d3000 	/System/Library/Frameworks/ImageIO.framework/Versions/A/Resources/libGIF.dylib
0x00000000018d3000 	/System/Library/Frameworks/ImageIO.framework/Versions/A/Resources/libJP2.dylib
0x00000000018d3000 	/System/Library/Frameworks/ImageIO.framework/Versions/A/Resources/libRadiance.dylib
0x00000000018d3000 	/System/Library/PrivateFrameworks/AppleJPEG.framework/Versions/A/AppleJPEG
0x00000000018d3000 	/System/Library/Frameworks/OpenGL.framework/Versions/A/Libraries/libGFXShared.dylib
0x00000000018d3000 	/System/Library/Frameworks/OpenGL.framework/Versions/A/Libraries/libGLU.dylib
0x00000000018d3000 	/System/Library/Frameworks/OpenGL.framework/Versions/A/Libraries/libGL.dylib
0x00000000018d3000 	/System/Library/Frameworks/OpenGL.framework/Versions/A/Libraries/libGLImage.dylib
0x00000000018d3000 	/System/Library/Frameworks/OpenGL.framework/Versions/A/Libraries/libCVMSPluginSupport.dylib
0x00000000018d3000 	/System/Library/Frameworks/OpenGL.framework/Versions/A/Libraries/libCoreVMClient.dylib
0x00000000018d3000 	/usr/lib/libcups.2.dylib
0x00000000018d3000 	/System/Library/Frameworks/Kerberos.framework/Versions/A/Kerberos
0x00000000018d3000 	/System/Library/Frameworks/GSS.framework/Versions/A/GSS
0x00000000018d3000 	/usr/lib/libresolv.9.dylib
0x00000000018d3000 	/usr/lib/libiconv.2.dylib
0x00000000018d3000 	/System/Library/PrivateFrameworks/Heimdal.framework/Versions/A/Heimdal
0x00000000018d3000 	/usr/lib/libheimdal-asn1.dylib
0x00000000018d3000 	/System/Library/Frameworks/OpenDirectory.framework/Versions/A/OpenDirectory
0x00000000018d3000 	/System/Library/PrivateFrameworks/CommonAuth.framework/Versions/A/CommonAuth
0x00000000018d3000 	/System/Library/Frameworks/OpenDirectory.framework/Versions/A/Frameworks/CFOpenDirectory.framework/Versions/A/CFOpenDirectory
0x00000000018d3000 	/System/Library/Frameworks/SecurityFoundation.framework/Versions/A/SecurityFoundation
0x00000000018d3000 	/System/Library/PrivateFrameworks/APFS.framework/Versions/A/APFS
0x00000000018d3000 	/usr/lib/libutil.dylib
0x00000000018d3000 	/usr/lib/libcharset.1.dylib
0x00000000018d3000 	/System/Library/PrivateFrameworks/AppleSauce.framework/Versions/A/AppleSauce
0x00000000018d3000 	/System/Library/PrivateFrameworks/AssertionServices.framework/Versions/A/AssertionServices
0x00000000018d3000 	/System/Library/PrivateFrameworks/BaseBoard.framework/Versions/A/BaseBoard
0x00000000018d3000 	/usr/lib/libmecab.1.0.0.dylib
0x00000000018d3000 	/usr/lib/libgermantok.dylib
0x00000000018d3000 	/usr/lib/libThaiTokenizer.dylib
0x00000000018d3000 	/usr/lib/libChineseTokenizer.dylib
0x00000000018d3000 	/System/Library/PrivateFrameworks/LanguageModeling.framework/Versions/A/LanguageModeling
0x00000000018d3000 	/System/Library/PrivateFrameworks/CoreEmoji.framework/Versions/A/CoreEmoji
0x00000000018d3000 	/System/Library/PrivateFrameworks/Lexicon.framework/Versions/A/Lexicon
0x00000000018d3000 	/System/Library/PrivateFrameworks/LinguisticData.framework/Versions/A/LinguisticData
0x00000000018d3000 	/usr/lib/libcmph.dylib
0x00000000018d3000 	/System/Library/Frameworks/ServiceManagement.framework/Versions/A/ServiceManagement
0x00000000018d3000 	/System/Library/PrivateFrameworks/BackgroundTaskManagement.framework/Versions/A/BackgroundTaskManagement
0x00000000018d3000 	/usr/lib/libxslt.1.dylib
0x00000000018d3000 	/System/Library/Frameworks/Carbon.framework/Versions/A/Frameworks/Ink.framework/Versions/A/Ink
0x00000000018d3000 	/System/Library/PrivateFrameworks/TextureIO.framework/Versions/A/TextureIO
0x00000000018d3000 	/usr/lib/libate.dylib
0x00000000018d3000 	/System/Library/PrivateFrameworks/CrashReporterSupport.framework/Versions/A/CrashReporterSupport
0x00000000018d3000 	/System/Library/PrivateFrameworks/Sharing.framework/Versions/A/Sharing
0x00000000018d3000 	/System/Library/PrivateFrameworks/AuthKit.framework/Versions/A/AuthKit
0x00000000018d3000 	/System/Library/PrivateFrameworks/Apple80211.framework/Versions/A/Apple80211
0x00000000018d3000 	/System/Library/PrivateFrameworks/CoreUtils.framework/Versions/A/CoreUtils
0x00000000018d3000 	/System/Library/Frameworks/CoreWLAN.framework/Versions/A/CoreWLAN
0x00000000018d3000 	/System/Library/Frameworks/IOBluetooth.framework/Versions/A/IOBluetooth
0x00000000018d3000 	/System/Library/PrivateFrameworks/ProtocolBuffer.framework/Versions/A/ProtocolBuffer
0x00000000018d3000 	/System/Library/PrivateFrameworks/MobileKeyBag.framework/Versions/A/MobileKeyBag
0x00000000018d3000 	/System/Library/PrivateFrameworks/CorePhoneNumbers.framework/Versions/A/CorePhoneNumbers
0x00000000018d3000 	/System/Library/PrivateFrameworks/AppleIDAuthSupport.framework/Versions/A/AppleIDAuthSupport
0x00000000018d3000 	/System/Library/PrivateFrameworks/KeychainCircle.framework/Versions/A/KeychainCircle
0x00000000018d3000 	/System/Library/PrivateFrameworks/ROCKit.framework/Versions/A/ROCKit
0x00000000018d3000 	/System/Library/PrivateFrameworks/CoreWiFi.framework/Versions/A/CoreWiFi
0x00000000018d3000 	/System/Library/Frameworks/CoreBluetooth.framework/Versions/A/CoreBluetooth
0x00000000018d3000 	/System/Library/PrivateFrameworks/DebugSymbols.framework/Versions/A/DebugSymbols
0x00000000018d3000 	/System/Library/PrivateFrameworks/CoreSymbolication.framework/Versions/A/CoreSymbolication
0x00000000018d3000 	/System/Library/PrivateFrameworks/Symbolication.framework/Versions/A/Symbolication
0x00000000018d3000 	/System/Library/PrivateFrameworks/SpeechRecognitionCore.framework/Versions/A/SpeechRecognitionCore
0x000000010c066000 	/Library/Java/JavaVirtualMachines/jdk1.8.0_151.jdk/Contents/Home/jre/lib/server/libjvm.dylib
0x00000000018d3000 	/usr/lib/libstdc++.6.dylib
0x000000010ae47000 	/Library/Java/JavaVirtualMachines/jdk1.8.0_151.jdk/Contents/Home/jre/lib/libverify.dylib
0x000000010ae55000 	/Library/Java/JavaVirtualMachines/jdk1.8.0_151.jdk/Contents/Home/jre/lib/libjava.dylib
0x000000010aed4000 	/Library/Java/JavaVirtualMachines/jdk1.8.0_151.jdk/Contents/Home/jre/lib/libzip.dylib
0x00000000018d3000 	/System/Library/Frameworks/JavaVM.framework/Versions/A/Frameworks/JavaRuntimeSupport.framework/Versions/A/JavaRuntimeSupport
0x00000000018d3000 	/System/Library/Frameworks/JavaVM.framework/Versions/A/Frameworks/JavaNativeFoundation.framework/Versions/A/JavaNativeFoundation
0x00000000018d3000 	/System/Library/Frameworks/JavaVM.framework/Versions/A/JavaVM
0x00000000018d3000 	/System/Library/Frameworks/Carbon.framework/Versions/A/Carbon
0x00000000018d3000 	/System/Library/PrivateFrameworks/JavaLaunching.framework/Versions/A/JavaLaunching
0x00000000018d3000 	/System/Library/Frameworks/Carbon.framework/Versions/A/Frameworks/CommonPanels.framework/Versions/A/CommonPanels
0x00000000018d3000 	/System/Library/Frameworks/Carbon.framework/Versions/A/Frameworks/Help.framework/Versions/A/Help
0x00000000018d3000 	/System/Library/Frameworks/Carbon.framework/Versions/A/Frameworks/ImageCapture.framework/Versions/A/ImageCapture
0x00000000018d3000 	/System/Library/Frameworks/Carbon.framework/Versions/A/Frameworks/OpenScripting.framework/Versions/A/OpenScripting
0x00000000018d3000 	/System/Library/Frameworks/Carbon.framework/Versions/A/Frameworks/Print.framework/Versions/A/Print
0x00000000018d3000 	/System/Library/Frameworks/Carbon.framework/Versions/A/Frameworks/SecurityHI.framework/Versions/A/SecurityHI
0x0000000123ae5000 	/Library/Java/JavaVirtualMachines/jdk1.8.0_151.jdk/Contents/Home/jre/lib/libawt.dylib
0x0000000123b8d000 	/Library/Java/JavaVirtualMachines/jdk1.8.0_151.jdk/Contents/Home/jre/lib/./libmlib_image.dylib
0x0000000123c59000 	/Library/Java/JavaVirtualMachines/jdk1.8.0_151.jdk/Contents/Home/jre/lib/libawt_lwawt.dylib
0x0000000123d10000 	/Library/Java/JavaVirtualMachines/jdk1.8.0_151.jdk/Contents/Home/jre/lib/./libosxapp.dylib
0x00000000018d3000 	/System/Library/Frameworks/ExceptionHandling.framework/Versions/A/ExceptionHandling
0x00000000018d3000 	/System/Library/PrivateFrameworks/CoreServicesInternal.framework/Versions/A/CoreServicesInternal
0x00000000018d3000 	/System/Library/CoreServices/RawCamera.bundle/Contents/MacOS/RawCamera
0x00000000018d3000 	/System/Library/PrivateFrameworks/MobileAsset.framework/Versions/A/MobileAsset
0x00000000018d3000 	/System/Library/PrivateFrameworks/StreamingZip.framework/Versions/A/StreamingZip
0x00000000018d3000 	/System/Library/Frameworks/MediaToolbox.framework/Versions/A/MediaToolbox
0x00000000018d3000 	/System/Library/PrivateFrameworks/CoreAVCHD.framework/Versions/A/CoreAVCHD
0x00000000018d3000 	/System/Library/Frameworks/MediaAccessibility.framework/Versions/A/MediaAccessibility
0x00000000018d3000 	/System/Library/PrivateFrameworks/Mangrove.framework/Versions/A/Mangrove
0x00000000018d3000 	/System/Library/Frameworks/CoreMedia.framework/Versions/A/CoreMedia
0x00000000018d3000 	/System/Library/Frameworks/VideoToolbox.framework/Versions/A/VideoToolbox
0x00000000018d3000 	/System/Library/PrivateFrameworks/CoreAUC.framework/Versions/A/CoreAUC
0x00000000018d3000 	/usr/lib/libspindump.dylib
0x00000000018d3000 	/System/Library/PrivateFrameworks/AppleVA.framework/Versions/A/AppleVA
0x00000000018d3000 	/System/Library/Frameworks/Accelerate.framework/Versions/A/Frameworks/vImage.framework/Versions/A/Libraries/libCGInterfaces.dylib
0x00000000018d3000 	/System/Library/Frameworks/ApplicationServices.framework/Versions/A/Frameworks/ATS.framework/Versions/A/Resources/libTrueTypeScaler.dylib
0x00000000018d3000 	/System/Library/Extensions/AppleIntelBDWGraphicsMTLDriver.bundle/Contents/MacOS/AppleIntelBDWGraphicsMTLDriver
0x00000000018d3000 	/System/Library/PrivateFrameworks/GPUCompiler.framework/Versions/3902/Libraries/libmetal_timestamp.dylib
0x00000000018d3000 	/System/Library/PrivateFrameworks/FamilyControls.framework/Versions/A/FamilyControls
0x00000000018d3000 	/System/Library/PrivateFrameworks/CommerceKit.framework/Versions/A/Frameworks/CommerceCore.framework/Versions/A/CommerceCore
0x00000000018d3000 	/System/Library/PrivateFrameworks/SystemAdministration.framework/Versions/A/SystemAdministration
0x00000000018d3000 	/System/Library/PrivateFrameworks/AppContainer.framework/Versions/A/AppContainer
0x00000000018d3000 	/System/Library/PrivateFrameworks/AppSandbox.framework/Versions/A/AppSandbox
0x00000000018d3000 	/System/Library/PrivateFrameworks/SecCodeWrapper.framework/Versions/A/SecCodeWrapper
0x00000000018d3000 	/usr/lib/libsandbox.1.dylib
0x00000000018d3000 	/usr/lib/libMatch.1.dylib
0x00000000018d3000 	/System/Library/PrivateFrameworks/DiskManagement.framework/Versions/A/DiskManagement
0x00000000018d3000 	/System/Library/Frameworks/DirectoryService.framework/Versions/A/DirectoryService
0x00000000018d3000 	/System/Library/PrivateFrameworks/DiskImages.framework/Versions/A/DiskImages
0x00000000018d3000 	/System/Library/PrivateFrameworks/LoginUIKit.framework/Versions/A/Frameworks/LoginUICore.framework/Versions/A/LoginUICore
0x00000000018d3000 	/usr/lib/libCoreStorage.dylib
0x00000000018d3000 	/usr/lib/libcsfde.dylib
0x00000000018d3000 	/usr/lib/libodfde.dylib
0x00000000018d3000 	/System/Library/PrivateFrameworks/MediaKit.framework/Versions/A/MediaKit
0x00000000018d3000 	/System/Library/Frameworks/DiscRecording.framework/Versions/A/DiscRecording
0x00000000018d3000 	/System/Library/PrivateFrameworks/EFILogin.framework/Versions/A/EFILogin
0x00000000018d3000 	/System/Library/PrivateFrameworks/ProtectedCloudStorage.framework/Versions/A/ProtectedCloudStorage
0x00000000018d3000 	/usr/lib/libcurl.4.dylib
0x00000000018d3000 	/usr/lib/libcrypto.42.dylib
0x00000000018d3000 	/usr/lib/libssl.44.dylib
0x00000000018d3000 	/System/Library/Frameworks/LDAP.framework/Versions/A/LDAP
0x00000000018d3000 	/System/Library/PrivateFrameworks/TrustEvaluationAgent.framework/Versions/A/TrustEvaluationAgent
0x00000000018d3000 	/usr/lib/libsasl2.2.dylib
0x00000000018d3000 	/System/Library/PrivateFrameworks/CoreDaemon.framework/Versions/B/CoreDaemon
0x00000000018d3000 	/System/Library/PrivateFrameworks/AppleSRP.framework/Versions/A/AppleSRP
0x00000000018d3000 	/System/Library/PrivateFrameworks/ViewBridge.framework/Versions/A/ViewBridge
0x0000000126ea1000 	/Library/Java/JavaVirtualMachines/jdk1.8.0_151.jdk/Contents/Home/jre/lib/libfontmanager.dylib
0x0000000126f08000 	/Library/Java/JavaVirtualMachines/jdk1.8.0_151.jdk/Contents/Home/jre/lib/libjpeg.dylib
0x00000000018d3000 	/System/Library/Frameworks/OpenGL.framework/Versions/A/Resources/GLEngine.bundle/GLEngine
0x00000000018d3000 	/System/Library/Frameworks/OpenGL.framework/Versions/A/Libraries/libGLProgrammability.dylib
0x00000000018d3000 	/System/Library/Extensions/AppleIntelBDWGraphicsGLDriver.bundle/Contents/MacOS/AppleIntelBDWGraphicsGLDriver
0x00000000018d3000 	/System/Library/PrivateFrameworks/GPUSupport.framework/Versions/A/Libraries/libGPUSupportMercury.dylib
0x00000000018d3000 	/System/Library/Frameworks/OpenGL.framework/Versions/A/Resources/GLRendererFloat.bundle/GLRendererFloat
0x00000000018d3000 	/System/Library/Frameworks/OpenCL.framework/Versions/A/Libraries/libcldcpuengine.dylib
0x00000000018d3000 	/usr/lib/libcrypto.35.dylib
0x00000000018d3000 	/System/Library/PrivateFrameworks/Shortcut.framework/Versions/A/Shortcut
0x00000000018d3000 	/System/Library/PrivateFrameworks/HelpData.framework/Versions/A/HelpData
0x00000001279fc000 	/Users/nguyen/Downloads/rxtx/lib/librxtxSerial.jnilib

VM Arguments:
jvm_args: -Djava.library.path=/Users/nguyen/Downloads/rxtx/lib -Dfile.encoding=UTF-8 
java_command: com.ngu_software.ca.CAApplication
java_class_path (initial): /Users/nguyen/Projects/Programming/Java/Code Andon/target/classes:/Users/nguyen/Downloads/rxtxcomm-2.2pre2.jar
Launcher Type: SUN_STANDARD

Environment Variables:
PATH=/usr/bin:/bin:/usr/sbin:/sbin
SHELL=/bin/bash
DISPLAY=/private/tmp/com.apple.launchd.aT04h3ukt8/org.macosforge.xquartz:0

Signal Handlers:
SIGSEGV: [libjvm.dylib+0x5b27a5], sa_mask[0]=11111111011111110111111111111111, sa_flags=SA_ONSTACK|SA_RESTART|SA_SIGINFO
SIGBUS: [libjvm.dylib+0x5b27a5], sa_mask[0]=11111111011111110111111111111111, sa_flags=SA_RESTART|SA_SIGINFO
SIGFPE: [libjvm.dylib+0x4891c4], sa_mask[0]=11111111011111110111111111111111, sa_flags=SA_RESTART|SA_SIGINFO
SIGPIPE: [libjvm.dylib+0x4891c4], sa_mask[0]=11111111011111110111111111111111, sa_flags=SA_RESTART|SA_SIGINFO
SIGXFSZ: [libjvm.dylib+0x4891c4], sa_mask[0]=11111111011111110111111111111111, sa_flags=SA_RESTART|SA_SIGINFO
SIGILL: [libjvm.dylib+0x4891c4], sa_mask[0]=11111111011111110111111111111111, sa_flags=SA_RESTART|SA_SIGINFO
SIGUSR1: SIG_DFL, sa_mask[0]=00000000000000000000000000000000, sa_flags=none
SIGUSR2: [libjvm.dylib+0x488ce2], sa_mask[0]=00100000000000000000000000000000, sa_flags=SA_RESTART|SA_SIGINFO
SIGHUP: [libjvm.dylib+0x4872b9], sa_mask[0]=11111111011111110111111111111111, sa_flags=SA_RESTART|SA_SIGINFO
SIGINT: [libjvm.dylib+0x4872b9], sa_mask[0]=11111111011111110111111111111111, sa_flags=SA_RESTART|SA_SIGINFO
SIGTERM: [libjvm.dylib+0x4872b9], sa_mask[0]=11111111011111110111111111111111, sa_flags=SA_RESTART|SA_SIGINFO
SIGQUIT: [libjvm.dylib+0x4872b9], sa_mask[0]=11111111011111110111111111111111, sa_flags=SA_RESTART|SA_SIGINFO


---------------  S Y S T E M  ---------------

OS:Bsduname:Darwin 18.7.0 Darwin Kernel Version 18.7.0: Tue Aug 20 16:57:14 PDT 2019; root:xnu-4903.271.2~2/RELEASE_X86_64 x86_64
rlimit: STACK 8192k, CORE 0k, NPROC 2048, NOFILE 8192, AS infinity
load average:3.10 2.32 2.24

CPU:total 4 (initial active 4) (2 cores per cpu, 2 threads per core) family 6 model 61 stepping 4, cmov, cx8, fxsr, mmx, sse, sse2, sse3, ssse3, sse4.1, sse4.2, popcnt, avx, avx2, aes, clmul, erms, 3dnowpref, lzcnt, ht, tsc, tscinvbit, bmi1, bmi2, adx

Memory: 4k page, physical 8388608k(44700k free)

/proc/meminfo:


vm_info: Java HotSpot(TM) 64-Bit Server VM (25.151-b12) for bsd-amd64 JRE (1.8.0_151-b12), built on Sep  5 2017 19:37:08 by "java_re" with gcc 4.2.1 (Based on Apple Inc. build 5658) (LLVM build 2336.11.00)

time: Fri Feb  5 00:22:17 2021
elapsed time: 7 seconds (0d 0h 0m 7s)

